This is pdfTeX, Version 3.14159265-2.6-1.40.15 (TeX Live 2014) (preloaded format=pdflatex 2014.5.25)  12 SEP 2016 12:31
entering extended mode
 restricted \write18 enabled.
 file:line:error style messages enabled.
 %&-line parsing enabled.
**manuscript-plos-gen-2.tex
(./manuscript-plos-gen-2.tex
LaTeX2e <2014/05/01>
Babel <3.9k> and hyphenation patterns for 78 languages loaded.
(/usr/local/texlive/2014/texmf-dist/tex/latex/base/article.cls
Document Class: article 2007/10/19 v1.4h Standard LaTeX document class
(/usr/local/texlive/2014/texmf-dist/tex/latex/base/size10.clo
File: size10.clo 2007/10/19 v1.4h Standard LaTeX file (size option)
)
\c@part=\count79
\c@section=\count80
\c@subsection=\count81
\c@subsubsection=\count82
\c@paragraph=\count83
\c@subparagraph=\count84
\c@figure=\count85
\c@table=\count86
\abovecaptionskip=\skip41
\belowcaptionskip=\skip42
\bibindent=\dimen102
)
(/usr/local/texlive/2014/texmf-dist/tex/latex/geometry/geometry.sty
Package: geometry 2010/09/12 v5.6 Page Geometry

(/usr/local/texlive/2014/texmf-dist/tex/latex/graphics/keyval.sty
Package: keyval 2014/05/08 v1.15 key=value parser (DPC)
\KV@toks@=\toks14
)
(/usr/local/texlive/2014/texmf-dist/tex/generic/oberdiek/ifpdf.sty
Package: ifpdf 2011/01/30 v2.3 Provides the ifpdf switch (HO)
Package ifpdf Info: pdfTeX in PDF mode is detected.
)
(/usr/local/texlive/2014/texmf-dist/tex/generic/oberdiek/ifvtex.sty
Package: ifvtex 2010/03/01 v1.5 Detect VTeX and its facilities (HO)
Package ifvtex Info: VTeX not detected.
)
(/usr/local/texlive/2014/texmf-dist/tex/generic/ifxetex/ifxetex.sty
Package: ifxetex 2010/09/12 v0.6 Provides ifxetex conditional
)
\Gm@cnth=\count87
\Gm@cntv=\count88
\c@Gm@tempcnt=\count89
\Gm@bindingoffset=\dimen103
\Gm@wd@mp=\dimen104
\Gm@odd@mp=\dimen105
\Gm@even@mp=\dimen106
\Gm@layoutwidth=\dimen107
\Gm@layoutheight=\dimen108
\Gm@layouthoffset=\dimen109
\Gm@layoutvoffset=\dimen110
\Gm@dimlist=\toks15
)
(/usr/local/texlive/2014/texmf-dist/tex/latex/changepage/changepage.sty
Package: changepage 2009/10/20 v1.0c check page and change page layout
\c@cp@cntr=\count90
\cp@tempcnt=\count91
)
(/usr/local/texlive/2014/texmf-dist/tex/latex/base/inputenc.sty
Package: inputenc 2014/04/30 v1.2b Input encoding file
\inpenc@prehook=\toks16
\inpenc@posthook=\toks17

(/usr/local/texlive/2014/texmf-dist/tex/latex/ucs/utf8x.def
File: utf8x.def 2004/10/17 UCS: Input encoding UTF-8
))
(/usr/local/texlive/2014/texmf-dist/tex/latex/ucs/ucs.sty
Package: ucs 2013/05/11 v2.2 UCS: Unicode input support

(/usr/local/texlive/2014/texmf-dist/tex/latex/ucs/data/uni-global.def
File: uni-global.def 2013/05/13 UCS: Unicode global data
)
\uc@secondtry=\count92
\uc@combtoks=\toks18
\uc@combtoksb=\toks19
\uc@temptokena=\toks20
)
(/usr/local/texlive/2014/texmf-dist/tex/latex/base/textcomp.sty
Package: textcomp 2005/09/27 v1.99g Standard LaTeX package
Package textcomp Info: Sub-encoding information:
(textcomp)               5 = only ISO-Adobe without \textcurrency
(textcomp)               4 = 5 + \texteuro
(textcomp)               3 = 4 + \textohm
(textcomp)               2 = 3 + \textestimated + \textcurrency
(textcomp)               1 = TS1 - \textcircled - \t
(textcomp)               0 = TS1 (full)
(textcomp)             Font families with sub-encoding setting implement
(textcomp)             only a restricted character set as indicated.
(textcomp)             Family '?' is the default used for unknown fonts.
(textcomp)             See the documentation for details.
Package textcomp Info: Setting ? sub-encoding to TS1/1 on input line 71.

(/usr/local/texlive/2014/texmf-dist/tex/latex/base/ts1enc.def
File: ts1enc.def 2001/06/05 v3.0e (jk/car/fm) Standard LaTeX file
)
LaTeX Info: Redefining \oldstylenums on input line 266.
Package textcomp Info: Setting cmr sub-encoding to TS1/0 on input line 281.
Package textcomp Info: Setting cmss sub-encoding to TS1/0 on input line 282.
Package textcomp Info: Setting cmtt sub-encoding to TS1/0 on input line 283.
Package textcomp Info: Setting cmvtt sub-encoding to TS1/0 on input line 284.
Package textcomp Info: Setting cmbr sub-encoding to TS1/0 on input line 285.
Package textcomp Info: Setting cmtl sub-encoding to TS1/0 on input line 286.
Package textcomp Info: Setting ccr sub-encoding to TS1/0 on input line 287.
Package textcomp Info: Setting ptm sub-encoding to TS1/4 on input line 288.
Package textcomp Info: Setting pcr sub-encoding to TS1/4 on input line 289.
Package textcomp Info: Setting phv sub-encoding to TS1/4 on input line 290.
Package textcomp Info: Setting ppl sub-encoding to TS1/3 on input line 291.
Package textcomp Info: Setting pag sub-encoding to TS1/4 on input line 292.
Package textcomp Info: Setting pbk sub-encoding to TS1/4 on input line 293.
Package textcomp Info: Setting pnc sub-encoding to TS1/4 on input line 294.
Package textcomp Info: Setting pzc sub-encoding to TS1/4 on input line 295.
Package textcomp Info: Setting bch sub-encoding to TS1/4 on input line 296.
Package textcomp Info: Setting put sub-encoding to TS1/5 on input line 297.
Package textcomp Info: Setting uag sub-encoding to TS1/5 on input line 298.
Package textcomp Info: Setting ugq sub-encoding to TS1/5 on input line 299.
Package textcomp Info: Setting ul8 sub-encoding to TS1/4 on input line 300.
Package textcomp Info: Setting ul9 sub-encoding to TS1/4 on input line 301.
Package textcomp Info: Setting augie sub-encoding to TS1/5 on input line 302.
Package textcomp Info: Setting dayrom sub-encoding to TS1/3 on input line 303.
Package textcomp Info: Setting dayroms sub-encoding to TS1/3 on input line 304.

Package textcomp Info: Setting pxr sub-encoding to TS1/0 on input line 305.
Package textcomp Info: Setting pxss sub-encoding to TS1/0 on input line 306.
Package textcomp Info: Setting pxtt sub-encoding to TS1/0 on input line 307.
Package textcomp Info: Setting txr sub-encoding to TS1/0 on input line 308.
Package textcomp Info: Setting txss sub-encoding to TS1/0 on input line 309.
Package textcomp Info: Setting txtt sub-encoding to TS1/0 on input line 310.
Package textcomp Info: Setting lmr sub-encoding to TS1/0 on input line 311.
Package textcomp Info: Setting lmdh sub-encoding to TS1/0 on input line 312.
Package textcomp Info: Setting lmss sub-encoding to TS1/0 on input line 313.
Package textcomp Info: Setting lmssq sub-encoding to TS1/0 on input line 314.
Package textcomp Info: Setting lmvtt sub-encoding to TS1/0 on input line 315.
Package textcomp Info: Setting qhv sub-encoding to TS1/0 on input line 316.
Package textcomp Info: Setting qag sub-encoding to TS1/0 on input line 317.
Package textcomp Info: Setting qbk sub-encoding to TS1/0 on input line 318.
Package textcomp Info: Setting qcr sub-encoding to TS1/0 on input line 319.
Package textcomp Info: Setting qcs sub-encoding to TS1/0 on input line 320.
Package textcomp Info: Setting qpl sub-encoding to TS1/0 on input line 321.
Package textcomp Info: Setting qtm sub-encoding to TS1/0 on input line 322.
Package textcomp Info: Setting qzc sub-encoding to TS1/0 on input line 323.
Package textcomp Info: Setting qhvc sub-encoding to TS1/0 on input line 324.
Package textcomp Info: Setting futs sub-encoding to TS1/4 on input line 325.
Package textcomp Info: Setting futx sub-encoding to TS1/4 on input line 326.
Package textcomp Info: Setting futj sub-encoding to TS1/4 on input line 327.
Package textcomp Info: Setting hlh sub-encoding to TS1/3 on input line 328.
Package textcomp Info: Setting hls sub-encoding to TS1/3 on input line 329.
Package textcomp Info: Setting hlst sub-encoding to TS1/3 on input line 330.
Package textcomp Info: Setting hlct sub-encoding to TS1/5 on input line 331.
Package textcomp Info: Setting hlx sub-encoding to TS1/5 on input line 332.
Package textcomp Info: Setting hlce sub-encoding to TS1/5 on input line 333.
Package textcomp Info: Setting hlcn sub-encoding to TS1/5 on input line 334.
Package textcomp Info: Setting hlcw sub-encoding to TS1/5 on input line 335.
Package textcomp Info: Setting hlcf sub-encoding to TS1/5 on input line 336.
Package textcomp Info: Setting pplx sub-encoding to TS1/3 on input line 337.
Package textcomp Info: Setting pplj sub-encoding to TS1/3 on input line 338.
Package textcomp Info: Setting ptmx sub-encoding to TS1/4 on input line 339.
Package textcomp Info: Setting ptmj sub-encoding to TS1/4 on input line 340.
)
(/usr/local/texlive/2014/texmf-dist/tex/latex/marvosym/marvosym.sty
Package: marvosym 2011/07/20 v2.2 Martin Vogel's Symbols font definitions
)
(/usr/local/texlive/2014/texmf-dist/tex/latex/base/fixltx2e.sty
Package: fixltx2e 2014/05/13 v1.1q fixes to LaTeX
LaTeX Info: Redefining \em on input line 429.
)
(/usr/local/texlive/2014/texmf-dist/tex/latex/amsmath/amsmath.sty
Package: amsmath 2013/01/14 v2.14 AMS math features
\@mathmargin=\skip43

For additional information on amsmath, use the `?' option.
(/usr/local/texlive/2014/texmf-dist/tex/latex/amsmath/amstext.sty
Package: amstext 2000/06/29 v2.01

(/usr/local/texlive/2014/texmf-dist/tex/latex/amsmath/amsgen.sty
File: amsgen.sty 1999/11/30 v2.0
\@emptytoks=\toks21
\ex@=\dimen111
))
(/usr/local/texlive/2014/texmf-dist/tex/latex/amsmath/amsbsy.sty
Package: amsbsy 1999/11/29 v1.2d
\pmbraise@=\dimen112
)
(/usr/local/texlive/2014/texmf-dist/tex/latex/amsmath/amsopn.sty
Package: amsopn 1999/12/14 v2.01 operator names
)
\inf@bad=\count93
LaTeX Info: Redefining \frac on input line 210.
\uproot@=\count94
\leftroot@=\count95
LaTeX Info: Redefining \overline on input line 306.
\classnum@=\count96
\DOTSCASE@=\count97
LaTeX Info: Redefining \ldots on input line 378.
LaTeX Info: Redefining \dots on input line 381.
LaTeX Info: Redefining \cdots on input line 466.
\Mathstrutbox@=\box26
\strutbox@=\box27
\big@size=\dimen113
LaTeX Font Info:    Redeclaring font encoding OML on input line 566.
LaTeX Font Info:    Redeclaring font encoding OMS on input line 567.
\macc@depth=\count98
\c@MaxMatrixCols=\count99
\dotsspace@=\muskip10
\c@parentequation=\count100
\dspbrk@lvl=\count101
\tag@help=\toks22
\row@=\count102
\column@=\count103
\maxfields@=\count104
\andhelp@=\toks23
\eqnshift@=\dimen114
\alignsep@=\dimen115
\tagshift@=\dimen116
\tagwidth@=\dimen117
\totwidth@=\dimen118
\lineht@=\dimen119
\@envbody=\toks24
\multlinegap=\skip44
\multlinetaggap=\skip45
\mathdisplay@stack=\toks25
LaTeX Info: Redefining \[ on input line 2665.
LaTeX Info: Redefining \] on input line 2666.
)
(/usr/local/texlive/2014/texmf-dist/tex/latex/amsfonts/amssymb.sty
Package: amssymb 2013/01/14 v3.01 AMS font symbols

(/usr/local/texlive/2014/texmf-dist/tex/latex/amsfonts/amsfonts.sty
Package: amsfonts 2013/01/14 v3.01 Basic AMSFonts support
\symAMSa=\mathgroup4
\symAMSb=\mathgroup5
LaTeX Font Info:    Overwriting math alphabet `\mathfrak' in version `bold'
(Font)                  U/euf/m/n --> U/euf/b/n on input line 106.
))
(/usr/local/texlive/2014/texmf-dist/tex/latex/cite/cite.sty
LaTeX Info: Redefining \cite on input line 302.
LaTeX Info: Redefining \nocite on input line 373.
Package: cite 2010/09/10  v 5.3
)
(/usr/local/texlive/2014/texmf-dist/tex/latex/hyperref/nameref.sty
Package: nameref 2012/10/27 v2.43 Cross-referencing by name of section

(/usr/local/texlive/2014/texmf-dist/tex/latex/oberdiek/refcount.sty
Package: refcount 2011/10/16 v3.4 Data extraction from label references (HO)

(/usr/local/texlive/2014/texmf-dist/tex/generic/oberdiek/ltxcmds.sty
Package: ltxcmds 2011/11/09 v1.22 LaTeX kernel commands for general use (HO)
)
(/usr/local/texlive/2014/texmf-dist/tex/generic/oberdiek/infwarerr.sty
Package: infwarerr 2010/04/08 v1.3 Providing info/warning/error messages (HO)
))
(/usr/local/texlive/2014/texmf-dist/tex/generic/oberdiek/gettitlestring.sty
Package: gettitlestring 2010/12/03 v1.4 Cleanup title references (HO)

(/usr/local/texlive/2014/texmf-dist/tex/latex/oberdiek/kvoptions.sty
Package: kvoptions 2011/06/30 v3.11 Key value format for package options (HO)

(/usr/local/texlive/2014/texmf-dist/tex/generic/oberdiek/kvsetkeys.sty
Package: kvsetkeys 2012/04/25 v1.16 Key value parser (HO)

(/usr/local/texlive/2014/texmf-dist/tex/generic/oberdiek/etexcmds.sty
Package: etexcmds 2011/02/16 v1.5 Avoid name clashes with e-TeX commands (HO)

(/usr/local/texlive/2014/texmf-dist/tex/generic/oberdiek/ifluatex.sty
Package: ifluatex 2010/03/01 v1.3 Provides the ifluatex switch (HO)
Package ifluatex Info: LuaTeX not detected.
)
Package etexcmds Info: Could not find \expanded.
(etexcmds)             That can mean that you are not using pdfTeX 1.50 or
(etexcmds)             that some package has redefined \expanded.
(etexcmds)             In the latter case, load this package earlier.
))))
\c@section@level=\count105
LaTeX Info: Redefining \ref on input line 353.
LaTeX Info: Redefining \pageref on input line 353.
)
(/usr/local/texlive/2014/texmf-dist/tex/latex/hyperref/hyperref.sty
Package: hyperref 2012/11/06 v6.83m Hypertext links for LaTeX

(/usr/local/texlive/2014/texmf-dist/tex/generic/oberdiek/hobsub-hyperref.sty
Package: hobsub-hyperref 2012/05/28 v1.13 Bundle oberdiek, subset hyperref (HO)


(/usr/local/texlive/2014/texmf-dist/tex/generic/oberdiek/hobsub-generic.sty
Package: hobsub-generic 2012/05/28 v1.13 Bundle oberdiek, subset generic (HO)
Package: hobsub 2012/05/28 v1.13 Construct package bundles (HO)
Package hobsub Info: Skipping package `infwarerr' (already loaded).
Package hobsub Info: Skipping package `ltxcmds' (already loaded).
Package hobsub Info: Skipping package `ifluatex' (already loaded).
Package hobsub Info: Skipping package `ifvtex' (already loaded).
Package: intcalc 2007/09/27 v1.1 Expandable calculations with integers (HO)
Package hobsub Info: Skipping package `ifpdf' (already loaded).
Package hobsub Info: Skipping package `etexcmds' (already loaded).
Package hobsub Info: Skipping package `kvsetkeys' (already loaded).
Package: kvdefinekeys 2011/04/07 v1.3 Define keys (HO)
Package: pdftexcmds 2011/11/29 v0.20 Utility functions of pdfTeX for LuaTeX (HO
)
Package pdftexcmds Info: LuaTeX not detected.
Package pdftexcmds Info: \pdf@primitive is available.
Package pdftexcmds Info: \pdf@ifprimitive is available.
Package pdftexcmds Info: \pdfdraftmode found.
Package: pdfescape 2011/11/25 v1.13 Implements pdfTeX's escape features (HO)
Package: bigintcalc 2012/04/08 v1.3 Expandable calculations on big integers (HO
)
Package: bitset 2011/01/30 v1.1 Handle bit-vector datatype (HO)
Package: uniquecounter 2011/01/30 v1.2 Provide unlimited unique counter (HO)
)
Package hobsub Info: Skipping package `hobsub' (already loaded).
Package: letltxmacro 2010/09/02 v1.4 Let assignment for LaTeX macros (HO)
Package: hopatch 2012/05/28 v1.2 Wrapper for package hooks (HO)
Package: xcolor-patch 2011/01/30 xcolor patch
Package: atveryend 2011/06/30 v1.8 Hooks at the very end of document (HO)
Package atveryend Info: \enddocument detected (standard20110627).
Package: atbegshi 2011/10/05 v1.16 At begin shipout hook (HO)
Package hobsub Info: Skipping package `refcount' (already loaded).
Package: hycolor 2011/01/30 v1.7 Color options for hyperref/bookmark (HO)
)
(/usr/local/texlive/2014/texmf-dist/tex/latex/oberdiek/auxhook.sty
Package: auxhook 2011/03/04 v1.3 Hooks for auxiliary files (HO)
)
\@linkdim=\dimen120
\Hy@linkcounter=\count106
\Hy@pagecounter=\count107

(/usr/local/texlive/2014/texmf-dist/tex/latex/hyperref/pd1enc.def
File: pd1enc.def 2012/11/06 v6.83m Hyperref: PDFDocEncoding definition (HO)
)
\Hy@SavedSpaceFactor=\count108

(/usr/local/texlive/2014/texmf-dist/tex/latex/latexconfig/hyperref.cfg
File: hyperref.cfg 2002/06/06 v1.2 hyperref configuration of TeXLive
)
Package hyperref Info: Hyper figures OFF on input line 4443.
Package hyperref Info: Link nesting OFF on input line 4448.
Package hyperref Info: Hyper index ON on input line 4451.
Package hyperref Info: Plain pages OFF on input line 4458.
Package hyperref Info: Backreferencing OFF on input line 4463.
Package hyperref Info: Implicit mode ON; LaTeX internals redefined.
Package hyperref Info: Bookmarks ON on input line 4688.
\c@Hy@tempcnt=\count109

(/usr/local/texlive/2014/texmf-dist/tex/latex/url/url.sty
\Urlmuskip=\muskip11
Package: url 2013/09/16  ver 3.4  Verb mode for urls, etc.
)
LaTeX Info: Redefining \url on input line 5041.
\XeTeXLinkMargin=\dimen121
\Fld@menulength=\count110
\Field@Width=\dimen122
\Fld@charsize=\dimen123
Package hyperref Info: Hyper figures OFF on input line 6295.
Package hyperref Info: Link nesting OFF on input line 6300.
Package hyperref Info: Hyper index ON on input line 6303.
Package hyperref Info: backreferencing OFF on input line 6310.
Package hyperref Info: Link coloring OFF on input line 6315.
Package hyperref Info: Link coloring with OCG OFF on input line 6320.
Package hyperref Info: PDF/A mode OFF on input line 6325.
LaTeX Info: Redefining \ref on input line 6365.
LaTeX Info: Redefining \pageref on input line 6369.
\Hy@abspage=\count111
\c@Item=\count112
\c@Hfootnote=\count113
)

Package hyperref Message: Driver (autodetected): hpdftex.

(/usr/local/texlive/2014/texmf-dist/tex/latex/hyperref/hpdftex.def
File: hpdftex.def 2012/11/06 v6.83m Hyperref driver for pdfTeX
\Fld@listcount=\count114
\c@bookmark@seq@number=\count115

(/usr/local/texlive/2014/texmf-dist/tex/latex/oberdiek/rerunfilecheck.sty
Package: rerunfilecheck 2011/04/15 v1.7 Rerun checks for auxiliary files (HO)
Package uniquecounter Info: New unique counter `rerunfilecheck' on input line 2
82.
)
\Hy@SectionHShift=\skip46
)
(/usr/local/texlive/2014/texmf-dist/tex/latex/lineno/lineno.sty
Package: lineno 2005/11/02 line numbers on paragraphs v4.41
\linenopenalty=\count116
\output=\toks26
\linenoprevgraf=\count117
\linenumbersep=\dimen124
\linenumberwidth=\dimen125
\c@linenumber=\count118
\c@pagewiselinenumber=\count119
\c@LN@truepage=\count120
\c@internallinenumber=\count121
\c@internallinenumbers=\count122
\quotelinenumbersep=\dimen126
\bframerule=\dimen127
\bframesep=\dimen128
\bframebox=\box28
LaTeX Info: Redefining \\ on input line 3056.
)
(/usr/local/texlive/2014/texmf-dist/tex/latex/microtype/microtype.sty
Package: microtype 2013/05/23 v2.5a Micro-typographical refinements (RS)
\MT@toks=\toks27
\MT@count=\count123
LaTeX Info: Redefining \textls on input line 766.
\MT@outer@kern=\dimen129
LaTeX Info: Redefining \textmicrotypecontext on input line 1285.
\MT@listname@count=\count124

(/usr/local/texlive/2014/texmf-dist/tex/latex/microtype/microtype-pdftex.def
File: microtype-pdftex.def 2013/05/23 v2.5a Definitions specific to pdftex (RS)

LaTeX Info: Redefining \lsstyle on input line 915.
LaTeX Info: Redefining \lslig on input line 915.
\MT@outer@space=\skip47
)
Package microtype Info: Loading configuration file microtype.cfg.

(/usr/local/texlive/2014/texmf-dist/tex/latex/microtype/microtype.cfg
File: microtype.cfg 2013/05/23 v2.5a microtype main configuration file (RS)
))
(/usr/local/texlive/2014/texmf-dist/tex/latex/booktabs/booktabs.sty
Package: booktabs 2005/04/14 v1.61803 publication quality tables
\heavyrulewidth=\dimen130
\lightrulewidth=\dimen131
\cmidrulewidth=\dimen132
\belowrulesep=\dimen133
\belowbottomsep=\dimen134
\aboverulesep=\dimen135
\abovetopsep=\dimen136
\cmidrulesep=\dimen137
\cmidrulekern=\dimen138
\defaultaddspace=\dimen139
\@cmidla=\count125
\@cmidlb=\count126
\@aboverulesep=\dimen140
\@belowrulesep=\dimen141
\@thisruleclass=\count127
\@lastruleclass=\count128
\@thisrulewidth=\dimen142
)
(/usr/local/texlive/2014/texmf-dist/tex/latex/tools/xspace.sty
Package: xspace 2009/10/20 v1.13 Space after command names (DPC,MH)
)
(/usr/local/texlive/2014/texmf-dist/tex/latex/graphics/graphicx.sty
Package: graphicx 2014/04/25 v1.0g Enhanced LaTeX Graphics (DPC,SPQR)

(/usr/local/texlive/2014/texmf-dist/tex/latex/graphics/graphics.sty
Package: graphics 2009/02/05 v1.0o Standard LaTeX Graphics (DPC,SPQR)

(/usr/local/texlive/2014/texmf-dist/tex/latex/graphics/trig.sty
Package: trig 1999/03/16 v1.09 sin cos tan (DPC)
)
(/usr/local/texlive/2014/texmf-dist/tex/latex/latexconfig/graphics.cfg
File: graphics.cfg 2010/04/23 v1.9 graphics configuration of TeX Live
)
Package graphics Info: Driver file: pdftex.def on input line 91.

(/usr/local/texlive/2014/texmf-dist/tex/latex/pdftex-def/pdftex.def
File: pdftex.def 2011/05/27 v0.06d Graphics/color for pdfTeX
\Gread@gobject=\count129
))
\Gin@req@height=\dimen143
\Gin@req@width=\dimen144
)
(/usr/local/texlive/2014/texmf-dist/tex/latex/caption/subcaption.sty
Package: subcaption 2013/02/03 v1.1-62 Sub-captions (AR)

(/usr/local/texlive/2014/texmf-dist/tex/latex/caption/caption.sty
Package: caption 2013/05/02 v3.3-89 Customizing captions (AR)

(/usr/local/texlive/2014/texmf-dist/tex/latex/caption/caption3.sty
Package: caption3 2013/05/02 v1.6-88 caption3 kernel (AR)
Package caption3 Info: TeX engine: e-TeX on input line 57.
\captionmargin=\dimen145
\captionmargin@=\dimen146
\captionwidth=\dimen147
\caption@tempdima=\dimen148
\caption@indent=\dimen149
\caption@parindent=\dimen150
\caption@hangindent=\dimen151
)
\c@ContinuedFloat=\count130
Package caption Info: hyperref package is loaded.
)
\c@subfigure=\count131
\c@subtable=\count132
)
(/usr/local/texlive/2014/texmf-dist/tex/latex/rotating/rotating.sty
Package: rotating 2009/03/28 v2.16a rotated objects in LaTeX

(/usr/local/texlive/2014/texmf-dist/tex/latex/base/ifthen.sty
Package: ifthen 2001/05/26 v1.1c Standard LaTeX ifthen package (DPC)
)
\c@r@tfl@t=\count133
\rotFPtop=\skip48
\rotFPbot=\skip49
\rot@float@box=\box29
\rot@mess@toks=\toks28
)
(/usr/local/texlive/2014/texmf-dist/tex/latex/graphics/color.sty
Package: color 2014/04/23 v1.1a Standard LaTeX Color (DPC)

(/usr/local/texlive/2014/texmf-dist/tex/latex/latexconfig/color.cfg
File: color.cfg 2007/01/18 v1.5 color configuration of teTeX/TeXLive
)
Package color Info: Driver file: pdftex.def on input line 137.
)
(/usr/local/texlive/2014/texmf-dist/tex/latex/multirow/multirow.sty
\bigstrutjot=\dimen152
)
(/usr/local/texlive/2014/texmf-dist/tex/latex/lastpage/lastpage.sty
Package: lastpage 2013/01/28 v1.2l Refers to last page's name (HMM; JPG)
)
(/usr/local/texlive/2014/texmf-dist/tex/latex/fancyhdr/fancyhdr.sty
\fancy@headwidth=\skip50
\f@ncyO@elh=\skip51
\f@ncyO@erh=\skip52
\f@ncyO@olh=\skip53
\f@ncyO@orh=\skip54
\f@ncyO@elf=\skip55
\f@ncyO@erf=\skip56
\f@ncyO@olf=\skip57
\f@ncyO@orf=\skip58
)
(/usr/local/texlive/2014/texmf-dist/tex/latex/oberdiek/epstopdf.sty
Package: epstopdf 2010/02/09 v2.5 Conversion with epstopdf on the fly (HO)

(/usr/local/texlive/2014/texmf-dist/tex/latex/oberdiek/epstopdf-base.sty
Package: epstopdf-base 2010/02/09 v2.5 Base part for package epstopdf

(/usr/local/texlive/2014/texmf-dist/tex/latex/oberdiek/grfext.sty
Package: grfext 2010/08/19 v1.1 Manage graphics extensions (HO)
)
Package grfext Info: Graphics extension search list:
(grfext)             [.png,.pdf,.jpg,.mps,.jpeg,.jbig2,.jb2,.PNG,.PDF,.JPG,.JPE
G,.JBIG2,.JB2,.eps]
(grfext)             \AppendGraphicsExtensions on input line 452.

(/usr/local/texlive/2014/texmf-dist/tex/latex/latexconfig/epstopdf-sys.cfg
File: epstopdf-sys.cfg 2010/07/13 v1.3 Configuration of (r)epstopdf for TeX Liv
e
)))
(./manuscript-plos-gen-2.aux)
\openout1 = `manuscript-plos-gen-2.aux'.

LaTeX Font Info:    Checking defaults for OML/cmm/m/it on input line 104.
LaTeX Font Info:    ... okay on input line 104.
LaTeX Font Info:    Checking defaults for T1/cmr/m/n on input line 104.
LaTeX Font Info:    ... okay on input line 104.
LaTeX Font Info:    Checking defaults for OT1/cmr/m/n on input line 104.
LaTeX Font Info:    ... okay on input line 104.
LaTeX Font Info:    Checking defaults for OMS/cmsy/m/n on input line 104.
LaTeX Font Info:    ... okay on input line 104.
LaTeX Font Info:    Checking defaults for OMX/cmex/m/n on input line 104.
LaTeX Font Info:    ... okay on input line 104.
LaTeX Font Info:    Checking defaults for U/cmr/m/n on input line 104.
LaTeX Font Info:    ... okay on input line 104.
LaTeX Font Info:    Checking defaults for TS1/cmr/m/n on input line 104.
LaTeX Font Info:    Try loading font information for TS1+cmr on input line 104.


(/usr/local/texlive/2014/texmf-dist/tex/latex/base/ts1cmr.fd
File: ts1cmr.fd 1999/05/25 v2.5h Standard LaTeX font definitions
)
LaTeX Font Info:    ... okay on input line 104.
LaTeX Font Info:    Checking defaults for PD1/pdf/m/n on input line 104.
LaTeX Font Info:    ... okay on input line 104.

*geometry* driver: auto-detecting
*geometry* detected driver: pdftex
*geometry* verbose mode - [ preamble ] result:
* driver: pdftex
* paper: letterpaper
* layout: <same size as paper>
* layoutoffset:(h,v)=(0.0pt,0.0pt)
* modes: 
* h-part:(L,W,R)=(198.7425pt, 323.40732pt, 92.14519pt)
* v-part:(T,H,B)=(61.42993pt, 638.14268pt, 95.39737pt)
* \paperwidth=614.295pt
* \paperheight=794.96999pt
* \textwidth=379.4175pt
* \textheight=632.36249pt
* \oddsidemargin=126.4725pt
* \evensidemargin=126.4725pt
* \topmargin=-47.84006pt
* \headheight=27.023pt
* \headsep=25.0pt
* \topskip=10.0pt
* \footskip=54.2025pt
* \marginparwidth=65.0pt
* \marginparsep=11.0pt
* \columnsep=10.0pt
* \skip\footins=9.0pt plus 4.0pt minus 2.0pt
* \hoffset=0.0pt
* \voffset=0.0pt
* \mag=1000
* \@twocolumnfalse
* \@twosidefalse
* \@mparswitchfalse
* \@reversemarginfalse
* (1in=72.27pt=25.4mm, 1cm=28.453pt)

(/usr/local/texlive/2014/texmf-dist/tex/latex/ucs/ucsencs.def
File: ucsencs.def 2011/01/21 Fixes to fontencodings LGR, T3
)
\AtBeginShipoutBox=\box30
Package hyperref Info: Link coloring OFF on input line 104.
LaTeX Info: Redefining \ref on input line 104.
LaTeX Info: Redefining \pageref on input line 104.
LaTeX Info: Redefining \nameref on input line 104.

(./manuscript-plos-gen-2.out) (./manuscript-plos-gen-2.out)
\@outlinefile=\write3
\openout3 = `manuscript-plos-gen-2.out'.

LaTeX Info: Redefining \microtypecontext on input line 104.
Package microtype Info: Generating PDF output.
Package microtype Info: Character protrusion enabled (level 2).
Package microtype Info: Using default protrusion set `alltext'.
Package microtype Info: Automatic font expansion enabled (level 2),
(microtype)             stretch: 20, shrink: 20, step: 1, non-selected.
Package microtype Info: Using default expansion set `basictext'.
Package microtype Info: No adjustment of tracking.
Package microtype Info: No adjustment of interword spacing.
Package microtype Info: No adjustment of character kerning.

(/usr/local/texlive/2014/texmf-dist/tex/latex/microtype/mt-cmr.cfg
File: mt-cmr.cfg 2013/05/19 v2.2 microtype config. file: Computer Modern Roman 
(RS)
)
(/usr/local/texlive/2014/texmf-dist/tex/context/base/supp-pdf.mkii
[Loading MPS to PDF converter (version 2006.09.02).]
\scratchcounter=\count134
\scratchdimen=\dimen153
\scratchbox=\box31
\nofMPsegments=\count135
\nofMParguments=\count136
\everyMPshowfont=\toks29
\MPscratchCnt=\count137
\MPscratchDim=\dimen154
\MPnumerator=\count138
\makeMPintoPDFobject=\count139
\everyMPtoPDFconversion=\toks30
)
Package caption Info: Begin \AtBeginDocument code.
Package caption Info: rotating package is loaded.
Package caption Info: End \AtBeginDocument code.
Package lastpage Info: Please have a look at the pageslts package at
(lastpage)             http://www.ctan.org/tex-archive/ 
(lastpage)             macros/latex/contrib/pageslts/ 
(lastpage)             or
(lastpage)             http://www.ctan.org/tex-archive/ 
(lastpage)             install/macros/latex/contrib/pageslts.tds.zip
(lastpage)             ! on input line 104.
LaTeX Font Info:    Try loading font information for U+msa on input line 117.
 (/usr/local/texlive/2014/texmf-dist/tex/latex/amsfonts/umsa.fd
File: umsa.fd 2013/01/14 v3.01 AMS symbols A
)
(/usr/local/texlive/2014/texmf-dist/tex/latex/microtype/mt-msa.cfg
File: mt-msa.cfg 2006/02/04 v1.1 microtype config. file: AMS symbols (a) (RS)
)
LaTeX Font Info:    Try loading font information for U+msb on input line 117.

(/usr/local/texlive/2014/texmf-dist/tex/latex/amsfonts/umsb.fd
File: umsb.fd 2013/01/14 v3.01 AMS symbols B
)
(/usr/local/texlive/2014/texmf-dist/tex/latex/microtype/mt-msb.cfg
File: mt-msb.cfg 2005/06/01 v1.0 microtype config. file: AMS symbols (b) (RS)
)
Package microtype Info: Loading generic settings for font family
(microtype)             `cmtt' (encoding: OT1).
(microtype)             For optimal results, create family-specific settings.
(microtype)             See the microtype manual for details.
Package microtype Info: Loading generic settings for font family
(microtype)             `cmss' (encoding: OT1).
(microtype)             For optimal results, create family-specific settings.
(microtype)             See the microtype manual for details.
Package epstopdf Info: Source file: <PLOS-Submission.eps>
(epstopdf)                    date: 2016-03-31 20:31:16
(epstopdf)                    size: 283246 bytes
(epstopdf)             Output file: <PLOS-Submission-eps-converted-to.pdf>
(epstopdf)                    date: 2016-09-08 16:37:19
(epstopdf)                    size: 15452 bytes
(epstopdf)             Command: <repstopdf --outfile=PLOS-Submission-eps-conver
ted-to.pdf PLOS-Submission.eps>
(epstopdf)             \includegraphics on input line 157.
Package epstopdf Info: Output file is already uptodate.

<PLOS-Submission-eps-converted-to.pdf, id=4, 216.81pt x 35.13126pt>
File: PLOS-Submission-eps-converted-to.pdf Graphic file (type pdf)

<use PLOS-Submission-eps-converted-to.pdf>
Package pdftex.def Info: PLOS-Submission-eps-converted-to.pdf used on input lin
e 157.
(pdftex.def)             Requested size: 144.54pt x 23.42201pt.
 [1

{/usr/local/texlive/2014/texmf-var/fonts/map/pdftex/updmap/pdftex.map} <./PLOS-
Submission-eps-converted-to.pdf>]
Package epstopdf Info: Source file: <PLOS-Submission.eps>
(epstopdf)                    date: 2016-03-31 20:31:16
(epstopdf)                    size: 283246 bytes
(epstopdf)             Output file: <PLOS-Submission-eps-converted-to.pdf>
(epstopdf)                    date: 2016-09-08 16:37:19
(epstopdf)                    size: 15452 bytes
(epstopdf)             Command: <repstopdf --outfile=PLOS-Submission-eps-conver
ted-to.pdf PLOS-Submission.eps>
(epstopdf)             \includegraphics on input line 203.
Package epstopdf Info: Output file is already uptodate.
File: PLOS-Submission-eps-converted-to.pdf Graphic file (type pdf)

<use PLOS-Submission-eps-converted-to.pdf>
Package pdftex.def Info: PLOS-Submission-eps-converted-to.pdf used on input lin
e 203.
(pdftex.def)             Requested size: 144.54pt x 23.42201pt.
 [2]
Package epstopdf Info: Source file: <PLOS-Submission.eps>
(epstopdf)                    date: 2016-03-31 20:31:16
(epstopdf)                    size: 283246 bytes
(epstopdf)             Output file: <PLOS-Submission-eps-converted-to.pdf>
(epstopdf)                    date: 2016-09-08 16:37:19
(epstopdf)                    size: 15452 bytes
(epstopdf)             Command: <repstopdf --outfile=PLOS-Submission-eps-conver
ted-to.pdf PLOS-Submission.eps>
(epstopdf)             \includegraphics on input line 252.
Package epstopdf Info: Output file is already uptodate.
File: PLOS-Submission-eps-converted-to.pdf Graphic file (type pdf)

<use PLOS-Submission-eps-converted-to.pdf>
Package pdftex.def Info: PLOS-Submission-eps-converted-to.pdf used on input lin
e 252.
(pdftex.def)             Requested size: 144.54pt x 23.42201pt.
 [3]
Package epstopdf Info: Source file: <PLOS-Submission.eps>
(epstopdf)                    date: 2016-03-31 20:31:16
(epstopdf)                    size: 283246 bytes
(epstopdf)             Output file: <PLOS-Submission-eps-converted-to.pdf>
(epstopdf)                    date: 2016-09-08 16:37:19
(epstopdf)                    size: 15452 bytes
(epstopdf)             Command: <repstopdf --outfile=PLOS-Submission-eps-conver
ted-to.pdf PLOS-Submission.eps>
(epstopdf)             \includegraphics on input line 298.
Package epstopdf Info: Output file is already uptodate.
File: PLOS-Submission-eps-converted-to.pdf Graphic file (type pdf)

<use PLOS-Submission-eps-converted-to.pdf>
Package pdftex.def Info: PLOS-Submission-eps-converted-to.pdf used on input lin
e 298.
(pdftex.def)             Requested size: 144.54pt x 23.42201pt.
 [4]
Package epstopdf Info: Source file: <PLOS-Submission.eps>
(epstopdf)                    date: 2016-03-31 20:31:16
(epstopdf)                    size: 283246 bytes
(epstopdf)             Output file: <PLOS-Submission-eps-converted-to.pdf>
(epstopdf)                    date: 2016-09-08 16:37:19
(epstopdf)                    size: 15452 bytes
(epstopdf)             Command: <repstopdf --outfile=PLOS-Submission-eps-conver
ted-to.pdf PLOS-Submission.eps>
(epstopdf)             \includegraphics on input line 334.
Package epstopdf Info: Output file is already uptodate.
File: PLOS-Submission-eps-converted-to.pdf Graphic file (type pdf)

<use PLOS-Submission-eps-converted-to.pdf>
Package pdftex.def Info: PLOS-Submission-eps-converted-to.pdf used on input lin
e 334.
(pdftex.def)             Requested size: 144.54pt x 23.42201pt.
 [5]
Package epstopdf Info: Source file: <PLOS-Submission.eps>
(epstopdf)                    date: 2016-03-31 20:31:16
(epstopdf)                    size: 283246 bytes
(epstopdf)             Output file: <PLOS-Submission-eps-converted-to.pdf>
(epstopdf)                    date: 2016-09-08 16:37:19
(epstopdf)                    size: 15452 bytes
(epstopdf)             Command: <repstopdf --outfile=PLOS-Submission-eps-conver
ted-to.pdf PLOS-Submission.eps>
(epstopdf)             \includegraphics on input line 363.
Package epstopdf Info: Output file is already uptodate.
File: PLOS-Submission-eps-converted-to.pdf Graphic file (type pdf)

<use PLOS-Submission-eps-converted-to.pdf>
Package pdftex.def Info: PLOS-Submission-eps-converted-to.pdf used on input lin
e 363.
(pdftex.def)             Requested size: 144.54pt x 23.42201pt.
 [6]
Package epstopdf Info: Source file: <PLOS-Submission.eps>
(epstopdf)                    date: 2016-03-31 20:31:16
(epstopdf)                    size: 283246 bytes
(epstopdf)             Output file: <PLOS-Submission-eps-converted-to.pdf>
(epstopdf)                    date: 2016-09-08 16:37:19
(epstopdf)                    size: 15452 bytes
(epstopdf)             Command: <repstopdf --outfile=PLOS-Submission-eps-conver
ted-to.pdf PLOS-Submission.eps>
(epstopdf)             \includegraphics on input line 404.
Package epstopdf Info: Output file is already uptodate.
File: PLOS-Submission-eps-converted-to.pdf Graphic file (type pdf)

<use PLOS-Submission-eps-converted-to.pdf>
Package pdftex.def Info: PLOS-Submission-eps-converted-to.pdf used on input lin
e 404.
(pdftex.def)             Requested size: 144.54pt x 23.42201pt.
 [7]
Package epstopdf Info: Source file: <PLOS-Submission.eps>
(epstopdf)                    date: 2016-03-31 20:31:16
(epstopdf)                    size: 283246 bytes
(epstopdf)             Output file: <PLOS-Submission-eps-converted-to.pdf>
(epstopdf)                    date: 2016-09-08 16:37:19
(epstopdf)                    size: 15452 bytes
(epstopdf)             Command: <repstopdf --outfile=PLOS-Submission-eps-conver
ted-to.pdf PLOS-Submission.eps>
(epstopdf)             \includegraphics on input line 443.
Package epstopdf Info: Output file is already uptodate.
File: PLOS-Submission-eps-converted-to.pdf Graphic file (type pdf)

<use PLOS-Submission-eps-converted-to.pdf>
Package pdftex.def Info: PLOS-Submission-eps-converted-to.pdf used on input lin
e 443.
(pdftex.def)             Requested size: 144.54pt x 23.42201pt.
 [8]
Package epstopdf Info: Source file: <PLOS-Submission.eps>
(epstopdf)                    date: 2016-03-31 20:31:16
(epstopdf)                    size: 283246 bytes
(epstopdf)             Output file: <PLOS-Submission-eps-converted-to.pdf>
(epstopdf)                    date: 2016-09-08 16:37:19
(epstopdf)                    size: 15452 bytes
(epstopdf)             Command: <repstopdf --outfile=PLOS-Submission-eps-conver
ted-to.pdf PLOS-Submission.eps>
(epstopdf)             \includegraphics on input line 549.
Package epstopdf Info: Output file is already uptodate.
File: PLOS-Submission-eps-converted-to.pdf Graphic file (type pdf)

<use PLOS-Submission-eps-converted-to.pdf>
Package pdftex.def Info: PLOS-Submission-eps-converted-to.pdf used on input lin
e 549.
(pdftex.def)             Requested size: 144.54pt x 23.42201pt.
 [9]
Package epstopdf Info: Source file: <PLOS-Submission.eps>
(epstopdf)                    date: 2016-03-31 20:31:16
(epstopdf)                    size: 283246 bytes
(epstopdf)             Output file: <PLOS-Submission-eps-converted-to.pdf>
(epstopdf)                    date: 2016-09-08 16:37:19
(epstopdf)                    size: 15452 bytes
(epstopdf)             Command: <repstopdf --outfile=PLOS-Submission-eps-conver
ted-to.pdf PLOS-Submission.eps>
(epstopdf)             \includegraphics on input line 587.
Package epstopdf Info: Output file is already uptodate.
File: PLOS-Submission-eps-converted-to.pdf Graphic file (type pdf)

<use PLOS-Submission-eps-converted-to.pdf>
Package pdftex.def Info: PLOS-Submission-eps-converted-to.pdf used on input lin
e 587.
(pdftex.def)             Requested size: 144.54pt x 23.42201pt.
 [10]
Package epstopdf Info: Source file: <PLOS-Submission.eps>
(epstopdf)                    date: 2016-03-31 20:31:16
(epstopdf)                    size: 283246 bytes
(epstopdf)             Output file: <PLOS-Submission-eps-converted-to.pdf>
(epstopdf)                    date: 2016-09-08 16:37:19
(epstopdf)                    size: 15452 bytes
(epstopdf)             Command: <repstopdf --outfile=PLOS-Submission-eps-conver
ted-to.pdf PLOS-Submission.eps>
(epstopdf)             \includegraphics on input line 622.
Package epstopdf Info: Output file is already uptodate.
File: PLOS-Submission-eps-converted-to.pdf Graphic file (type pdf)

<use PLOS-Submission-eps-converted-to.pdf>
Package pdftex.def Info: PLOS-Submission-eps-converted-to.pdf used on input lin
e 622.
(pdftex.def)             Requested size: 144.54pt x 23.42201pt.
 [11]
Package epstopdf Info: Source file: <PLOS-Submission.eps>
(epstopdf)                    date: 2016-03-31 20:31:16
(epstopdf)                    size: 283246 bytes
(epstopdf)             Output file: <PLOS-Submission-eps-converted-to.pdf>
(epstopdf)                    date: 2016-09-08 16:37:19
(epstopdf)                    size: 15452 bytes
(epstopdf)             Command: <repstopdf --outfile=PLOS-Submission-eps-conver
ted-to.pdf PLOS-Submission.eps>
(epstopdf)             \includegraphics on input line 634.
Package epstopdf Info: Output file is already uptodate.
File: PLOS-Submission-eps-converted-to.pdf Graphic file (type pdf)

<use PLOS-Submission-eps-converted-to.pdf>
Package pdftex.def Info: PLOS-Submission-eps-converted-to.pdf used on input lin
e 634.
(pdftex.def)             Requested size: 144.54pt x 23.42201pt.
 [12]
Package epstopdf Info: Source file: <PLOS-Submission.eps>
(epstopdf)                    date: 2016-03-31 20:31:16
(epstopdf)                    size: 283246 bytes
(epstopdf)             Output file: <PLOS-Submission-eps-converted-to.pdf>
(epstopdf)                    date: 2016-09-08 16:37:19
(epstopdf)                    size: 15452 bytes
(epstopdf)             Command: <repstopdf --outfile=PLOS-Submission-eps-conver
ted-to.pdf PLOS-Submission.eps>
(epstopdf)             \includegraphics on input line 768.
Package epstopdf Info: Output file is already uptodate.
File: PLOS-Submission-eps-converted-to.pdf Graphic file (type pdf)

<use PLOS-Submission-eps-converted-to.pdf>
Package pdftex.def Info: PLOS-Submission-eps-converted-to.pdf used on input lin
e 768.
(pdftex.def)             Requested size: 144.54pt x 23.42201pt.
 [13

]
Package epstopdf Info: Source file: <PLOS-Submission.eps>
(epstopdf)                    date: 2016-03-31 20:31:16
(epstopdf)                    size: 283246 bytes
(epstopdf)             Output file: <PLOS-Submission-eps-converted-to.pdf>
(epstopdf)                    date: 2016-09-08 16:37:19
(epstopdf)                    size: 15452 bytes
(epstopdf)             Command: <repstopdf --outfile=PLOS-Submission-eps-conver
ted-to.pdf PLOS-Submission.eps>
(epstopdf)             \includegraphics on input line 883.
Package epstopdf Info: Output file is already uptodate.
File: PLOS-Submission-eps-converted-to.pdf Graphic file (type pdf)

<use PLOS-Submission-eps-converted-to.pdf>
Package pdftex.def Info: PLOS-Submission-eps-converted-to.pdf used on input lin
e 883.
(pdftex.def)             Requested size: 144.54pt x 23.42201pt.
 [14]
Package epstopdf Info: Source file: <PLOS-Submission.eps>
(epstopdf)                    date: 2016-03-31 20:31:16
(epstopdf)                    size: 283246 bytes
(epstopdf)             Output file: <PLOS-Submission-eps-converted-to.pdf>
(epstopdf)                    date: 2016-09-08 16:37:19
(epstopdf)                    size: 15452 bytes
(epstopdf)             Command: <repstopdf --outfile=PLOS-Submission-eps-conver
ted-to.pdf PLOS-Submission.eps>
(epstopdf)             \includegraphics on input line 952.
Package epstopdf Info: Output file is already uptodate.
File: PLOS-Submission-eps-converted-to.pdf Graphic file (type pdf)

<use PLOS-Submission-eps-converted-to.pdf>
Package pdftex.def Info: PLOS-Submission-eps-converted-to.pdf used on input lin
e 952.
(pdftex.def)             Requested size: 144.54pt x 23.42201pt.
 [15]
Package epstopdf Info: Source file: <PLOS-Submission.eps>
(epstopdf)                    date: 2016-03-31 20:31:16
(epstopdf)                    size: 283246 bytes
(epstopdf)             Output file: <PLOS-Submission-eps-converted-to.pdf>
(epstopdf)                    date: 2016-09-08 16:37:19
(epstopdf)                    size: 15452 bytes
(epstopdf)             Command: <repstopdf --outfile=PLOS-Submission-eps-conver
ted-to.pdf PLOS-Submission.eps>
(epstopdf)             \includegraphics on input line 1005.
Package epstopdf Info: Output file is already uptodate.
File: PLOS-Submission-eps-converted-to.pdf Graphic file (type pdf)

<use PLOS-Submission-eps-converted-to.pdf>
Package pdftex.def Info: PLOS-Submission-eps-converted-to.pdf used on input lin
e 1005.
(pdftex.def)             Requested size: 144.54pt x 23.42201pt.
 [16]
Underfull \hbox (badness 10000) in paragraph at lines 1014--1014
[]\OT1/cmr/m/n/7 Top 5 Driv-ing
 []


Underfull \hbox (badness 10000) in paragraph at lines 1016--1016
[]\OT1/cmr/m/it/7 NEAT1, IGFBP5,
 []


Underfull \hbox (badness 10000) in paragraph at lines 1016--1016
\OT1/cmr/m/it/7 CCLN2, SRSF5,
 []


Underfull \hbox (badness 2005) in paragraph at lines 1017--1017
[]\OT1/cmr/m/it/7 SNAP25, FBXL16,
 []


Underfull \hbox (badness 10000) in paragraph at lines 1017--1017
\OT1/cmr/m/it/7 NCDN, SNCB,
 []


Underfull \hbox (badness 10000) in paragraph at lines 1018--1018
[]\OT1/cmr/m/it/7 FABP4, PLIN1,
 []


Underfull \hbox (badness 10000) in paragraph at lines 1018--1018
\OT1/cmr/m/it/7 FASN, GPX3,
 []


Underfull \hbox (badness 10000) in paragraph at lines 1019--1019
[]\OT1/cmr/m/it/7 ACTG2, MYH11,
 []


Underfull \hbox (badness 10000) in paragraph at lines 1019--1019
\OT1/cmr/m/it/7 SYNM, MYLK,
 []


Underfull \hbox (badness 10000) in paragraph at lines 1019--1019
[]\OT1/cmr/m/n/7 GO:0043292 (con-trac-tile fiber)[3e-13], GO:0006936 (mus-cle c
ontraction)[5e-12], GO:0030016
 []


Underfull \hbox (badness 10000) in paragraph at lines 1020--1020
[]\OT1/cmr/m/it/7 RGS5, MGP,
 []


Underfull \hbox (badness 10000) in paragraph at lines 1020--1020
\OT1/cmr/m/it/7 AEBP1, IGFBP7,
 []


Underfull \hbox (badness 1082) in paragraph at lines 1020--1020
[]\OT1/cmr/m/n/7 GO:0005578 (pro-teina-ceous ex-tra-cel-lu-lar matrix)[4e-20], 
GO:0030198 (ex-tra-cel-lu-lar matrix)[2e-18],
 []


Underfull \hbox (badness 10000) in paragraph at lines 1021--1021
[]\OT1/cmr/m/it/7 KRT10, KRT1,
 []


Underfull \hbox (badness 10000) in paragraph at lines 1021--1021
\OT1/cmr/m/it/7 KRT2, LOR,
 []


Underfull \hbox (badness 10000) in paragraph at lines 1022--1022
[]\OT1/cmr/m/it/7 NEB, MYH1,
 []


Underfull \hbox (badness 10000) in paragraph at lines 1022--1022
\OT1/cmr/m/it/7 MYH2, MYBPC1,
 []


Underfull \hbox (badness 10000) in paragraph at lines 1023--1023
[]\OT1/cmr/m/it/7 FN1, COL1A1,
 []


Underfull \hbox (badness 10000) in paragraph at lines 1024--1024
[]\OT1/cmr/m/it/7 MBP, GFAP,
 []


Underfull \hbox (badness 10000) in paragraph at lines 1024--1024
\OT1/cmr/m/it/7 MTURN, HIPK2,
 []


Underfull \hbox (badness 10000) in paragraph at lines 1025--1025
[]\OT1/cmr/m/it/7 CYP17A1,
 []


Underfull \hbox (badness 10000) in paragraph at lines 1025--1025
\OT1/cmr/m/it/7 CYP11B1, PIGR,
 []


Underfull \hbox (badness 10000) in paragraph at lines 1026--1026
[]\OT1/cmr/m/it/7 MPZ, APOD,
 []


Underfull \hbox (badness 10000) in paragraph at lines 1026--1026
\OT1/cmr/m/it/7 PMP22, PRX,
 []


Underfull \hbox (badness 10000) in paragraph at lines 1027--1027
[]\OT1/cmr/m/it/7 IGHM, IGHG1,
 []


Underfull \hbox (badness 10000) in paragraph at lines 1027--1027
\OT1/cmr/m/it/7 IGHG2, IGHG4,
 []


Underfull \hbox (badness 10000) in paragraph at lines 1028--1028
[]\OT1/cmr/m/it/7 TG, PRL, GH1,
 []


Underfull \hbox (badness 10000) in paragraph at lines 1029--1029
[]\OT1/cmr/m/it/7 NPPA, MYH6,
 []


Underfull \hbox (badness 10000) in paragraph at lines 1029--1029
\OT1/cmr/m/it/7 TNNT2, ACTC1,
 []


Underfull \hbox (badness 10000) in paragraph at lines 1029--1029
[]\OT1/cmr/m/n/7 GO:0045333 (cel-lu-lar respiration)[2e-34], GO:0022904 (res-pi
-ra-tory elec-tron transport)[8e-33],
 []


Underfull \hbox (badness 10000) in paragraph at lines 1030--1030
[]\OT1/cmr/m/it/7 KRT13, KRT4,
 []


Underfull \hbox (badness 10000) in paragraph at lines 1030--1030
\OT1/cmr/m/it/7 MUC7, CRNN,
 []


Underfull \hbox (badness 10000) in paragraph at lines 1031--1031
\OT1/cmr/m/it/7 SFTPA2, SFTPC,
 []


Underfull \hbox (badness 10000) in paragraph at lines 1032--1032
[]\OT1/cmr/m/it/7 CSF3R, MMP25,
 []


Underfull \hbox (badness 10000) in paragraph at lines 1032--1032
\OT1/cmr/m/it/7 IL1R2, SELL,
 []


Underfull \hbox (badness 1888) in paragraph at lines 1032--1032
[]\OT1/cmr/m/n/7 GO:0006955 (im-mune response)[8e-22], GO:0006952 (de-fense res
ponse)[9e-16], GO:0071944 (cell
 []


Underfull \hbox (badness 3657) in paragraph at lines 1032--1032
\OT1/cmr/m/n/7 periphery)[7e-15], GO:0005886 (plasma membrane)[7e-15], GO:00507
76 (reg-u-la-tion of im-mune
 []


Underfull \hbox (badness 10000) in paragraph at lines 1033--1033
[]\OT1/cmr/m/it/7 PRSS1, CPA1,
 []


Underfull \hbox (badness 10000) in paragraph at lines 1033--1033
\OT1/cmr/m/it/7 PN-LIP, CELA3A,
 []


Underfull \hbox (badness 10000) in paragraph at lines 1034--1034
[]\OT1/cmr/m/it/7 HBB, HBA2,
 []


Underfull \hbox (badness 10000) in paragraph at lines 1034--1034
\OT1/cmr/m/it/7 HBA1, FKBP8,
 []


Underfull \hbox (badness 10000) in paragraph at lines 1035--1035
[]\OT1/cmr/m/it/7 ALB, HP, FGB,
 []


Overfull \hbox (17.93248pt too wide) in paragraph at lines 1012--1037
 [] 
 []


LaTeX Warning: Float too large for page by 7.03654pt on input line 1038.


Underfull \hbox (badness 10000) in paragraph at lines 1049--1049
[]\OT1/cmr/m/n/7 Top 5 Driv-ing
 []


Underfull \hbox (badness 10000) in paragraph at lines 1053--1053
[]\OT1/cmr/m/it/7 ENC1, NCALD,
 []


Underfull \hbox (badness 10000) in paragraph at lines 1053--1053
\OT1/cmr/m/it/7 YWHAH, KIF5A,
 []


Underfull \hbox (badness 10000) in paragraph at lines 1055--1055
[]\OT1/cmr/m/it/7 PKD1, CBLN3,
 []


Underfull \hbox (badness 10000) in paragraph at lines 1055--1055
\OT1/cmr/m/it/7 CHGB, COL27A1,
 []


Underfull \hbox (badness 2809) in paragraph at lines 1057--1057
[]\OT1/cmr/m/it/7 PPP1R1B, RGS14,
 []


Underfull \hbox (badness 10000) in paragraph at lines 1057--1057
\OT1/cmr/m/it/7 NCDN, PDE1B,
 []


Underfull \hbox (badness 3302) in paragraph at lines 1059--1059
[]\OT1/cmr/m/it/7 MBP, GFAP, TF,
 []


Overfull \hbox (17.93248pt too wide) in paragraph at lines 1047--1064
 [] 
 []


Underfull \hbox (badness 10000) in paragraph at lines 1080--1080
[]\OT1/cmr/m/it/7 Bcl2l10\OT1/cmr/m/n/7 , \OT1/cmr/m/it/7 E330034G19Rik\OT1/cmr
/m/n/7 ,
 []


Underfull \hbox (badness 10000) in paragraph at lines 1080--1080
\OT1/cmr/m/it/7 Tcl1\OT1/cmr/m/n/7 ,\OT1/cmr/m/it/7 LOC100502936\OT1/cmr/m/n/7 
, \OT1/cmr/m/it/7 Oas1d\OT1/cmr/m/n/7 ,
 []


Underfull \hbox (badness 7907) in paragraph at lines 1080--1080
\OT1/cmr/m/it/7 AU022751\OT1/cmr/m/n/7 , \OT1/cmr/m/it/7 Spin1\OT1/cmr/m/n/7 , 
\OT1/cmr/m/it/7 Khdc1b\OT1/cmr/m/n/7 ,
 []


Underfull \hbox (badness 10000) in paragraph at lines 1080--1081
[]\OT1/cmr/m/n/7 GO:0007276 (ga-mete generation)[7e-06], GO:0032504 (mul-ti-cel
-lu-lar or-gan-ism
 []


Underfull \hbox (badness 4899) in paragraph at lines 1080--1081
\OT1/cmr/m/n/7 (oogenesis)[5e-04], GO:0048599 (oocyte development)[9e-04], GO:0
009994 (oocyte
 []


Underfull \hbox (badness 10000) in paragraph at lines 1082--1083
[]\OT1/cmr/m/it/7 Obox3\OT1/cmr/m/n/7 , \OT1/cmr/m/it/7 Zfp352\OT1/cmr/m/n/7 , 
\OT1/cmr/m/it/7 Gm8300\OT1/cmr/m/n/7 ,
 []


Underfull \hbox (badness 3354) in paragraph at lines 1082--1083
\OT1/cmr/m/it/7 Usp17l5\OT1/cmr/m/n/7 , \OT1/cmr/m/it/7 BB287469\OT1/cmr/m/n/7 
, \OT1/cmr/m/it/7 Rfpl4b\OT1/cmr/m/n/7 ,
 []


Underfull \hbox (badness 1038) in paragraph at lines 1085--1085
\OT1/cmr/m/it/7 Cenpe\OT1/cmr/m/n/7 , \OT1/cmr/m/it/7 Rnf216\OT1/cmr/m/n/7 , \O
T1/cmr/m/it/7 Ctsl\OT1/cmr/m/n/7 , \OT1/cmr/m/it/7 Tor1b\OT1/cmr/m/n/7 ,
 []


Underfull \hbox (badness 1107) in paragraph at lines 1085--1086
[]\OT1/cmr/m/n/7 GO:0044428 (nu-clear part)[1e-08], GO:0031981 (nu-clear lumen)
[3e-08], GO:0070013
 []


Underfull \hbox (badness 4193) in paragraph at lines 1085--1086
\OT1/cmr/m/n/7 (in-tra-cel-lu-lar or-ganelle lumen)[9e-08], GO:0005730 (nucleol
us)[5e-07], GO:0005654
 []


Underfull \hbox (badness 10000) in paragraph at lines 1088--1089
[]\OT1/cmr/m/it/7 Timd2\OT1/cmr/m/n/7 , \OT1/cmr/m/it/7 Isyna1\OT1/cmr/m/n/7 , 
\OT1/cmr/m/it/7 Alppl2\OT1/cmr/m/n/7 ,
 []


Underfull \hbox (badness 10000) in paragraph at lines 1088--1089
\OT1/cmr/m/it/7 Prame15\OT1/cmr/m/n/7 , \OT1/cmr/m/it/7 Fbxo15\OT1/cmr/m/n/7 , 
\OT1/cmr/m/it/7 Tceb1\OT1/cmr/m/n/7 ,
 []


Underfull \hbox (badness 10000) in paragraph at lines 1088--1089
\OT1/cmr/m/it/7 Gpd1l\OT1/cmr/m/n/7 , \OT1/cmr/m/it/7 Pemt\OT1/cmr/m/n/7 , \OT1
/cmr/m/it/7 Hsp90aa1\OT1/cmr/m/n/7 ,
 []


Underfull \hbox (badness 1472) in paragraph at lines 1092--1093
[]\OT1/cmr/m/n/7 GO:0070062 (ex-tra-cel-lu-lar exosome)[1e-05], GO:0043230 (ex-
tra-cel-lu-lar organelle)[2e-
 []


Underfull \hbox (badness 1509) in paragraph at lines 1092--1093
\OT1/cmr/m/n/7 05], GO:1903561 (ex-tra-cel-lu-lar vesicle)[1e-05], GO:0006950 (
re-sponse to stress)[1e-
 []


Underfull \hbox (badness 6364) in paragraph at lines 1092--1093
\OT1/cmr/m/n/7 05], GO:0048514 (blood ves-sel morphogenesis)[7e-04], GO:0001944
 (vas-cu-la-ture
 []


Underfull \hbox (badness 10000) in paragraph at lines 1094--1096
[]\OT1/cmr/m/it/7 Actb\OT1/cmr/m/n/7 , \OT1/cmr/m/it/7 Krt18\OT1/cmr/m/n/7 , \O
T1/cmr/m/it/7 Fabp3\OT1/cmr/m/n/7 , \OT1/cmr/m/it/7 Id2\OT1/cmr/m/n/7 ,
 []


Overfull \hbox (3.47871pt too wide) in paragraph at lines 1076--1099
 [] 
 []

Package epstopdf Info: Source file: <PLOS-Submission.eps>
(epstopdf)                    date: 2016-03-31 20:31:16
(epstopdf)                    size: 283246 bytes
(epstopdf)             Output file: <PLOS-Submission-eps-converted-to.pdf>
(epstopdf)                    date: 2016-09-08 16:37:19
(epstopdf)                    size: 15452 bytes
(epstopdf)             Command: <repstopdf --outfile=PLOS-Submission-eps-conver
ted-to.pdf PLOS-Submission.eps>
(epstopdf)             \includegraphics on input line 1102.
Package epstopdf Info: Output file is already uptodate.
File: PLOS-Submission-eps-converted-to.pdf Graphic file (type pdf)
<use PLOS-Submission-eps-converted-to.pdf>
Package pdftex.def Info: PLOS-Submission-eps-converted-to.pdf used on input lin
e 1102.
(pdftex.def)             Requested size: 144.54pt x 23.42201pt.
 [17]
Package epstopdf Info: Source file: <PLOS-Submission.eps>
(epstopdf)                    date: 2016-03-31 20:31:16
(epstopdf)                    size: 283246 bytes
(epstopdf)             Output file: <PLOS-Submission-eps-converted-to.pdf>
(epstopdf)                    date: 2016-09-08 16:37:19
(epstopdf)                    size: 15452 bytes
(epstopdf)             Command: <repstopdf --outfile=PLOS-Submission-eps-conver
ted-to.pdf PLOS-Submission.eps>
(epstopdf)             \includegraphics on input line 1102.
Package epstopdf Info: Output file is already uptodate.
File: PLOS-Submission-eps-converted-to.pdf Graphic file (type pdf)

<use PLOS-Submission-eps-converted-to.pdf>
Package pdftex.def Info: PLOS-Submission-eps-converted-to.pdf used on input lin
e 1102.
(pdftex.def)             Requested size: 144.54pt x 23.42201pt.
 [18]
<../plots/gtex-figures/gtex-k20-05-01-2016.pdf, id=343, 770.88pt x 1027.84pt>
File: ../plots/gtex-figures/gtex-k20-05-01-2016.pdf Graphic file (type pdf)

<use ../plots/gtex-figures/gtex-k20-05-01-2016.pdf>
Package pdftex.def Info: ../plots/gtex-figures/gtex-k20-05-01-2016.pdf used on 
input line 1106.
(pdftex.def)             Requested size: 397.48402pt x 505.88876pt.

Overfull \hbox (18.06653pt too wide) in paragraph at lines 1106--1107
[][] 
 []

<../plots/hierarchy_F_thin_0_1.png, id=344, 481.8pt x 481.8pt>
File: ../plots/hierarchy_F_thin_0_1.png Graphic file (type png)

<use ../plots/hierarchy_F_thin_0_1.png>
Package pdftex.def Info: ../plots/hierarchy_F_thin_0_1.png used on input line 1
116.
(pdftex.def)             Requested size: 252.94142pt x 252.94499pt.

Overfull \hbox (63.23268pt too wide) in paragraph at lines 1116--1117
 [][] 
 []

<../plots/admixture_F_thin_0_1.png, id=346, 481.8pt x 481.8pt>
File: ../plots/admixture_F_thin_0_1.png Graphic file (type png)

<use ../plots/admixture_F_thin_0_1.png>
Package pdftex.def Info: ../plots/admixture_F_thin_0_1.png used on input line 1
122.
(pdftex.def)             Requested size: 252.94142pt x 252.94499pt.

Overfull \hbox (63.23268pt too wide) in paragraph at lines 1122--1123
 [][] 
 []


Overfull \hbox (4.44441pt too wide) in paragraph at lines 1114--1124
 [][]  [] 
 []


LaTeX Warning: `!h' float specifier changed to `!ht'.

<../plots/jaitin-figures/jaitin-main2.pdf, id=347, 794.97pt x 614.295pt>
File: ../plots/jaitin-figures/jaitin-main2.pdf Graphic file (type pdf)

<use ../plots/jaitin-figures/jaitin-main2.pdf>
Package pdftex.def Info: ../plots/jaitin-figures/jaitin-main2.pdf used on input
 line 1132.
(pdftex.def)             Requested size: 397.49615pt x 433.62169pt.

Overfull \hbox (18.07866pt too wide) in paragraph at lines 1132--1133
 [][] 
 []


LaTeX Warning: `!h' float specifier changed to `!ht'.

<../plots/deng-figures/deng-main-v4.pdf, id=349, 770.88pt x 1027.84pt>
File: ../plots/deng-figures/deng-main-v4.pdf Graphic file (type pdf)

<use ../plots/deng-figures/deng-main-v4.pdf>
Package pdftex.def Info: ../plots/deng-figures/deng-main-v4.pdf used on input l
ine 1140.
(pdftex.def)             Requested size: 397.48402pt x 505.88876pt.

Overfull \hbox (18.06653pt too wide) in paragraph at lines 1140--1144
 [][] 
 []


LaTeX Warning: `!h' float specifier changed to `!ht'.


AED: lastpage setting LastPage
Package epstopdf Info: Source file: <PLOS-Submission.eps>
(epstopdf)                    date: 2016-03-31 20:31:16
(epstopdf)                    size: 283246 bytes
(epstopdf)             Output file: <PLOS-Submission-eps-converted-to.pdf>
(epstopdf)                    date: 2016-09-08 16:37:19
(epstopdf)                    size: 15452 bytes
(epstopdf)             Command: <repstopdf --outfile=PLOS-Submission-eps-conver
ted-to.pdf PLOS-Submission.eps>
(epstopdf)             \includegraphics on input line 1160.
Package epstopdf Info: Output file is already uptodate.
File: PLOS-Submission-eps-converted-to.pdf Graphic file (type pdf)
<use PLOS-Submission-eps-converted-to.pdf>
Package pdftex.def Info: PLOS-Submission-eps-converted-to.pdf used on input lin
e 1160.
(pdftex.def)             Requested size: 144.54pt x 23.42201pt.
 [19


 <../plots/gtex-figures/gtex-k20-05-01-2016.pdf>]
Package epstopdf Info: Source file: <PLOS-Submission.eps>
(epstopdf)                    date: 2016-03-31 20:31:16
(epstopdf)                    size: 283246 bytes
(epstopdf)             Output file: <PLOS-Submission-eps-converted-to.pdf>
(epstopdf)                    date: 2016-09-08 16:37:19
(epstopdf)                    size: 15452 bytes
(epstopdf)             Command: <repstopdf --outfile=PLOS-Submission-eps-conver
ted-to.pdf PLOS-Submission.eps>
(epstopdf)             \includegraphics on input line 1160.
Package epstopdf Info: Output file is already uptodate.
File: PLOS-Submission-eps-converted-to.pdf Graphic file (type pdf)
 <use PLOS-Submission-eps-converted-to.pdf>
Package pdftex.def Info: PLOS-Submission-eps-converted-to.pdf used on input lin
e 1160.
(pdftex.def)             Requested size: 144.54pt x 23.42201pt.
 [20 <../plots/hierarchy_F_thin_0_1.png> <../plots/admixture_F_thin_0_1.png>]
Package epstopdf Info: Source file: <PLOS-Submission.eps>
(epstopdf)                    date: 2016-03-31 20:31:16
(epstopdf)                    size: 283246 bytes
(epstopdf)             Output file: <PLOS-Submission-eps-converted-to.pdf>
(epstopdf)                    date: 2016-09-08 16:37:19
(epstopdf)                    size: 15452 bytes
(epstopdf)             Command: <repstopdf --outfile=PLOS-Submission-eps-conver
ted-to.pdf PLOS-Submission.eps>
(epstopdf)             \includegraphics on input line 1160.
Package epstopdf Info: Output file is already uptodate.
File: PLOS-Submission-eps-converted-to.pdf Graphic file (type pdf)

<use PLOS-Submission-eps-converted-to.pdf>
Package pdftex.def Info: PLOS-Submission-eps-converted-to.pdf used on input lin
e 1160.
(pdftex.def)             Requested size: 144.54pt x 23.42201pt.
 [21 <../plots/jaitin-figures/jaitin-main2.pdf>]
Package epstopdf Info: Source file: <PLOS-Submission.eps>
(epstopdf)                    date: 2016-03-31 20:31:16
(epstopdf)                    size: 283246 bytes
(epstopdf)             Output file: <PLOS-Submission-eps-converted-to.pdf>
(epstopdf)                    date: 2016-09-08 16:37:19
(epstopdf)                    size: 15452 bytes
(epstopdf)             Command: <repstopdf --outfile=PLOS-Submission-eps-conver
ted-to.pdf PLOS-Submission.eps>
(epstopdf)             \includegraphics on input line 1160.
Package epstopdf Info: Output file is already uptodate.
File: PLOS-Submission-eps-converted-to.pdf Graphic file (type pdf)
 <use PLOS-Submission-eps-converted-to.pdf>
Package pdftex.def Info: PLOS-Submission-eps-converted-to.pdf used on input lin
e 1160.
(pdftex.def)             Requested size: 144.54pt x 23.42201pt.
 [22 <../plots/deng-figures/deng-main-v4.pdf>]
Package atveryend Info: Empty hook `BeforeClearDocument' on input line 1160.
Package atveryend Info: Empty hook `AfterLastShipout' on input line 1160.
 (./manuscript-plos-gen-2.aux)
Package atveryend Info: Executing hook `AtVeryEndDocument' on input line 1160.
Package atveryend Info: Executing hook `AtEndAfterFileList' on input line 1160.

Package rerunfilecheck Info: File `manuscript-plos-gen-2.out' has not changed.
(rerunfilecheck)             Checksum: D41D8CD98F00B204E9800998ECF8427E;0.
Package atveryend Info: Empty hook `AtVeryVeryEnd' on input line 1160.
 ) 
Here is how much of TeX's memory you used:
 10923 strings out of 493117
 167627 string characters out of 6135433
 321717 words of memory out of 5000000
 13995 multiletter control sequences out of 15000+600000
 11629 words of font info for 73 fonts, out of 8000000 for 9000
 1141 hyphenation exceptions out of 8191
 42i,16n,43p,1875b,503s stack positions out of 5000i,500n,10000p,200000b,80000s
</usr/local/texlive/2014/texmf-dist/fonts/type1/public/amsfonts/cm/cmbx10.pfb
></usr/local/texlive/2014/texmf-dist/fonts/type1/public/amsfonts/cm/cmbx12.pfb>
</usr/local/texlive/2014/texmf-dist/fonts/type1/public/amsfonts/cm/cmbx9.pfb></
usr/local/texlive/2014/texmf-dist/fonts/type1/public/amsfonts/cm/cmex10.pfb></u
sr/local/texlive/2014/texmf-dist/fonts/type1/public/amsfonts/cm/cmmi10.pfb></us
r/local/texlive/2014/texmf-dist/fonts/type1/public/amsfonts/cm/cmmi7.pfb></usr/
local/texlive/2014/texmf-dist/fonts/type1/public/amsfonts/cm/cmr10.pfb></usr/lo
cal/texlive/2014/texmf-dist/fonts/type1/public/amsfonts/cm/cmr12.pfb></usr/loca
l/texlive/2014/texmf-dist/fonts/type1/public/amsfonts/cm/cmr7.pfb></usr/local/t
exlive/2014/texmf-dist/fonts/type1/public/amsfonts/cm/cmr9.pfb></usr/local/texl
ive/2014/texmf-dist/fonts/type1/public/amsfonts/cm/cmss10.pfb></usr/local/texli
ve/2014/texmf-dist/fonts/type1/public/amsfonts/cm/cmss8.pfb></usr/local/texlive
/2014/texmf-dist/fonts/type1/public/amsfonts/cm/cmsy10.pfb></usr/local/texlive/
2014/texmf-dist/fonts/type1/public/amsfonts/cm/cmsy7.pfb></usr/local/texlive/20
14/texmf-dist/fonts/type1/public/amsfonts/cm/cmti10.pfb></usr/local/texlive/201
4/texmf-dist/fonts/type1/public/amsfonts/cm/cmti7.pfb></usr/local/texlive/2014/
texmf-dist/fonts/type1/public/amsfonts/cm/cmtt10.pfb>
Output written on manuscript-plos-gen-2.pdf (22 pages, 1099564 bytes).
PDF statistics:
 605 PDF objects out of 1000 (max. 8388607)
 505 compressed objects within 6 object streams
 122 named destinations out of 1000 (max. 500000)
 15391 words of extra memory for PDF output out of 17280 (max. 10000000)

