This is pdfTeX, Version 3.14159265-2.6-1.40.16 (TeX Live 2015) (preloaded format=pdflatex 2016.3.15)  31 MAR 2016 23:55
entering extended mode
 restricted \write18 enabled.
 file:line:error style messages enabled.
 %&-line parsing enabled.
**manuscript-plos-gen.tex
(./manuscript-plos-gen.tex
LaTeX2e <2016/02/01>
Babel <3.9q> and hyphenation patterns for 81 language(s) loaded.
(/usr/local/texlive/2015/texmf-dist/tex/latex/base/article.cls
Document Class: article 2014/09/29 v1.4h Standard LaTeX document class
(/usr/local/texlive/2015/texmf-dist/tex/latex/base/size10.clo
File: size10.clo 2014/09/29 v1.4h Standard LaTeX file (size option)
)
\c@part=\count79
\c@section=\count80
\c@subsection=\count81
\c@subsubsection=\count82
\c@paragraph=\count83
\c@subparagraph=\count84
\c@figure=\count85
\c@table=\count86
\abovecaptionskip=\skip41
\belowcaptionskip=\skip42
\bibindent=\dimen102
)
(/usr/local/texlive/2015/texmf-dist/tex/latex/geometry/geometry.sty
Package: geometry 2010/09/12 v5.6 Page Geometry

(/usr/local/texlive/2015/texmf-dist/tex/latex/graphics/keyval.sty
Package: keyval 2014/10/28 v1.15 key=value parser (DPC)
\KV@toks@=\toks14
)
(/usr/local/texlive/2015/texmf-dist/tex/generic/oberdiek/ifpdf.sty
Package: ifpdf 2011/01/30 v2.3 Provides the ifpdf switch (HO)
Package ifpdf Info: pdfTeX in PDF mode is detected.
)
(/usr/local/texlive/2015/texmf-dist/tex/generic/oberdiek/ifvtex.sty
Package: ifvtex 2010/03/01 v1.5 Detect VTeX and its facilities (HO)
Package ifvtex Info: VTeX not detected.
)
(/usr/local/texlive/2015/texmf-dist/tex/generic/ifxetex/ifxetex.sty
Package: ifxetex 2010/09/12 v0.6 Provides ifxetex conditional
)
\Gm@cnth=\count87
\Gm@cntv=\count88
\c@Gm@tempcnt=\count89
\Gm@bindingoffset=\dimen103
\Gm@wd@mp=\dimen104
\Gm@odd@mp=\dimen105
\Gm@even@mp=\dimen106
\Gm@layoutwidth=\dimen107
\Gm@layoutheight=\dimen108
\Gm@layouthoffset=\dimen109
\Gm@layoutvoffset=\dimen110
\Gm@dimlist=\toks15
)
(/usr/local/texlive/2015/texmf-dist/tex/latex/changepage/changepage.sty
Package: changepage 2009/10/20 v1.0c check page and change page layout
\c@cp@cntr=\count90
\cp@tempcnt=\count91
)
(/usr/local/texlive/2015/texmf-dist/tex/latex/base/inputenc.sty
Package: inputenc 2015/03/17 v1.2c Input encoding file
\inpenc@prehook=\toks16
\inpenc@posthook=\toks17

(/usr/local/texlive/2015/texmf-dist/tex/latex/ucs/utf8x.def
File: utf8x.def 2004/10/17 UCS: Input encoding UTF-8
))
(/usr/local/texlive/2015/texmf-dist/tex/latex/ucs/ucs.sty
Package: ucs 2013/05/11 v2.2 UCS: Unicode input support

(/usr/local/texlive/2015/texmf-dist/tex/latex/ucs/data/uni-global.def
File: uni-global.def 2013/05/13 UCS: Unicode global data
)
\uc@secondtry=\count92
\uc@combtoks=\toks18
\uc@combtoksb=\toks19
\uc@temptokena=\toks20
)
(/usr/local/texlive/2015/texmf-dist/tex/latex/base/textcomp.sty
Package: textcomp 2005/09/27 v1.99g Standard LaTeX package
Package textcomp Info: Sub-encoding information:
(textcomp)               5 = only ISO-Adobe without \textcurrency
(textcomp)               4 = 5 + \texteuro
(textcomp)               3 = 4 + \textohm
(textcomp)               2 = 3 + \textestimated + \textcurrency
(textcomp)               1 = TS1 - \textcircled - \t
(textcomp)               0 = TS1 (full)
(textcomp)             Font families with sub-encoding setting implement
(textcomp)             only a restricted character set as indicated.
(textcomp)             Family '?' is the default used for unknown fonts.
(textcomp)             See the documentation for details.
Package textcomp Info: Setting ? sub-encoding to TS1/1 on input line 79.

(/usr/local/texlive/2015/texmf-dist/tex/latex/base/ts1enc.def
File: ts1enc.def 2001/06/05 v3.0e (jk/car/fm) Standard LaTeX file
)
LaTeX Info: Redefining \oldstylenums on input line 334.
Package textcomp Info: Setting cmr sub-encoding to TS1/0 on input line 349.
Package textcomp Info: Setting cmss sub-encoding to TS1/0 on input line 350.
Package textcomp Info: Setting cmtt sub-encoding to TS1/0 on input line 351.
Package textcomp Info: Setting cmvtt sub-encoding to TS1/0 on input line 352.
Package textcomp Info: Setting cmbr sub-encoding to TS1/0 on input line 353.
Package textcomp Info: Setting cmtl sub-encoding to TS1/0 on input line 354.
Package textcomp Info: Setting ccr sub-encoding to TS1/0 on input line 355.
Package textcomp Info: Setting ptm sub-encoding to TS1/4 on input line 356.
Package textcomp Info: Setting pcr sub-encoding to TS1/4 on input line 357.
Package textcomp Info: Setting phv sub-encoding to TS1/4 on input line 358.
Package textcomp Info: Setting ppl sub-encoding to TS1/3 on input line 359.
Package textcomp Info: Setting pag sub-encoding to TS1/4 on input line 360.
Package textcomp Info: Setting pbk sub-encoding to TS1/4 on input line 361.
Package textcomp Info: Setting pnc sub-encoding to TS1/4 on input line 362.
Package textcomp Info: Setting pzc sub-encoding to TS1/4 on input line 363.
Package textcomp Info: Setting bch sub-encoding to TS1/4 on input line 364.
Package textcomp Info: Setting put sub-encoding to TS1/5 on input line 365.
Package textcomp Info: Setting uag sub-encoding to TS1/5 on input line 366.
Package textcomp Info: Setting ugq sub-encoding to TS1/5 on input line 367.
Package textcomp Info: Setting ul8 sub-encoding to TS1/4 on input line 368.
Package textcomp Info: Setting ul9 sub-encoding to TS1/4 on input line 369.
Package textcomp Info: Setting augie sub-encoding to TS1/5 on input line 370.
Package textcomp Info: Setting dayrom sub-encoding to TS1/3 on input line 371.
Package textcomp Info: Setting dayroms sub-encoding to TS1/3 on input line 372.

Package textcomp Info: Setting pxr sub-encoding to TS1/0 on input line 373.
Package textcomp Info: Setting pxss sub-encoding to TS1/0 on input line 374.
Package textcomp Info: Setting pxtt sub-encoding to TS1/0 on input line 375.
Package textcomp Info: Setting txr sub-encoding to TS1/0 on input line 376.
Package textcomp Info: Setting txss sub-encoding to TS1/0 on input line 377.
Package textcomp Info: Setting txtt sub-encoding to TS1/0 on input line 378.
Package textcomp Info: Setting lmr sub-encoding to TS1/0 on input line 379.
Package textcomp Info: Setting lmdh sub-encoding to TS1/0 on input line 380.
Package textcomp Info: Setting lmss sub-encoding to TS1/0 on input line 381.
Package textcomp Info: Setting lmssq sub-encoding to TS1/0 on input line 382.
Package textcomp Info: Setting lmvtt sub-encoding to TS1/0 on input line 383.
Package textcomp Info: Setting lmtt sub-encoding to TS1/0 on input line 384.
Package textcomp Info: Setting qhv sub-encoding to TS1/0 on input line 385.
Package textcomp Info: Setting qag sub-encoding to TS1/0 on input line 386.
Package textcomp Info: Setting qbk sub-encoding to TS1/0 on input line 387.
Package textcomp Info: Setting qcr sub-encoding to TS1/0 on input line 388.
Package textcomp Info: Setting qcs sub-encoding to TS1/0 on input line 389.
Package textcomp Info: Setting qpl sub-encoding to TS1/0 on input line 390.
Package textcomp Info: Setting qtm sub-encoding to TS1/0 on input line 391.
Package textcomp Info: Setting qzc sub-encoding to TS1/0 on input line 392.
Package textcomp Info: Setting qhvc sub-encoding to TS1/0 on input line 393.
Package textcomp Info: Setting futs sub-encoding to TS1/4 on input line 394.
Package textcomp Info: Setting futx sub-encoding to TS1/4 on input line 395.
Package textcomp Info: Setting futj sub-encoding to TS1/4 on input line 396.
Package textcomp Info: Setting hlh sub-encoding to TS1/3 on input line 397.
Package textcomp Info: Setting hls sub-encoding to TS1/3 on input line 398.
Package textcomp Info: Setting hlst sub-encoding to TS1/3 on input line 399.
Package textcomp Info: Setting hlct sub-encoding to TS1/5 on input line 400.
Package textcomp Info: Setting hlx sub-encoding to TS1/5 on input line 401.
Package textcomp Info: Setting hlce sub-encoding to TS1/5 on input line 402.
Package textcomp Info: Setting hlcn sub-encoding to TS1/5 on input line 403.
Package textcomp Info: Setting hlcw sub-encoding to TS1/5 on input line 404.
Package textcomp Info: Setting hlcf sub-encoding to TS1/5 on input line 405.
Package textcomp Info: Setting pplx sub-encoding to TS1/3 on input line 406.
Package textcomp Info: Setting pplj sub-encoding to TS1/3 on input line 407.
Package textcomp Info: Setting ptmx sub-encoding to TS1/4 on input line 408.
Package textcomp Info: Setting ptmj sub-encoding to TS1/4 on input line 409.
)
(/usr/local/texlive/2015/texmf-dist/tex/latex/marvosym/marvosym.sty
Package: marvosym 2011/07/20 v2.2 Martin Vogel's Symbols font definitions
)
(/usr/local/texlive/2015/texmf-dist/tex/latex/base/fixltx2e.sty
Package: fixltx2e 2015/06/22 v2.0b fixes to LaTeX (obsolete)


Package fixltx2e Warning: fixltx2e is not required with releases after 2015
(fixltx2e)                All fixes are now in the LaTeX kernel.
(fixltx2e)                See the latexrelease package for details.

) (/usr/local/texlive/2015/texmf-dist/tex/latex/amsmath/amsmath.sty
Package: amsmath 2016/03/03 v2.15a AMS math features
\@mathmargin=\skip43

For additional information on amsmath, use the `?' option.
(/usr/local/texlive/2015/texmf-dist/tex/latex/amsmath/amstext.sty
Package: amstext 2000/06/29 v2.01 AMS text

(/usr/local/texlive/2015/texmf-dist/tex/latex/amsmath/amsgen.sty
File: amsgen.sty 1999/11/30 v2.0 generic functions
\@emptytoks=\toks21
\ex@=\dimen111
))
(/usr/local/texlive/2015/texmf-dist/tex/latex/amsmath/amsbsy.sty
Package: amsbsy 1999/11/29 v1.2d Bold Symbols
\pmbraise@=\dimen112
)
(/usr/local/texlive/2015/texmf-dist/tex/latex/amsmath/amsopn.sty
Package: amsopn 1999/12/14 v2.01 operator names
)
\inf@bad=\count93
LaTeX Info: Redefining \frac on input line 199.
\uproot@=\count94
\leftroot@=\count95
LaTeX Info: Redefining \overline on input line 297.
\classnum@=\count96
\DOTSCASE@=\count97
LaTeX Info: Redefining \ldots on input line 394.
LaTeX Info: Redefining \dots on input line 397.
LaTeX Info: Redefining \cdots on input line 518.
\Mathstrutbox@=\box26
\strutbox@=\box27
\big@size=\dimen113
LaTeX Font Info:    Redeclaring font encoding OML on input line 630.
LaTeX Font Info:    Redeclaring font encoding OMS on input line 631.
\macc@depth=\count98
\c@MaxMatrixCols=\count99
\dotsspace@=\muskip10
\c@parentequation=\count100
\dspbrk@lvl=\count101
\tag@help=\toks22
\row@=\count102
\column@=\count103
\maxfields@=\count104
\andhelp@=\toks23
\eqnshift@=\dimen114
\alignsep@=\dimen115
\tagshift@=\dimen116
\tagwidth@=\dimen117
\totwidth@=\dimen118
\lineht@=\dimen119
\@envbody=\toks24
\multlinegap=\skip44
\multlinetaggap=\skip45
\mathdisplay@stack=\toks25
LaTeX Info: Redefining \[ on input line 2735.
LaTeX Info: Redefining \] on input line 2736.
)
(/usr/local/texlive/2015/texmf-dist/tex/latex/amsfonts/amssymb.sty
Package: amssymb 2013/01/14 v3.01 AMS font symbols

(/usr/local/texlive/2015/texmf-dist/tex/latex/amsfonts/amsfonts.sty
Package: amsfonts 2013/01/14 v3.01 Basic AMSFonts support
\symAMSa=\mathgroup4
\symAMSb=\mathgroup5
LaTeX Font Info:    Overwriting math alphabet `\mathfrak' in version `bold'
(Font)                  U/euf/m/n --> U/euf/b/n on input line 106.
))
(/usr/local/texlive/2015/texmf-dist/tex/latex/cite/cite.sty
LaTeX Info: Redefining \cite on input line 302.
LaTeX Info: Redefining \nocite on input line 332.
Package: cite 2015/02/27  v 5.5
)
(/usr/local/texlive/2015/texmf-dist/tex/latex/hyperref/nameref.sty
Package: nameref 2012/10/27 v2.43 Cross-referencing by name of section

(/usr/local/texlive/2015/texmf-dist/tex/latex/oberdiek/refcount.sty
Package: refcount 2011/10/16 v3.4 Data extraction from label references (HO)

(/usr/local/texlive/2015/texmf-dist/tex/generic/oberdiek/ltxcmds.sty
Package: ltxcmds 2011/11/09 v1.22 LaTeX kernel commands for general use (HO)
)
(/usr/local/texlive/2015/texmf-dist/tex/generic/oberdiek/infwarerr.sty
Package: infwarerr 2010/04/08 v1.3 Providing info/warning/error messages (HO)
))
(/usr/local/texlive/2015/texmf-dist/tex/generic/oberdiek/gettitlestring.sty
Package: gettitlestring 2010/12/03 v1.4 Cleanup title references (HO)

(/usr/local/texlive/2015/texmf-dist/tex/latex/oberdiek/kvoptions.sty
Package: kvoptions 2011/06/30 v3.11 Key value format for package options (HO)

(/usr/local/texlive/2015/texmf-dist/tex/generic/oberdiek/kvsetkeys.sty
Package: kvsetkeys 2012/04/25 v1.16 Key value parser (HO)

(/usr/local/texlive/2015/texmf-dist/tex/generic/oberdiek/etexcmds.sty
Package: etexcmds 2011/02/16 v1.5 Avoid name clashes with e-TeX commands (HO)

(/usr/local/texlive/2015/texmf-dist/tex/generic/oberdiek/ifluatex.sty
Package: ifluatex 2010/03/01 v1.3 Provides the ifluatex switch (HO)
Package ifluatex Info: LuaTeX not detected.
)
Package etexcmds Info: Could not find \expanded.
(etexcmds)             That can mean that you are not using pdfTeX 1.50 or
(etexcmds)             that some package has redefined \expanded.
(etexcmds)             In the latter case, load this package earlier.
))))
\c@section@level=\count105
LaTeX Info: Redefining \ref on input line 353.
LaTeX Info: Redefining \pageref on input line 353.
)
(/usr/local/texlive/2015/texmf-dist/tex/latex/hyperref/hyperref.sty
Package: hyperref 2012/11/06 v6.83m Hypertext links for LaTeX

(/usr/local/texlive/2015/texmf-dist/tex/generic/oberdiek/hobsub-hyperref.sty
Package: hobsub-hyperref 2012/05/28 v1.13 Bundle oberdiek, subset hyperref (HO)


(/usr/local/texlive/2015/texmf-dist/tex/generic/oberdiek/hobsub-generic.sty
Package: hobsub-generic 2012/05/28 v1.13 Bundle oberdiek, subset generic (HO)
Package: hobsub 2012/05/28 v1.13 Construct package bundles (HO)
Package hobsub Info: Skipping package `infwarerr' (already loaded).
Package hobsub Info: Skipping package `ltxcmds' (already loaded).
Package hobsub Info: Skipping package `ifluatex' (already loaded).
Package hobsub Info: Skipping package `ifvtex' (already loaded).
Package: intcalc 2007/09/27 v1.1 Expandable calculations with integers (HO)
Package hobsub Info: Skipping package `ifpdf' (already loaded).
Package hobsub Info: Skipping package `etexcmds' (already loaded).
Package hobsub Info: Skipping package `kvsetkeys' (already loaded).
Package: kvdefinekeys 2011/04/07 v1.3 Define keys (HO)
Package: pdftexcmds 2011/11/29 v0.20 Utility functions of pdfTeX for LuaTeX (HO
)
Package pdftexcmds Info: LuaTeX not detected.
Package pdftexcmds Info: \pdf@primitive is available.
Package pdftexcmds Info: \pdf@ifprimitive is available.
Package pdftexcmds Info: \pdfdraftmode found.
Package: pdfescape 2011/11/25 v1.13 Implements pdfTeX's escape features (HO)
Package: bigintcalc 2012/04/08 v1.3 Expandable calculations on big integers (HO
)
Package: bitset 2011/01/30 v1.1 Handle bit-vector datatype (HO)
Package: uniquecounter 2011/01/30 v1.2 Provide unlimited unique counter (HO)
)
Package hobsub Info: Skipping package `hobsub' (already loaded).
Package: letltxmacro 2010/09/02 v1.4 Let assignment for LaTeX macros (HO)
Package: hopatch 2012/05/28 v1.2 Wrapper for package hooks (HO)
Package: xcolor-patch 2011/01/30 xcolor patch
Package: atveryend 2011/06/30 v1.8 Hooks at the very end of document (HO)
Package atveryend Info: \enddocument detected (standard20110627).
Package: atbegshi 2011/10/05 v1.16 At begin shipout hook (HO)
Package hobsub Info: Skipping package `refcount' (already loaded).
Package: hycolor 2011/01/30 v1.7 Color options for hyperref/bookmark (HO)
)
(/usr/local/texlive/2015/texmf-dist/tex/latex/oberdiek/auxhook.sty
Package: auxhook 2011/03/04 v1.3 Hooks for auxiliary files (HO)
)
\@linkdim=\dimen120
\Hy@linkcounter=\count106
\Hy@pagecounter=\count107

(/usr/local/texlive/2015/texmf-dist/tex/latex/hyperref/pd1enc.def
File: pd1enc.def 2012/11/06 v6.83m Hyperref: PDFDocEncoding definition (HO)
)
\Hy@SavedSpaceFactor=\count108

(/usr/local/texlive/2015/texmf-dist/tex/latex/latexconfig/hyperref.cfg
File: hyperref.cfg 2002/06/06 v1.2 hyperref configuration of TeXLive
)
Package hyperref Info: Hyper figures OFF on input line 4443.
Package hyperref Info: Link nesting OFF on input line 4448.
Package hyperref Info: Hyper index ON on input line 4451.
Package hyperref Info: Plain pages OFF on input line 4458.
Package hyperref Info: Backreferencing OFF on input line 4463.
Package hyperref Info: Implicit mode ON; LaTeX internals redefined.
Package hyperref Info: Bookmarks ON on input line 4688.
\c@Hy@tempcnt=\count109

(/usr/local/texlive/2015/texmf-dist/tex/latex/url/url.sty
\Urlmuskip=\muskip11
Package: url 2013/09/16  ver 3.4  Verb mode for urls, etc.
)
LaTeX Info: Redefining \url on input line 5041.
\XeTeXLinkMargin=\dimen121
\Fld@menulength=\count110
\Field@Width=\dimen122
\Fld@charsize=\dimen123
Package hyperref Info: Hyper figures OFF on input line 6295.
Package hyperref Info: Link nesting OFF on input line 6300.
Package hyperref Info: Hyper index ON on input line 6303.
Package hyperref Info: backreferencing OFF on input line 6310.
Package hyperref Info: Link coloring OFF on input line 6315.
Package hyperref Info: Link coloring with OCG OFF on input line 6320.
Package hyperref Info: PDF/A mode OFF on input line 6325.
LaTeX Info: Redefining \ref on input line 6365.
LaTeX Info: Redefining \pageref on input line 6369.
\Hy@abspage=\count111
\c@Item=\count112
\c@Hfootnote=\count113
)

Package hyperref Message: Driver (autodetected): hpdftex.

(/usr/local/texlive/2015/texmf-dist/tex/latex/hyperref/hpdftex.def
File: hpdftex.def 2012/11/06 v6.83m Hyperref driver for pdfTeX
\Fld@listcount=\count114
\c@bookmark@seq@number=\count115

(/usr/local/texlive/2015/texmf-dist/tex/latex/oberdiek/rerunfilecheck.sty
Package: rerunfilecheck 2011/04/15 v1.7 Rerun checks for auxiliary files (HO)
Package uniquecounter Info: New unique counter `rerunfilecheck' on input line 2
82.
)
\Hy@SectionHShift=\skip46
)
(/usr/local/texlive/2015/texmf-dist/tex/latex/lineno/lineno.sty
Package: lineno 2005/11/02 line numbers on paragraphs v4.41
\linenopenalty=\count116
\output=\toks26
\linenoprevgraf=\count117
\linenumbersep=\dimen124
\linenumberwidth=\dimen125
\c@linenumber=\count118
\c@pagewiselinenumber=\count119
\c@LN@truepage=\count120
\c@internallinenumber=\count121
\c@internallinenumbers=\count122
\quotelinenumbersep=\dimen126
\bframerule=\dimen127
\bframesep=\dimen128
\bframebox=\box28
LaTeX Info: Redefining \\ on input line 3056.
)
(/usr/local/texlive/2015/texmf-dist/tex/latex/microtype/microtype.sty
Package: microtype 2013/05/23 v2.5a Micro-typographical refinements (RS)
\MT@toks=\toks27
\MT@count=\count123
LaTeX Info: Redefining \textls on input line 766.
\MT@outer@kern=\dimen129
LaTeX Info: Redefining \textmicrotypecontext on input line 1285.
\MT@listname@count=\count124

(/usr/local/texlive/2015/texmf-dist/tex/latex/microtype/microtype-pdftex.def
File: microtype-pdftex.def 2013/05/23 v2.5a Definitions specific to pdftex (RS)

LaTeX Info: Redefining \lsstyle on input line 915.
LaTeX Info: Redefining \lslig on input line 915.
\MT@outer@space=\skip47
)
Package microtype Info: Loading configuration file microtype.cfg.

(/usr/local/texlive/2015/texmf-dist/tex/latex/microtype/microtype.cfg
File: microtype.cfg 2013/05/23 v2.5a microtype main configuration file (RS)
))
(/usr/local/texlive/2015/texmf-dist/tex/latex/caption/caption.sty
Package: caption 2016/02/21 v3.3-144 Customizing captions (AR)

(/usr/local/texlive/2015/texmf-dist/tex/latex/caption/caption3.sty
Package: caption3 2016/02/04 v1.7-139 caption3 kernel (AR)
Package caption3 Info: TeX engine: e-TeX on input line 67.
\captionmargin=\dimen130
\captionmargin@=\dimen131
\captionwidth=\dimen132
\caption@tempdima=\dimen133
\caption@indent=\dimen134
\caption@parindent=\dimen135
\caption@hangindent=\dimen136
)
\c@ContinuedFloat=\count125
Package caption Info: hyperref package is loaded.
)
(/usr/local/texlive/2015/texmf-dist/tex/latex/lastpage/lastpage.sty
Package: lastpage 2015/03/29 v1.2m Refers to last page's name (HMM; JPG)
)
(/usr/local/texlive/2015/texmf-dist/tex/latex/fancyhdr/fancyhdr.sty
\fancy@headwidth=\skip48
\f@ncyO@elh=\skip49
\f@ncyO@erh=\skip50
\f@ncyO@olh=\skip51
\f@ncyO@orh=\skip52
\f@ncyO@elf=\skip53
\f@ncyO@erf=\skip54
\f@ncyO@olf=\skip55
\f@ncyO@orf=\skip56
)
(/usr/local/texlive/2015/texmf-dist/tex/latex/graphics/graphicx.sty
Package: graphicx 2014/10/28 v1.0g Enhanced LaTeX Graphics (DPC,SPQR)

(/usr/local/texlive/2015/texmf-dist/tex/latex/graphics/graphics.sty
Package: graphics 2016/01/03 v1.0q Standard LaTeX Graphics (DPC,SPQR)

(/usr/local/texlive/2015/texmf-dist/tex/latex/graphics/trig.sty
Package: trig 2016/01/03 v1.10 sin cos tan (DPC)
)
(/usr/local/texlive/2015/texmf-dist/tex/latex/latexconfig/graphics.cfg
File: graphics.cfg 2010/04/23 v1.9 graphics configuration of TeX Live
)
Package graphics Info: Driver file: pdftex.def on input line 95.

(/usr/local/texlive/2015/texmf-dist/tex/latex/pdftex-def/pdftex.def
File: pdftex.def 2011/05/27 v0.06d Graphics/color for pdfTeX
\Gread@gobject=\count126
))
\Gin@req@height=\dimen137
\Gin@req@width=\dimen138
)
(/usr/local/texlive/2015/texmf-dist/tex/latex/oberdiek/epstopdf.sty
Package: epstopdf 2010/02/09 v2.5 Conversion with epstopdf on the fly (HO)

(/usr/local/texlive/2015/texmf-dist/tex/latex/oberdiek/epstopdf-base.sty
Package: epstopdf-base 2010/02/09 v2.5 Base part for package epstopdf

(/usr/local/texlive/2015/texmf-dist/tex/latex/oberdiek/grfext.sty
Package: grfext 2010/08/19 v1.1 Manage graphics extensions (HO)
)
Package grfext Info: Graphics extension search list:
(grfext)             [.png,.pdf,.jpg,.mps,.jpeg,.jbig2,.jb2,.PNG,.PDF,.JPG,.JPE
G,.JBIG2,.JB2,.eps]
(grfext)             \AppendGraphicsExtensions on input line 452.

(/usr/local/texlive/2015/texmf-dist/tex/latex/latexconfig/epstopdf-sys.cfg
File: epstopdf-sys.cfg 2010/07/13 v1.3 Configuration of (r)epstopdf for TeX Liv
e
)))
(./manuscript-plos-gen.aux)
Runaway argument?
{Jaitin201 
./manuscript-plos-gen.tex:90: File ended while scanning use of \citation.
<inserted text> 
                \par 
l.90 \begin{document}
                     
? 
./manuscript-plos-gen.tex:90: Emergency stop.
<inserted text> 
                \par 
l.90 \begin{document}
                     
End of file on the terminal!

 
Here is how much of TeX's memory you used:
 9748 strings out of 493033
 149286 string characters out of 6134139
 282283 words of memory out of 5000000
 13188 multiletter control sequences out of 15000+600000
 3640 words of font info for 14 fonts, out of 8000000 for 9000
 1141 hyphenation exceptions out of 8191
 42i,0n,43p,989b,93s stack positions out of 5000i,500n,10000p,200000b,80000s
./manuscript-plos-gen.tex:90:  ==> Fatal error occurred, no output PDF file pro
duced!
aTeX Font Info:    Try loading font information for TS1+cmr on input line 90.

(/usr/local/texlive/2015/texmf-dist/tex/latex/base/ts1cmr.fd
File: ts1cmr.fd 2014/09/29 v2.5h Standard LaTeX font definitions
)
LaTeX Font Info:    ... okay on input line 90.
LaTeX Font Info:    Checking defaults for PD1/pdf/m/n on input line 90.
LaTeX Font Info:    ... okay on input line 90.

*geometry* driver: auto-detecting
*geometry* detected driver: pdftex
*geometry* verbose mode - [ preamble ] result:
* driver: pdftex
* paper: letterpaper
* layout: <same size as paper>
* layoutoffset:(h,v)=(0.0pt,0.0pt)
* modes: 
* h-part:(L,W,R)=(198.7425pt, 323.40732pt, 92.14519pt)
* v-part:(T,H,B)=(61.42993pt, 638.14268pt, 95.39737pt)
* \paperwidth=614.295pt
* \paperheight=794.96999pt
* \textwidth=379.4175pt
* \textheight=632.36249pt
* \oddsidemargin=126.4725pt
* \evensidemargin=126.4725pt
* \topmargin=-47.84006pt
* \headheight=27.023pt
* \headsep=25.0pt
* \topskip=10.0pt
* \footskip=54.2025pt
* \marginparwidth=65.0pt
* \marginparsep=11.0pt
* \columnsep=10.0pt
* \skip\footins=9.0pt plus 4.0pt minus 2.0pt
* \hoffset=0.0pt
* \voffset=0.0pt
* \mag=1000
* \@twocolumnfalse
* \@twosidefalse
* \@mparswitchfalse
* \@reversemarginfalse
* (1in=72.27pt=25.4mm, 1cm=28.453pt)

(/usr/local/texlive/2015/texmf-dist/tex/latex/ucs/ucsencs.def
File: ucsencs.def 2011/01/21 Fixes to fontencodings LGR, T3
)
\AtBeginShipoutBox=\box29
Package hyperref Info: Link coloring OFF on input line 90.
LaTeX Info: Redefining \ref on input line 90.
LaTeX Info: Redefining \pageref on input line 90.
LaTeX Info: Redefining \nameref on input line 90.

(./manuscript-plos-gen.out) (./manuscript-plos-gen.out)
\@outlinefile=\write3
\openout3 = `manuscript-plos-gen.out'.

LaTeX Info: Redefining \microtypecontext on input line 90.
Package microtype Info: Generating PDF output.
Package microtype Info: Character protrusion enabled (level 2).
Package microtype Info: Using default protrusion set `alltext'.
Package microtype Info: Automatic font expansion enabled (level 2),
(microtype)             stretch: 20, shrink: 20, step: 1, non-selected.
Package microtype Info: Using default expansion set `basictext'.
Package microtype Info: No adjustment of tracking.
Package microtype Info: No adjustment of interword spacing.
Package microtype Info: No adjustment of character kerning.

(/usr/local/texlive/2015/texmf-dist/tex/latex/microtype/mt-cmr.cfg
File: mt-cmr.cfg 2013/05/19 v2.2 microtype config. file: Computer Modern Roman 
(RS)
)
Package caption Info: Begin \AtBeginDocument code.
Package caption Info: End \AtBeginDocument code.
Package lastpage Info: Please have a look at the pageslts package at
(lastpage)             https://www.ctan.org/pkg/pageslts
(lastpage)             ! on input line 90.

(/usr/local/texlive/2015/texmf-dist/tex/context/base/supp-pdf.mkii
[Loading MPS to PDF converter (version 2006.09.02).]
\scratchcounter=\count127
\scratchdimen=\dimen139
\scratchbox=\box30
\nofMPsegments=\count128
\nofMParguments=\count129
\everyMPshowfont=\toks28
\MPscratchCnt=\count130
\MPscratchDim=\dimen140
\MPnumerator=\count131
\makeMPintoPDFobject=\count132
\everyMPtoPDFconversion=\toks29
)
LaTeX Font Info:    Try loading font information for U+msa on input line 103.
 (/usr/local/texlive/2015/texmf-dist/tex/latex/amsfonts/umsa.fd
File: umsa.fd 2013/01/14 v3.01 AMS symbols A
)
(/usr/local/texlive/2015/texmf-dist/tex/latex/microtype/mt-msa.cfg
File: mt-msa.cfg 2006/02/04 v1.1 microtype config. file: AMS symbols (a) (RS)
)
LaTeX Font Info:    Try loading font information for U+msb on input line 103.

(/usr/local/texlive/2015/texmf-dist/tex/latex/amsfonts/umsb.fd
File: umsb.fd 2013/01/14 v3.01 AMS symbols B
)
(/usr/local/texlive/2015/texmf-dist/tex/latex/microtype/mt-msb.cfg
File: mt-msb.cfg 2005/06/01 v1.0 microtype config. file: AMS symbols (b) (RS)
)
Package microtype Info: Loading generic settings for font family
(microtype)             `cmtt' (encoding: OT1).
(microtype)             For optimal results, create family-specific settings.
(microtype)             See the microtype manual for details.
Package microtype Info: Loading generic settings for font family
(microtype)             `cmss' (encoding: OT1).
(microtype)             For optimal results, create family-specific settings.
(microtype)             See the microtype manual for details.
Package epstopdf Info: Source file: <PLOS-submission.eps>
(epstopdf)                    date: 2015-04-28 14:38:38
(epstopdf)                    size: 283246 bytes
(epstopdf)             Output file: <PLOS-submission-eps-converted-to.pdf>
(epstopdf)                    date: 2016-03-30 15:56:58
(epstopdf)                    size: 15452 bytes
(epstopdf)             Command: <repstopdf --outfile=PLOS-submission-eps-conver
ted-to.pdf PLOS-submission.eps>
(epstopdf)             \includegraphics on input line 149.
Package epstopdf Info: Output file is already uptodate.

<PLOS-submission-eps-converted-to.pdf, id=8, 216.81pt x 35.13126pt>
File: PLOS-submission-eps-converted-to.pdf Graphic file (type pdf)

<use PLOS-submission-eps-converted-to.pdf>
Package pdftex.def Info: PLOS-submission-eps-converted-to.pdf used on input lin
e 149.
(pdftex.def)             Requested size: 144.54pt x 23.42201pt.
 [1

{/usr/local/texlive/2015/texmf-var/fonts/map/pdftex/updmap/pdftex.map} <./PLOS-
submission-eps-converted-to.pdf>]
Package epstopdf Info: Source file: <PLOS-submission.eps>
(epstopdf)                    date: 2015-04-28 14:38:38
(epstopdf)                    size: 283246 bytes
(epstopdf)             Output file: <PLOS-submission-eps-converted-to.pdf>
(epstopdf)                    date: 2016-03-30 15:56:58
(epstopdf)                    size: 15452 bytes
(epstopdf)             Command: <repstopdf --outfile=PLOS-submission-eps-conver
ted-to.pdf PLOS-submission.eps>
(epstopdf)             \includegraphics on input line 162.
Package epstopdf Info: Output file is already uptodate.
File: PLOS-submission-eps-converted-to.pdf Graphic file (type pdf)

<use PLOS-submission-eps-converted-to.pdf>
Package pdftex.def Info: PLOS-submission-eps-converted-to.pdf used on input lin
e 162.
(pdftex.def)             Requested size: 144.54pt x 23.42201pt.
 [2]
Package epstopdf Info: Source file: <PLOS-submission.eps>
(epstopdf)                    date: 2015-04-28 14:38:38
(epstopdf)                    size: 283246 bytes
(epstopdf)             Output file: <PLOS-submission-eps-converted-to.pdf>
(epstopdf)                    date: 2016-03-30 15:56:58
(epstopdf)                    size: 15452 bytes
(epstopdf)             Command: <repstopdf --outfile=PLOS-submission-eps-conver
ted-to.pdf PLOS-submission.eps>
(epstopdf)             \includegraphics on input line 205.
Package epstopdf Info: Output file is already uptodate.
File: PLOS-submission-eps-converted-to.pdf Graphic file (type pdf)

<use PLOS-submission-eps-converted-to.pdf>
Package pdftex.def Info: PLOS-submission-eps-converted-to.pdf used on input lin
e 205.
(pdftex.def)             Requested size: 144.54pt x 23.42201pt.
 [3]
./manuscript-plos-gen.tex:206: Too many }'s.
l.206 ...stering/project/src/tissues_tSNE_2.html}}
                                                  ). Reassuringly, much of t...

? q
OK, entering \batchmode...

LaTeX Warning: Reference `tab1' on page 4 undefined on input line 209.

./manuscript-plos-gen.tex:209: Undefined control sequence.
l.209 ...ts in Fig~\ref{fig1}(A) (see also \namref
                                                  {S1_Table}). Reassuringly,...
The control sequence at the end of the top line
of your error message was never \def'ed. If you have
misspelled it (e.g., `\hobx'), type `I' and the correct
spelling (e.g., `I\hbox'). Otherwise just continue,
and I'll forget about whatever was undefined.

./manuscript-plos-gen.tex:209: Missing $ inserted.
<inserted text> 
                $
l.209 ...n Fig~\ref{fig1}(A) (see also \namref{S1_
                                                  Table}). Reassuringly, man...
I've inserted a begin-math/end-math symbol since I think
you left one out. Proceed, with fingers crossed.

./manuscript-plos-gen.tex:209: Extra }, or forgotten $.
l.209 ...\ref{fig1}(A) (see also \namref{S1_Table}
                                                  ). Reassuringly, many resu...
I've deleted a group-closing symbol because it seems to be
spurious, as in `$x}$'. But perhaps the } is legitimate and
you forgot something else, as in `\hbox{$x}'. In such cases
the way to recover is to insert both the forgotten and the
deleted material, e.g., by typing `I$}'.

./manuscript-plos-gen.tex:211: Missing $ inserted.
<inserted text> 
                $
l.211 
      
I've inserted a begin-math/end-math symbol since I think
you left one out. Proceed, with fingers crossed.


Overfull \hbox (647.3981pt too wide) in paragraph at lines 209--211
\OT1/cmr/m/n/10 (-20) S1$[]\OML/cmm/m/it/10 able\OT1/cmr/m/n/10 (-20) )\OML/cmm
/m/it/10 :Reassuringly; manyresultsalignwithknownbiology:Forexample; thelightre
dcluster\OT1/cmr/m/n/10 (-20) (\OML/cmm/m/it/10 cluster\OT1/cmr/m/n/10 (-20) 4)
\OML/cmm/m/it/10 ; whichdistinguishesTestisfromothertissues; isenrichedforgenes
responsibleforsexualreproductionandspermatogenesisetc; \OT1/cmr/m/n/10 (-20) (\
OML/cmm/m/it/10 e:g: \OT1/cmr/m/n/10 (-20) : 
 []


Overfull \hbox (903.96912pt too wide) in paragraph at lines 209--211
[]\OML/cmm/m/it/10 ; []; []\OT1/cmr/m/n/10 (-20) )\OML/cmm/m/it/10 :Similarlyth
elightgreencluster\OT1/cmr/m/n/10 (-20) (\OML/cmm/m/it/10 cluster\OT1/cmr/m/n/1
0 (-20) 10)\OML/cmm/m/it/10 ; whichprimarilydistinguishesWholeBloodfromothertis
sues; isenrichedwithgenesresponsibleforimmuneresponses\OT1/cmr/m/n/10 (-20) (\O
ML/cmm/m/it/10 e:g:[]; []\OT1/cmr/m/n/10 (-20) )\OML/cmm/m/it/10 andhemoglobinc
omplexandoxygentransport\OT1/cmr/m/n/10 (-20) (\OML/cmm/m/it/10 e:g:[]; []; []\
OT1/cmr/m/n/10 (-20) )\OML/cmm/m/it/10 :Further; digestion \OMS/cmsy/m/n/10 ^^@
 
 []


Overfull \hbox (556.83014pt too wide) in paragraph at lines 209--211
\OML/cmm/m/it/10 relatedgenescharacterizethemuscleskeletalcluster\OT1/cmr/m/n/1
0 (-20) (\OML/cmm/m/it/10 cluster\OT1/cmr/m/n/10 (-20) 9\OML/cmm/m/it/10 ; gree
n\OT1/cmr/m/n/10 (-20) )\OML/cmm/m/it/10 ; etc:Incaseswhereaclusteroccursinmult
ipletissuesthesebiologicalannotationsmaybeparticularlyhelpfulforunderstandingwh
atisdrivingthisco \OMS/cmsy/m/n/10 ^^@ 
 []


Overfull \hbox (198.16112pt too wide) in paragraph at lines 209--211
\OML/cmm/m/it/10 membership:Forexample; thetopfourgenesinthelightorangecluster\
OT1/cmr/m/n/10 (-20) (\OML/cmm/m/it/10 cluster\OT1/cmr/m/n/10 (-20) 8)\OML/cmm/
m/it/10 ; whichiscommontoLung; SpleenandSmallIntestine \OMS/cmsy/m/n/10 ^^@ 
 []

Package epstopdf Info: Source file: <PLOS-submission.eps>
(epstopdf)                    date: 2015-04-28 14:38:38
(epstopdf)                    size: 283246 bytes
(epstopdf)             Output file: <PLOS-submission-eps-converted-to.pdf>
(epstopdf)                    date: 2016-03-30 15:56:58
(epstopdf)                    size: 15452 bytes
(epstopdf)             Command: <repstopdf --outfile=PLOS-submission-eps-conver
ted-to.pdf PLOS-submission.eps>
(epstopdf)             \includegraphics on input line 352.
Package epstopdf Info: Output file is already uptodate.
File: PLOS-submission-eps-converted-to.pdf Graphic file (type pdf)
 <use PLOS-submission-eps-converted-to.pdf>
Package pdftex.def Info: PLOS-submission-eps-converted-to.pdf used on input lin
e 352.
(pdftex.def)             Requested size: 144.54pt x 23.42201pt.
 [4]
./manuscript-plos-gen.tex:370: Undefined control sequence.
l.370 ...ginal analysis on unthinned data (\namref
                                                  {S2_Fig}). For the accurac...
The control sequence at the end of the top line
of your error message was never \def'ed. If you have
misspelled it (e.g., `\hobx'), type `I' and the correct
spelling (e.g., `I\hbox'). Otherwise just continue,
and I'll forget about whatever was undefined.

./manuscript-plos-gen.tex:370: Missing $ inserted.
<inserted text> 
                $
l.370 ...l analysis on unthinned data (\namref{S2_
                                                  Fig}). For the accuracy co...
I've inserted a begin-math/end-math symbol since I think
you left one out. Proceed, with fingers crossed.

./manuscript-plos-gen.tex:370: Extra }, or forgotten $.
l.370 ...alysis on unthinned data (\namref{S2_Fig}
                                                  ). For the accuracy compar...
I've deleted a group-closing symbol because it seems to be
spurious, as in `$x}$'. But perhaps the } is legitimate and
you forgot something else, as in `\hbox{$x}'. In such cases
the way to recover is to insert both the forgotten and the
deleted material, e.g., by typing `I$}'.

./manuscript-plos-gen.tex:371: Missing $ inserted.
<inserted text> 
                $
l.371 
      
I've inserted a begin-math/end-math symbol since I think
you left one out. Proceed, with fingers crossed.


Overfull \hbox (715.87274pt too wide) in paragraph at lines 370--371
\OML/cmm/m/it/10 basedmethods; bothmethodssufferreducedaccuracyinthinneddata; b
uttheGoMmodelremainssuperior:Forexample; whenthinningbyafactorof$\OT1/cmr/m/n/1
0 (-20) 1,000$\OML/cmm/m/it/10 ; thesuccessrateinseparatingpairsoftissuesis$\OT
1/cmr/m/n/10 (-20) 0.32$\OML/cmm/m/it/10 fortheGoMmodelvs$\OT1/cmr/m/n/10 (-20)
 0.10$\OML/cmm/m/it/10 forhierarchicalclustering:$  
 []

Package epstopdf Info: Source file: <PLOS-submission.eps>
(epstopdf)                    date: 2015-04-28 14:38:38
(epstopdf)                    size: 283246 bytes
(epstopdf)             Output file: <PLOS-submission-eps-converted-to.pdf>
(epstopdf)                    date: 2016-03-30 15:56:58
(epstopdf)                    size: 15452 bytes
(epstopdf)             Command: <repstopdf --outfile=PLOS-submission-eps-conver
ted-to.pdf PLOS-submission.eps>
(epstopdf)             \includegraphics on input line 379.
Package epstopdf Info: Output file is already uptodate.
File: PLOS-submission-eps-converted-to.pdf Graphic file (type pdf)
 <use PLOS-submission-eps-converted-to.pdf>
Package pdftex.def Info: PLOS-submission-eps-converted-to.pdf used on input lin
e 379.
(pdftex.def)             Requested size: 144.54pt x 23.42201pt.
 [5]

LaTeX Warning: Reference `tab3' on page 6 undefined on input line 398.


LaTeX Warning: Reference `tab3' on page 6 undefined on input line 407.

Package epstopdf Info: Source file: <PLOS-submission.eps>
(epstopdf)                    date: 2015-04-28 14:38:38
(epstopdf)                    size: 283246 bytes
(epstopdf)             Output file: <PLOS-submission-eps-converted-to.pdf>
(epstopdf)                    date: 2016-03-30 15:56:58
(epstopdf)                    size: 15452 bytes
(epstopdf)             Command: <repstopdf --outfile=PLOS-submission-eps-conver
ted-to.pdf PLOS-submission.eps>
(epstopdf)             \includegraphics on input line 415.
Package epstopdf Info: Output file is already uptodate.
File: PLOS-submission-eps-converted-to.pdf Graphic file (type pdf)
 <use PLOS-submission-eps-converted-to.pdf>
Package pdftex.def Info: PLOS-submission-eps-converted-to.pdf used on input lin
e 415.
(pdftex.def)             Requested size: 144.54pt x 23.42201pt.
 [6]
Package epstopdf Info: Source file: <PLOS-submission.eps>
(epstopdf)                    date: 2015-04-28 14:38:38
(epstopdf)                    size: 283246 bytes
(epstopdf)             Output file: <PLOS-submission-eps-converted-to.pdf>
(epstopdf)                    date: 2016-03-30 15:56:58
(epstopdf)                    size: 15452 bytes
(epstopdf)             Command: <repstopdf --outfile=PLOS-submission-eps-conver
ted-to.pdf PLOS-submission.eps>
(epstopdf)             \includegraphics on input line 443.
Package epstopdf Info: Output file is already uptodate.
File: PLOS-submission-eps-converted-to.pdf Graphic file (type pdf)
 <use PLOS-submission-eps-converted-to.pdf>
Package pdftex.def Info: PLOS-submission-eps-converted-to.pdf used on input lin
e 443.
(pdftex.def)             Requested size: 144.54pt x 23.42201pt.
 [7]

LaTeX Warning: Reference `tab1' on page 8 undefined on input line 445.

Package epstopdf Info: Source file: <PLOS-submission.eps>
(epstopdf)                    date: 2015-04-28 14:38:38
(epstopdf)                    size: 283246 bytes
(epstopdf)             Output file: <PLOS-submission-eps-converted-to.pdf>
(epstopdf)                    date: 2016-03-30 15:56:58
(epstopdf)                    size: 15452 bytes
(epstopdf)             Command: <repstopdf --outfile=PLOS-submission-eps-conver
ted-to.pdf PLOS-submission.eps>
(epstopdf)             \includegraphics on input line 457.
Package epstopdf Info: Output file is already uptodate.
File: PLOS-submission-eps-converted-to.pdf Graphic file (type pdf)
 <use PLOS-submission-eps-converted-to.pdf>
Package pdftex.def Info: PLOS-submission-eps-converted-to.pdf used on input lin
e 457.
(pdftex.def)             Requested size: 144.54pt x 23.42201pt.
 [8]

LaTeX Warning: Reference `S1_ Fig' on page 9 undefined on input line 473.


LaTeX Warning: Reference `tab1' on page 9 undefined on input line 493.


LaTeX Warning: Reference `tab2' on page 9 undefined on input line 493.


LaTeX Warning: Reference `tab3' on page 9 undefined on input line 493.

Package epstopdf Info: Source file: <PLOS-submission.eps>
(epstopdf)                    date: 2015-04-28 14:38:38
(epstopdf)                    size: 283246 bytes
(epstopdf)             Output file: <PLOS-submission-eps-converted-to.pdf>
(epstopdf)                    date: 2016-03-30 15:56:58
(epstopdf)                    size: 15452 bytes
(epstopdf)             Command: <repstopdf --outfile=PLOS-submission-eps-conver
ted-to.pdf PLOS-submission.eps>
(epstopdf)             \includegraphics on input line 660.
Package epstopdf Info: Output file is already uptodate.
File: PLOS-submission-eps-converted-to.pdf Graphic file (type pdf)
 <use PLOS-submission-eps-converted-to.pdf>
Package pdftex.def Info: PLOS-submission-eps-converted-to.pdf used on input lin
e 660.
(pdftex.def)             Requested size: 144.54pt x 23.42201pt.
 [9]
Package epstopdf Info: Source file: <PLOS-submission.eps>
(epstopdf)                    date: 2015-04-28 14:38:38
(epstopdf)                    size: 283246 bytes
(epstopdf)             Output file: <PLOS-submission-eps-converted-to.pdf>
(epstopdf)                    date: 2016-03-30 15:56:58
(epstopdf)                    size: 15452 bytes
(epstopdf)             Command: <repstopdf --outfile=PLOS-submission-eps-conver
ted-to.pdf PLOS-submission.eps>
(epstopdf)             \includegraphics on input line 707.
Package epstopdf Info: Output file is already uptodate.
File: PLOS-submission-eps-converted-to.pdf Graphic file (type pdf)
 <use PLOS-submission-eps-converted-to.pdf>
Package pdftex.def Info: PLOS-submission-eps-converted-to.pdf used on input lin
e 707.
(pdftex.def)             Requested size: 144.54pt x 23.42201pt.
 [10]
Package epstopdf Info: Source file: <PLOS-submission.eps>
(epstopdf)                    date: 2015-04-28 14:38:38
(epstopdf)                    size: 283246 bytes
(epstopdf)             Output file: <PLOS-submission-eps-converted-to.pdf>
(epstopdf)                    date: 2016-03-30 15:56:58
(epstopdf)                    size: 15452 bytes
(epstopdf)             Command: <repstopdf --outfile=PLOS-submission-eps-conver
ted-to.pdf PLOS-submission.eps>
(epstopdf)             \includegraphics on input line 840.
Package epstopdf Info: Output file is already uptodate.
File: PLOS-submission-eps-converted-to.pdf Graphic file (type pdf)
 <use PLOS-submission-eps-converted-to.pdf>
Package pdftex.def Info: PLOS-submission-eps-converted-to.pdf used on input lin
e 840.
(pdftex.def)             Requested size: 144.54pt x 23.42201pt.
 [11]
Package epstopdf Info: Source file: <PLOS-submission.eps>
(epstopdf)                    date: 2015-04-28 14:38:38
(epstopdf)                    size: 283246 bytes
(epstopdf)             Output file: <PLOS-submission-eps-converted-to.pdf>
(epstopdf)                    date: 2016-03-30 15:56:58
(epstopdf)                    size: 15452 bytes
(epstopdf)             Command: <repstopdf --outfile=PLOS-submission-eps-conver
ted-to.pdf PLOS-submission.eps>
(epstopdf)             \includegraphics on input line 949.
Package epstopdf Info: Output file is already uptodate.
File: PLOS-submission-eps-converted-to.pdf Graphic file (type pdf)
 <use PLOS-submission-eps-converted-to.pdf>
Package pdftex.def Info: PLOS-submission-eps-converted-to.pdf used on input lin
e 949.
(pdftex.def)             Requested size: 144.54pt x 23.42201pt.
 [12]
Package epstopdf Info: Source file: <PLOS-submission.eps>
(epstopdf)                    date: 2015-04-28 14:38:38
(epstopdf)                    size: 283246 bytes
(epstopdf)             Output file: <PLOS-submission-eps-converted-to.pdf>
(epstopdf)                    date: 2016-03-30 15:56:58
(epstopdf)                    size: 15452 bytes
(epstopdf)             Command: <repstopdf --outfile=PLOS-submission-eps-conver
ted-to.pdf PLOS-submission.eps>
(epstopdf)             \includegraphics on input line 1036.
Package epstopdf Info: Output file is already uptodate.
File: PLOS-submission-eps-converted-to.pdf Graphic file (type pdf)
 <use PLOS-submission-eps-converted-to.pdf>
Package pdftex.def Info: PLOS-submission-eps-converted-to.pdf used on input lin
e 1036.
(pdftex.def)             Requested size: 144.54pt x 23.42201pt.
 [13] 
AED: lastpage setting LastPage
Package epstopdf Info: Source file: <PLOS-submission.eps>
(epstopdf)                    date: 2015-04-28 14:38:38
(epstopdf)                    size: 283246 bytes
(epstopdf)             Output file: <PLOS-submission-eps-converted-to.pdf>
(epstopdf)                    date: 2016-03-30 15:56:58
(epstopdf)                    size: 15452 bytes
(epstopdf)             Command: <repstopdf --outfile=PLOS-submission-eps-conver
ted-to.pdf PLOS-submission.eps>
(epstopdf)             \includegraphics on input line 1078.
Package epstopdf Info: Output file is already uptodate.
File: PLOS-submission-eps-converted-to.pdf Graphic file (type pdf)
 <use PLOS-submission-eps-converted-to.pdf>
Package pdftex.def Info: PLOS-submission-eps-converted-to.pdf used on input lin
e 1078.
(pdftex.def)             Requested size: 144.54pt x 23.42201pt.
 [14]
Package atveryend Info: Empty hook `BeforeClearDocument' on input line 1078.
Package atveryend Info: Empty hook `AfterLastShipout' on input line 1078.
 (./manuscript-plos-gen.aux)
Package atveryend Info: Executing hook `AtVeryEndDocument' on input line 1078.
Package atveryend Info: Executing hook `AtEndAfterFileList' on input line 1078.

Package rerunfilecheck Info: File `manuscript-plos-gen.out' has not changed.
(rerunfilecheck)             Checksum: D41D8CD98F00B204E9800998ECF8427E;0.

LaTeX Warning: There were undefined references.

Package atveryend Info: Empty hook `AtVeryVeryEnd' on input line 1078.
 )
(\end occurred inside a group at level 2)

### simple group (level 2) entered at line 370 ({)
### simple group (level 1) entered at line 209 ({)
### bottom level 
Here is how much of TeX's memory you used:
 10603 strings out of 493033
 162298 string characters out of 6134139
 300287 words of memory out of 5000000
 13803 multiletter control sequences out of 15000+600000
 14554 words of font info for 83 fonts, out of 8000000 for 9000
 1141 hyphenation exceptions out of 8191
 42i,15n,43p,1513b,557s stack positions out of 5000i,500n,10000p,200000b,80000s
</usr/local/texlive/2015/texmf-dist/fonts/type1/public/amsfonts
/cm/cmbx10.pfb></usr/local/texlive/2015/texmf-dist/fonts/type1/public/amsfonts/
cm/cmbx12.pfb></usr/local/texlive/2015/texmf-dist/fonts/type1/public/amsfonts/c
m/cmbxti10.pfb></usr/local/texlive/2015/texmf-dist/fonts/type1/public/amsfonts/
cm/cmex10.pfb></usr/local/texlive/2015/texmf-dist/fonts/type1/public/amsfonts/c
m/cmmi10.pfb></usr/local/texlive/2015/texmf-dist/fonts/type1/public/amsfonts/cm
/cmmi7.pfb></usr/local/texlive/2015/texmf-dist/fonts/type1/public/amsfonts/cm/c
mr10.pfb></usr/local/texlive/2015/texmf-dist/fonts/type1/public/amsfonts/cm/cmr
12.pfb></usr/local/texlive/2015/texmf-dist/fonts/type1/public/amsfonts/cm/cmr6.
pfb></usr/local/texlive/2015/texmf-dist/fonts/type1/public/amsfonts/cm/cmr7.pfb
></usr/local/texlive/2015/texmf-dist/fonts/type1/public/amsfonts/cm/cmr8.pfb></
usr/local/texlive/2015/texmf-dist/fonts/type1/public/amsfonts/cm/cmss10.pfb></u
sr/local/texlive/2015/texmf-dist/fonts/type1/public/amsfonts/cm/cmss8.pfb></usr
/local/texlive/2015/texmf-dist/fonts/type1/public/amsfonts/cm/cmsy10.pfb></usr/
local/texlive/2015/texmf-dist/fonts/type1/public/amsfonts/cm/cmsy7.pfb></usr/lo
cal/texlive/2015/texmf-dist/fonts/type1/public/amsfonts/cm/cmti10.pfb></usr/loc
al/texlive/2015/texmf-dist/fonts/type1/public/amsfonts/cm/cmtt10.pfb>
Output written on manuscript-plos-gen.pdf (14 pages, 278598 bytes).
PDF statistics:
 363 PDF objects out of 1000 (max. 8388607)
 324 compressed objects within 4 object streams
 100 named destinations out of 1000 (max. 500000)
 16390 words of extra memory for PDF output out of 17280 (max. 10000000)

