<<<<<<< HEAD
This is pdfTeX, Version 3.14159265-2.6-1.40.15 (TeX Live 2014) (preloaded format=pdflatex 2014.5.25)  20 MAR 2016 12:48
entering extended mode
 restricted \write18 enabled.
 file:line:error style messages enabled.
 %&-line parsing enabled.
**results.tex
(./results.tex
LaTeX2e <2014/05/01>
Babel <3.9k> and hyphenation patterns for 78 languages loaded.
./results.tex:1: Undefined control sequence.
l.1 \section
            {Results}
? 
./results.tex:1: Emergency stop.
=======
This is pdfTeX, Version 3.14159265-2.6-1.40.16 (TeX Live 2015) (preloaded format=pdflatex 2015.5.24)  21 MAR 2016 13:42
entering extended mode
 \write18 enabled.
 %&-line parsing enabled.
**results.tex
(./results.tex
LaTeX2e <2015/01/01>
Babel <3.9l> and hyphenation patterns for 79 languages loaded.
! Undefined control sequence.
l.1 \section
            {Results}
? 
! Emergency stop.
>>>>>>> 2c93bcdcedc90563bbed038cbf47a39735d2a896
l.1 \section
            {Results}
End of file on the terminal!

 
Here is how much of TeX's memory you used:
<<<<<<< HEAD
 5 strings out of 493117
 127 string characters out of 6135433
 52909 words of memory out of 5000000
 3568 multiletter control sequences out of 15000+600000
 3640 words of font info for 14 fonts, out of 8000000 for 9000
 1141 hyphenation exceptions out of 8191
 5i,0n,1p,31b,8s stack positions out of 5000i,500n,10000p,200000b,80000s
./results.tex:1:  ==> Fatal error occurred, no output PDF file produced!
=======
 5 strings out of 493089
 127 string characters out of 6134842
 53199 words of memory out of 5000000
 3590 multiletter control sequences out of 15000+600000
 3640 words of font info for 14 fonts, out of 8000000 for 9000
 1141 hyphenation exceptions out of 8191
 5i,0n,1p,31b,8s stack positions out of 5000i,500n,10000p,200000b,80000s
!  ==> Fatal error occurred, no output PDF file produced!
>>>>>>> 2c93bcdcedc90563bbed038cbf47a39735d2a896
