This is pdfTeX, Version 3.14159265-2.6-1.40.16 (TeX Live 2015) (preloaded format=pdflatex 2015.5.24)  2 NOV 2016 11:42
entering extended mode
 \write18 enabled.
 %&-line parsing enabled.
**manuscript-plos-gen-rev-1round.tex
(./manuscript-plos-gen-rev-1round.tex
LaTeX2e <2015/01/01>
Babel <3.9l> and hyphenation patterns for 79 languages loaded.
(/usr/local/texlive/2015/texmf-dist/tex/latex/base/article.cls
Document Class: article 2014/09/29 v1.4h Standard LaTeX document class
(/usr/local/texlive/2015/texmf-dist/tex/latex/base/size10.clo
File: size10.clo 2014/09/29 v1.4h Standard LaTeX file (size option)
)
\c@part=\count79
\c@section=\count80
\c@subsection=\count81
\c@subsubsection=\count82
\c@paragraph=\count83
\c@subparagraph=\count84
\c@figure=\count85
\c@table=\count86
\abovecaptionskip=\skip41
\belowcaptionskip=\skip42
\bibindent=\dimen102
) (./header.tex
(/usr/local/texlive/2015/texmf-dist/tex/latex/geometry/geometry.sty
Package: geometry 2010/09/12 v5.6 Page Geometry

(/usr/local/texlive/2015/texmf-dist/tex/latex/graphics/keyval.sty
Package: keyval 2014/10/28 v1.15 key=value parser (DPC)
\KV@toks@=\toks14
)
(/usr/local/texlive/2015/texmf-dist/tex/generic/oberdiek/ifpdf.sty
Package: ifpdf 2011/01/30 v2.3 Provides the ifpdf switch (HO)
Package ifpdf Info: pdfTeX in PDF mode is detected.
)
(/usr/local/texlive/2015/texmf-dist/tex/generic/oberdiek/ifvtex.sty
Package: ifvtex 2010/03/01 v1.5 Detect VTeX and its facilities (HO)
Package ifvtex Info: VTeX not detected.
)
(/usr/local/texlive/2015/texmf-dist/tex/generic/ifxetex/ifxetex.sty
Package: ifxetex 2010/09/12 v0.6 Provides ifxetex conditional
)
\Gm@cnth=\count87
\Gm@cntv=\count88
\c@Gm@tempcnt=\count89
\Gm@bindingoffset=\dimen103
\Gm@wd@mp=\dimen104
\Gm@odd@mp=\dimen105
\Gm@even@mp=\dimen106
\Gm@layoutwidth=\dimen107
\Gm@layoutheight=\dimen108
\Gm@layouthoffset=\dimen109
\Gm@layoutvoffset=\dimen110
\Gm@dimlist=\toks15
)
(/usr/local/texlive/2015/texmf-dist/tex/latex/base/inputenc.sty
Package: inputenc 2015/03/17 v1.2c Input encoding file
\inpenc@prehook=\toks16
\inpenc@posthook=\toks17

(/usr/local/texlive/2015/texmf-dist/tex/latex/ucs/utf8x.def
File: utf8x.def 2004/10/17 UCS: Input encoding UTF-8
))
(/usr/local/texlive/2015/texmf-dist/tex/latex/ucs/ucs.sty
Package: ucs 2013/05/11 v2.2 UCS: Unicode input support

(/usr/local/texlive/2015/texmf-dist/tex/latex/ucs/data/uni-global.def
File: uni-global.def 2013/05/13 UCS: Unicode global data
)
\uc@secondtry=\count90
\uc@combtoks=\toks18
\uc@combtoksb=\toks19
\uc@temptokena=\toks20
)
(/usr/local/texlive/2015/texmf-dist/tex/latex/amsmath/amsmath.sty
Package: amsmath 2013/01/14 v2.14 AMS math features
\@mathmargin=\skip43

For additional information on amsmath, use the `?' option.
(/usr/local/texlive/2015/texmf-dist/tex/latex/amsmath/amstext.sty
Package: amstext 2000/06/29 v2.01

(/usr/local/texlive/2015/texmf-dist/tex/latex/amsmath/amsgen.sty
File: amsgen.sty 1999/11/30 v2.0
\@emptytoks=\toks21
\ex@=\dimen111
))
(/usr/local/texlive/2015/texmf-dist/tex/latex/amsmath/amsbsy.sty
Package: amsbsy 1999/11/29 v1.2d
\pmbraise@=\dimen112
)
(/usr/local/texlive/2015/texmf-dist/tex/latex/amsmath/amsopn.sty
Package: amsopn 1999/12/14 v2.01 operator names
)
\inf@bad=\count91
LaTeX Info: Redefining \frac on input line 210.
\uproot@=\count92
\leftroot@=\count93
LaTeX Info: Redefining \overline on input line 306.
\classnum@=\count94
\DOTSCASE@=\count95
LaTeX Info: Redefining \ldots on input line 378.
LaTeX Info: Redefining \dots on input line 381.
LaTeX Info: Redefining \cdots on input line 466.
\Mathstrutbox@=\box26
\strutbox@=\box27
\big@size=\dimen113
LaTeX Font Info:    Redeclaring font encoding OML on input line 566.
LaTeX Font Info:    Redeclaring font encoding OMS on input line 567.
\macc@depth=\count96
\c@MaxMatrixCols=\count97
\dotsspace@=\muskip10
\c@parentequation=\count98
\dspbrk@lvl=\count99
\tag@help=\toks22
\row@=\count100
\column@=\count101
\maxfields@=\count102
\andhelp@=\toks23
\eqnshift@=\dimen114
\alignsep@=\dimen115
\tagshift@=\dimen116
\tagwidth@=\dimen117
\totwidth@=\dimen118
\lineht@=\dimen119
\@envbody=\toks24
\multlinegap=\skip44
\multlinetaggap=\skip45
\mathdisplay@stack=\toks25
LaTeX Info: Redefining \[ on input line 2665.
LaTeX Info: Redefining \] on input line 2666.
)
(/usr/local/texlive/2015/texmf-dist/tex/latex/amsfonts/amssymb.sty
Package: amssymb 2013/01/14 v3.01 AMS font symbols

(/usr/local/texlive/2015/texmf-dist/tex/latex/amsfonts/amsfonts.sty
Package: amsfonts 2013/01/14 v3.01 Basic AMSFonts support
\symAMSa=\mathgroup4
\symAMSb=\mathgroup5
LaTeX Font Info:    Overwriting math alphabet `\mathfrak' in version `bold'
(Font)                  U/euf/m/n --> U/euf/b/n on input line 106.
))
(/usr/local/texlive/2015/texmf-dist/tex/latex/booktabs/booktabs.sty
Package: booktabs 2005/04/14 v1.61803 publication quality tables
\heavyrulewidth=\dimen120
\lightrulewidth=\dimen121
\cmidrulewidth=\dimen122
\belowrulesep=\dimen123
\belowbottomsep=\dimen124
\aboverulesep=\dimen125
\abovetopsep=\dimen126
\cmidrulesep=\dimen127
\cmidrulekern=\dimen128
\defaultaddspace=\dimen129
\@cmidla=\count103
\@cmidlb=\count104
\@aboverulesep=\dimen130
\@belowrulesep=\dimen131
\@thisruleclass=\count105
\@lastruleclass=\count106
\@thisrulewidth=\dimen132
)
(/usr/local/texlive/2015/texmf-dist/tex/latex/tools/xspace.sty
Package: xspace 2014/10/28 v1.13 Space after command names (DPC,MH)
)
(/usr/local/texlive/2015/texmf-dist/tex/latex/hyperref/hyperref.sty
Package: hyperref 2012/11/06 v6.83m Hypertext links for LaTeX

(/usr/local/texlive/2015/texmf-dist/tex/generic/oberdiek/hobsub-hyperref.sty
Package: hobsub-hyperref 2012/05/28 v1.13 Bundle oberdiek, subset hyperref (HO)


(/usr/local/texlive/2015/texmf-dist/tex/generic/oberdiek/hobsub-generic.sty
Package: hobsub-generic 2012/05/28 v1.13 Bundle oberdiek, subset generic (HO)
Package: hobsub 2012/05/28 v1.13 Construct package bundles (HO)
Package: infwarerr 2010/04/08 v1.3 Providing info/warning/error messages (HO)
Package: ltxcmds 2011/11/09 v1.22 LaTeX kernel commands for general use (HO)
Package: ifluatex 2010/03/01 v1.3 Provides the ifluatex switch (HO)
Package ifluatex Info: LuaTeX not detected.
Package hobsub Info: Skipping package `ifvtex' (already loaded).
Package: intcalc 2007/09/27 v1.1 Expandable calculations with integers (HO)
Package hobsub Info: Skipping package `ifpdf' (already loaded).
Package: etexcmds 2011/02/16 v1.5 Avoid name clashes with e-TeX commands (HO)
Package etexcmds Info: Could not find \expanded.
(etexcmds)             That can mean that you are not using pdfTeX 1.50 or
(etexcmds)             that some package has redefined \expanded.
(etexcmds)             In the latter case, load this package earlier.
Package: kvsetkeys 2012/04/25 v1.16 Key value parser (HO)
Package: kvdefinekeys 2011/04/07 v1.3 Define keys (HO)
Package: pdftexcmds 2011/11/29 v0.20 Utility functions of pdfTeX for LuaTeX (HO
)
Package pdftexcmds Info: LuaTeX not detected.
Package pdftexcmds Info: \pdf@primitive is available.
Package pdftexcmds Info: \pdf@ifprimitive is available.
Package pdftexcmds Info: \pdfdraftmode found.
Package: pdfescape 2011/11/25 v1.13 Implements pdfTeX's escape features (HO)
Package: bigintcalc 2012/04/08 v1.3 Expandable calculations on big integers (HO
)
Package: bitset 2011/01/30 v1.1 Handle bit-vector datatype (HO)
Package: uniquecounter 2011/01/30 v1.2 Provide unlimited unique counter (HO)
)
Package hobsub Info: Skipping package `hobsub' (already loaded).
Package: letltxmacro 2010/09/02 v1.4 Let assignment for LaTeX macros (HO)
Package: hopatch 2012/05/28 v1.2 Wrapper for package hooks (HO)
Package: xcolor-patch 2011/01/30 xcolor patch
Package: atveryend 2011/06/30 v1.8 Hooks at the very end of document (HO)
Package atveryend Info: \enddocument detected (standard20110627).
Package: atbegshi 2011/10/05 v1.16 At begin shipout hook (HO)
Package: refcount 2011/10/16 v3.4 Data extraction from label references (HO)
Package: hycolor 2011/01/30 v1.7 Color options for hyperref/bookmark (HO)
)
(/usr/local/texlive/2015/texmf-dist/tex/latex/oberdiek/auxhook.sty
Package: auxhook 2011/03/04 v1.3 Hooks for auxiliary files (HO)
)
(/usr/local/texlive/2015/texmf-dist/tex/latex/oberdiek/kvoptions.sty
Package: kvoptions 2011/06/30 v3.11 Key value format for package options (HO)
)
\@linkdim=\dimen133
\Hy@linkcounter=\count107
\Hy@pagecounter=\count108

(/usr/local/texlive/2015/texmf-dist/tex/latex/hyperref/pd1enc.def
File: pd1enc.def 2012/11/06 v6.83m Hyperref: PDFDocEncoding definition (HO)
)
\Hy@SavedSpaceFactor=\count109

(/usr/local/texlive/2015/texmf-dist/tex/latex/latexconfig/hyperref.cfg
File: hyperref.cfg 2002/06/06 v1.2 hyperref configuration of TeXLive
)
Package hyperref Info: Hyper figures OFF on input line 4443.
Package hyperref Info: Link nesting OFF on input line 4448.
Package hyperref Info: Hyper index ON on input line 4451.
Package hyperref Info: Plain pages OFF on input line 4458.
Package hyperref Info: Backreferencing OFF on input line 4463.
Package hyperref Info: Implicit mode ON; LaTeX internals redefined.
Package hyperref Info: Bookmarks ON on input line 4688.
\c@Hy@tempcnt=\count110

(/usr/local/texlive/2015/texmf-dist/tex/latex/url/url.sty
\Urlmuskip=\muskip11
Package: url 2013/09/16  ver 3.4  Verb mode for urls, etc.
)
LaTeX Info: Redefining \url on input line 5041.
\XeTeXLinkMargin=\dimen134
\Fld@menulength=\count111
\Field@Width=\dimen135
\Fld@charsize=\dimen136
Package hyperref Info: Hyper figures OFF on input line 6295.
Package hyperref Info: Link nesting OFF on input line 6300.
Package hyperref Info: Hyper index ON on input line 6303.
Package hyperref Info: backreferencing OFF on input line 6310.
Package hyperref Info: Link coloring OFF on input line 6315.
Package hyperref Info: Link coloring with OCG OFF on input line 6320.
Package hyperref Info: PDF/A mode OFF on input line 6325.
LaTeX Info: Redefining \ref on input line 6365.
LaTeX Info: Redefining \pageref on input line 6369.
\Hy@abspage=\count112
\c@Item=\count113
\c@Hfootnote=\count114
)

Package hyperref Message: Driver (autodetected): hpdftex.

(/usr/local/texlive/2015/texmf-dist/tex/latex/hyperref/hpdftex.def
File: hpdftex.def 2012/11/06 v6.83m Hyperref driver for pdfTeX
\Fld@listcount=\count115
\c@bookmark@seq@number=\count116

(/usr/local/texlive/2015/texmf-dist/tex/latex/oberdiek/rerunfilecheck.sty
Package: rerunfilecheck 2011/04/15 v1.7 Rerun checks for auxiliary files (HO)
Package uniquecounter Info: New unique counter `rerunfilecheck' on input line 2
82.
)
\Hy@SectionHShift=\skip46
)
(/usr/local/texlive/2015/texmf-dist/tex/latex/graphics/graphicx.sty
Package: graphicx 2014/10/28 v1.0g Enhanced LaTeX Graphics (DPC,SPQR)

(/usr/local/texlive/2015/texmf-dist/tex/latex/graphics/graphics.sty
Package: graphics 2014/10/28 v1.0p Standard LaTeX Graphics (DPC,SPQR)

(/usr/local/texlive/2015/texmf-dist/tex/latex/graphics/trig.sty
Package: trig 1999/03/16 v1.09 sin cos tan (DPC)
)
(/usr/local/texlive/2015/texmf-dist/tex/latex/latexconfig/graphics.cfg
File: graphics.cfg 2010/04/23 v1.9 graphics configuration of TeX Live
)
Package graphics Info: Driver file: pdftex.def on input line 94.

(/usr/local/texlive/2015/texmf-dist/tex/latex/pdftex-def/pdftex.def
File: pdftex.def 2011/05/27 v0.06d Graphics/color for pdfTeX
\Gread@gobject=\count117
))
\Gin@req@height=\dimen137
\Gin@req@width=\dimen138
)
(/usr/local/texlive/2015/texmf-dist/tex/latex/changepage/changepage.sty
Package: changepage 2009/10/20 v1.0c check page and change page layout
\c@cp@cntr=\count118
\cp@tempcnt=\count119
)
(/usr/local/texlive/2015/texmf-dist/tex/latex/base/textcomp.sty
Package: textcomp 2005/09/27 v1.99g Standard LaTeX package
Package textcomp Info: Sub-encoding information:
(textcomp)               5 = only ISO-Adobe without \textcurrency
(textcomp)               4 = 5 + \texteuro
(textcomp)               3 = 4 + \textohm
(textcomp)               2 = 3 + \textestimated + \textcurrency
(textcomp)               1 = TS1 - \textcircled - \t
(textcomp)               0 = TS1 (full)
(textcomp)             Font families with sub-encoding setting implement
(textcomp)             only a restricted character set as indicated.
(textcomp)             Family '?' is the default used for unknown fonts.
(textcomp)             See the documentation for details.
Package textcomp Info: Setting ? sub-encoding to TS1/1 on input line 79.

(/usr/local/texlive/2015/texmf-dist/tex/latex/base/ts1enc.def
File: ts1enc.def 2001/06/05 v3.0e (jk/car/fm) Standard LaTeX file
)
LaTeX Info: Redefining \oldstylenums on input line 334.
Package textcomp Info: Setting cmr sub-encoding to TS1/0 on input line 349.
Package textcomp Info: Setting cmss sub-encoding to TS1/0 on input line 350.
Package textcomp Info: Setting cmtt sub-encoding to TS1/0 on input line 351.
Package textcomp Info: Setting cmvtt sub-encoding to TS1/0 on input line 352.
Package textcomp Info: Setting cmbr sub-encoding to TS1/0 on input line 353.
Package textcomp Info: Setting cmtl sub-encoding to TS1/0 on input line 354.
Package textcomp Info: Setting ccr sub-encoding to TS1/0 on input line 355.
Package textcomp Info: Setting ptm sub-encoding to TS1/4 on input line 356.
Package textcomp Info: Setting pcr sub-encoding to TS1/4 on input line 357.
Package textcomp Info: Setting phv sub-encoding to TS1/4 on input line 358.
Package textcomp Info: Setting ppl sub-encoding to TS1/3 on input line 359.
Package textcomp Info: Setting pag sub-encoding to TS1/4 on input line 360.
Package textcomp Info: Setting pbk sub-encoding to TS1/4 on input line 361.
Package textcomp Info: Setting pnc sub-encoding to TS1/4 on input line 362.
Package textcomp Info: Setting pzc sub-encoding to TS1/4 on input line 363.
Package textcomp Info: Setting bch sub-encoding to TS1/4 on input line 364.
Package textcomp Info: Setting put sub-encoding to TS1/5 on input line 365.
Package textcomp Info: Setting uag sub-encoding to TS1/5 on input line 366.
Package textcomp Info: Setting ugq sub-encoding to TS1/5 on input line 367.
Package textcomp Info: Setting ul8 sub-encoding to TS1/4 on input line 368.
Package textcomp Info: Setting ul9 sub-encoding to TS1/4 on input line 369.
Package textcomp Info: Setting augie sub-encoding to TS1/5 on input line 370.
Package textcomp Info: Setting dayrom sub-encoding to TS1/3 on input line 371.
Package textcomp Info: Setting dayroms sub-encoding to TS1/3 on input line 372.

Package textcomp Info: Setting pxr sub-encoding to TS1/0 on input line 373.
Package textcomp Info: Setting pxss sub-encoding to TS1/0 on input line 374.
Package textcomp Info: Setting pxtt sub-encoding to TS1/0 on input line 375.
Package textcomp Info: Setting txr sub-encoding to TS1/0 on input line 376.
Package textcomp Info: Setting txss sub-encoding to TS1/0 on input line 377.
Package textcomp Info: Setting txtt sub-encoding to TS1/0 on input line 378.
Package textcomp Info: Setting lmr sub-encoding to TS1/0 on input line 379.
Package textcomp Info: Setting lmdh sub-encoding to TS1/0 on input line 380.
Package textcomp Info: Setting lmss sub-encoding to TS1/0 on input line 381.
Package textcomp Info: Setting lmssq sub-encoding to TS1/0 on input line 382.
Package textcomp Info: Setting lmvtt sub-encoding to TS1/0 on input line 383.
Package textcomp Info: Setting lmtt sub-encoding to TS1/0 on input line 384.
Package textcomp Info: Setting qhv sub-encoding to TS1/0 on input line 385.
Package textcomp Info: Setting qag sub-encoding to TS1/0 on input line 386.
Package textcomp Info: Setting qbk sub-encoding to TS1/0 on input line 387.
Package textcomp Info: Setting qcr sub-encoding to TS1/0 on input line 388.
Package textcomp Info: Setting qcs sub-encoding to TS1/0 on input line 389.
Package textcomp Info: Setting qpl sub-encoding to TS1/0 on input line 390.
Package textcomp Info: Setting qtm sub-encoding to TS1/0 on input line 391.
Package textcomp Info: Setting qzc sub-encoding to TS1/0 on input line 392.
Package textcomp Info: Setting qhvc sub-encoding to TS1/0 on input line 393.
Package textcomp Info: Setting futs sub-encoding to TS1/4 on input line 394.
Package textcomp Info: Setting futx sub-encoding to TS1/4 on input line 395.
Package textcomp Info: Setting futj sub-encoding to TS1/4 on input line 396.
Package textcomp Info: Setting hlh sub-encoding to TS1/3 on input line 397.
Package textcomp Info: Setting hls sub-encoding to TS1/3 on input line 398.
Package textcomp Info: Setting hlst sub-encoding to TS1/3 on input line 399.
Package textcomp Info: Setting hlct sub-encoding to TS1/5 on input line 400.
Package textcomp Info: Setting hlx sub-encoding to TS1/5 on input line 401.
Package textcomp Info: Setting hlce sub-encoding to TS1/5 on input line 402.
Package textcomp Info: Setting hlcn sub-encoding to TS1/5 on input line 403.
Package textcomp Info: Setting hlcw sub-encoding to TS1/5 on input line 404.
Package textcomp Info: Setting hlcf sub-encoding to TS1/5 on input line 405.
Package textcomp Info: Setting pplx sub-encoding to TS1/3 on input line 406.
Package textcomp Info: Setting pplj sub-encoding to TS1/3 on input line 407.
Package textcomp Info: Setting ptmx sub-encoding to TS1/4 on input line 408.
Package textcomp Info: Setting ptmj sub-encoding to TS1/4 on input line 409.
)
(/usr/local/texlive/2015/texmf-dist/tex/latex/marvosym/marvosym.sty
Package: marvosym 2011/07/20 v2.2 Martin Vogel's Symbols font definitions
)
(/usr/local/texlive/2015/texmf-dist/tex/latex/base/fixltx2e.sty
Package: fixltx2e 2015/02/21 v2.0a fixes to LaTeX (obsolete)


Package fixltx2e Warning: fixltx2e is not required with releases after 2015
(fixltx2e)                All fixes are now in the LaTeX kernel.
(fixltx2e)                See the latexrelease package for details.

) (/usr/local/texlive/2015/texmf-dist/tex/latex/cite/cite.sty
LaTeX Info: Redefining \cite on input line 302.
LaTeX Info: Redefining \nocite on input line 332.
Package: cite 2015/02/27  v 5.5
)
(/usr/local/texlive/2015/texmf-dist/tex/latex/caption/caption.sty
Package: caption 2013/05/02 v3.3-89 Customizing captions (AR)

(/usr/local/texlive/2015/texmf-dist/tex/latex/caption/caption3.sty
Package: caption3 2013/05/02 v1.6-88 caption3 kernel (AR)
Package caption3 Info: TeX engine: e-TeX on input line 57.
\captionmargin=\dimen139
\captionmargin@=\dimen140
\captionwidth=\dimen141
\caption@tempdima=\dimen142
\caption@indent=\dimen143
\caption@parindent=\dimen144
\caption@hangindent=\dimen145
)
\c@ContinuedFloat=\count120
Package caption Info: hyperref package is loaded.
)
(/usr/local/texlive/2015/texmf-dist/tex/latex/caption/subcaption.sty
Package: subcaption 2013/02/03 v1.1-62 Sub-captions (AR)
\c@subfigure=\count121
\c@subtable=\count122
)
(/usr/local/texlive/2015/texmf-dist/tex/latex/rotating/rotating.sty
Package: rotating 2009/03/28 v2.16a rotated objects in LaTeX

(/usr/local/texlive/2015/texmf-dist/tex/latex/base/ifthen.sty
Package: ifthen 2014/09/29 v1.1c Standard LaTeX ifthen package (DPC)
)
\c@r@tfl@t=\count123
\rotFPtop=\skip47
\rotFPbot=\skip48
\rot@float@box=\box28
\rot@mess@toks=\toks26
)
(/usr/local/texlive/2015/texmf-dist/tex/latex/graphics/color.sty
Package: color 2014/10/28 v1.1a Standard LaTeX Color (DPC)

(/usr/local/texlive/2015/texmf-dist/tex/latex/latexconfig/color.cfg
File: color.cfg 2007/01/18 v1.5 color configuration of teTeX/TeXLive
)
Package color Info: Driver file: pdftex.def on input line 142.
)
(/usr/local/texlive/2015/texmf-dist/tex/latex/hyperref/nameref.sty
Package: nameref 2012/10/27 v2.43 Cross-referencing by name of section

(/usr/local/texlive/2015/texmf-dist/tex/generic/oberdiek/gettitlestring.sty
Package: gettitlestring 2010/12/03 v1.4 Cleanup title references (HO)
)
\c@section@level=\count124
)
(/usr/local/texlive/2015/texmf-dist/tex/latex/lineno/lineno.sty
Package: lineno 2005/11/02 line numbers on paragraphs v4.41
\linenopenalty=\count125
\output=\toks27
\linenoprevgraf=\count126
\linenumbersep=\dimen146
\linenumberwidth=\dimen147
\c@linenumber=\count127
\c@pagewiselinenumber=\count128
\c@LN@truepage=\count129
\c@internallinenumber=\count130
\c@internallinenumbers=\count131
\quotelinenumbersep=\dimen148
\bframerule=\dimen149
\bframesep=\dimen150
\bframebox=\box29
LaTeX Info: Redefining \\ on input line 3056.
)
(/usr/local/texlive/2015/texmf-dist/tex/latex/microtype/microtype.sty
Package: microtype 2013/05/23 v2.5a Micro-typographical refinements (RS)
\MT@toks=\toks28
\MT@count=\count132
LaTeX Info: Redefining \textls on input line 766.
\MT@outer@kern=\dimen151
LaTeX Info: Redefining \textmicrotypecontext on input line 1285.
\MT@listname@count=\count133

(/usr/local/texlive/2015/texmf-dist/tex/latex/microtype/microtype-pdftex.def
File: microtype-pdftex.def 2013/05/23 v2.5a Definitions specific to pdftex (RS)

LaTeX Info: Redefining \lsstyle on input line 915.
LaTeX Info: Redefining \lslig on input line 915.
\MT@outer@space=\skip49
)
Package microtype Info: Loading configuration file microtype.cfg.

(/usr/local/texlive/2015/texmf-dist/tex/latex/microtype/microtype.cfg
File: microtype.cfg 2013/05/23 v2.5a microtype main configuration file (RS)
))
(/usr/local/texlive/2015/texmf-dist/tex/latex/tools/enumerate.sty
Package: enumerate 2014/10/28 v3.00 enumerate extensions (DPC)
\@enLab=\toks29
)
(/usr/local/texlive/2015/texmf-dist/tex/latex/multirow/multirow.sty
\bigstrutjot=\dimen152
)
(/usr/local/texlive/2015/texmf-dist/tex/latex/tools/xr.sty
Package: xr 1994/05/28 v5.02 eXternal References (DPC)
)
\c@algorithm=\count134
\c@proposition=\count135
\c@restateproposition=\count136
\c@lemma=\count137
\c@corollary=\count138
\c@result=\count139
\c@note=\count140
\c@definition=\count141
)
(/usr/local/texlive/2015/texmf-dist/tex/latex/lastpage/lastpage.sty
Package: lastpage 2015/03/29 v1.2m Refers to last page's name (HMM; JPG)
)
(/usr/local/texlive/2015/texmf-dist/tex/latex/fancyhdr/fancyhdr.sty
\fancy@headwidth=\skip50
\f@ncyO@elh=\skip51
\f@ncyO@erh=\skip52
\f@ncyO@olh=\skip53
\f@ncyO@orh=\skip54
\f@ncyO@elf=\skip55
\f@ncyO@erf=\skip56
\f@ncyO@olf=\skip57
\f@ncyO@orf=\skip58
)
(/usr/local/texlive/2015/texmf-dist/tex/latex/oberdiek/epstopdf.sty
Package: epstopdf 2010/02/09 v2.5 Conversion with epstopdf on the fly (HO)

(/usr/local/texlive/2015/texmf-dist/tex/latex/oberdiek/epstopdf-base.sty
Package: epstopdf-base 2010/02/09 v2.5 Base part for package epstopdf

(/usr/local/texlive/2015/texmf-dist/tex/latex/oberdiek/grfext.sty
Package: grfext 2010/08/19 v1.1 Manage graphics extensions (HO)
)
Package grfext Info: Graphics extension search list:
(grfext)             [.png,.pdf,.jpg,.mps,.jpeg,.jbig2,.jb2,.PNG,.PDF,.JPG,.JPE
G,.JBIG2,.JB2,.eps]
(grfext)             \AppendGraphicsExtensions on input line 452.

(/usr/local/texlive/2015/texmf-dist/tex/latex/latexconfig/epstopdf-sys.cfg
File: epstopdf-sys.cfg 2010/07/13 v1.3 Configuration of (r)epstopdf for TeX Liv
e
)))
(./manuscript-plos-gen-rev-1round.aux

LaTeX Warning: Label `figS15' multiply defined.


LaTeX Warning: Label `supptab3' multiply defined.


LaTeX Warning: Label `Guo2010' multiply defined.

)
\openout1 = `manuscript-plos-gen-rev-1round.aux'.

LaTeX Font Info:    Checking defaults for OML/cmm/m/it on input line 27.
LaTeX Font Info:    ... okay on input line 27.
LaTeX Font Info:    Checking defaults for T1/cmr/m/n on input line 27.
LaTeX Font Info:    ... okay on input line 27.
LaTeX Font Info:    Checking defaults for OT1/cmr/m/n on input line 27.
LaTeX Font Info:    ... okay on input line 27.
LaTeX Font Info:    Checking defaults for OMS/cmsy/m/n on input line 27.
LaTeX Font Info:    ... okay on input line 27.
LaTeX Font Info:    Checking defaults for OMX/cmex/m/n on input line 27.
LaTeX Font Info:    ... okay on input line 27.
LaTeX Font Info:    Checking defaults for U/cmr/m/n on input line 27.
LaTeX Font Info:    ... okay on input line 27.
LaTeX Font Info:    Checking defaults for PD1/pdf/m/n on input line 27.
LaTeX Font Info:    ... okay on input line 27.
LaTeX Font Info:    Checking defaults for TS1/cmr/m/n on input line 27.
LaTeX Font Info:    Try loading font information for TS1+cmr on input line 27.
 (/usr/local/texlive/2015/texmf-dist/tex/latex/base/ts1cmr.fd
File: ts1cmr.fd 2014/09/29 v2.5h Standard LaTeX font definitions
)
LaTeX Font Info:    ... okay on input line 27.

*geometry* driver: auto-detecting
*geometry* detected driver: pdftex
*geometry* verbose mode - [ preamble ] result:
* driver: pdftex
* paper: letterpaper
* layout: <same size as paper>
* layoutoffset:(h,v)=(0.0pt,0.0pt)
* modes: 
* h-part:(L,W,R)=(198.7425pt, 323.40732pt, 92.14519pt)
* v-part:(T,H,B)=(61.42993pt, 638.14268pt, 95.39737pt)
* \paperwidth=614.295pt
* \paperheight=794.96999pt
* \textwidth=379.4175pt
* \textheight=632.36249pt
* \oddsidemargin=126.4725pt
* \evensidemargin=126.4725pt
* \topmargin=-47.84006pt
* \headheight=27.023pt
* \headsep=25.0pt
* \topskip=10.0pt
* \footskip=54.2025pt
* \marginparwidth=65.0pt
* \marginparsep=11.0pt
* \columnsep=10.0pt
* \skip\footins=9.0pt plus 4.0pt minus 2.0pt
* \hoffset=0.0pt
* \voffset=0.0pt
* \mag=1000
* \@twocolumnfalse
* \@twosidefalse
* \@mparswitchfalse
* \@reversemarginfalse
* (1in=72.27pt=25.4mm, 1cm=28.453pt)

(/usr/local/texlive/2015/texmf-dist/tex/latex/ucs/ucsencs.def
File: ucsencs.def 2011/01/21 Fixes to fontencodings LGR, T3
)
\AtBeginShipoutBox=\box30
Package hyperref Info: Link coloring OFF on input line 27.
LaTeX Info: Redefining \ref on input line 27.
LaTeX Info: Redefining \pageref on input line 27.
LaTeX Info: Redefining \nameref on input line 27.

(./manuscript-plos-gen-rev-1round.out) (./manuscript-plos-gen-rev-1round.out)
\@outlinefile=\write3
\openout3 = `manuscript-plos-gen-rev-1round.out'.


(/usr/local/texlive/2015/texmf-dist/tex/context/base/supp-pdf.mkii
[Loading MPS to PDF converter (version 2006.09.02).]
\scratchcounter=\count142
\scratchdimen=\dimen153
\scratchbox=\box31
\nofMPsegments=\count143
\nofMParguments=\count144
\everyMPshowfont=\toks30
\MPscratchCnt=\count145
\MPscratchDim=\dimen154
\MPnumerator=\count146
\makeMPintoPDFobject=\count147
\everyMPtoPDFconversion=\toks31
)
Package caption Info: Begin \AtBeginDocument code.
Package caption Info: rotating package is loaded.
Package caption Info: End \AtBeginDocument code.
LaTeX Info: Redefining \microtypecontext on input line 27.
Package microtype Info: Generating PDF output.
Package microtype Info: Character protrusion enabled (level 2).
Package microtype Info: Using default protrusion set `alltext'.
Package microtype Info: Automatic font expansion enabled (level 2),
(microtype)             stretch: 20, shrink: 20, step: 1, non-selected.
Package microtype Info: Using default expansion set `basictext'.
Package microtype Info: No adjustment of tracking.
Package microtype Info: No adjustment of interword spacing.
Package microtype Info: No adjustment of character kerning.
 (/usr/local/texlive/2015/texmf-dist/tex/latex/microtype/mt-cmr.cfg
File: mt-cmr.cfg 2013/05/19 v2.2 microtype config. file: Computer Modern Roman 
(RS)
)
Package lastpage Info: Please have a look at the pageslts package at
(lastpage)             https://www.ctan.org/pkg/pageslts
(lastpage)             ! on input line 27.
LaTeX Font Info:    Try loading font information for U+msa on input line 40.

(/usr/local/texlive/2015/texmf-dist/tex/latex/amsfonts/umsa.fd
File: umsa.fd 2013/01/14 v3.01 AMS symbols A
)
(/usr/local/texlive/2015/texmf-dist/tex/latex/microtype/mt-msa.cfg
File: mt-msa.cfg 2006/02/04 v1.1 microtype config. file: AMS symbols (a) (RS)
)
LaTeX Font Info:    Try loading font information for U+msb on input line 40.

(/usr/local/texlive/2015/texmf-dist/tex/latex/amsfonts/umsb.fd
File: umsb.fd 2013/01/14 v3.01 AMS symbols B
)
(/usr/local/texlive/2015/texmf-dist/tex/latex/microtype/mt-msb.cfg
File: mt-msb.cfg 2005/06/01 v1.0 microtype config. file: AMS symbols (b) (RS)
)
Package microtype Info: Loading generic settings for font family
(microtype)             `cmtt' (encoding: OT1).
(microtype)             For optimal results, create family-specific settings.
(microtype)             See the microtype manual for details.
Package microtype Info: Loading generic settings for font family
(microtype)             `cmss' (encoding: OT1).
(microtype)             For optimal results, create family-specific settings.
(microtype)             See the microtype manual for details.
Package epstopdf Info: Source file: <PLOS-submission.eps>
(epstopdf)                    date: 2016-09-21 09:10:43
(epstopdf)                    size: 283246 bytes
(epstopdf)             Output file: <PLOS-submission-eps-converted-to.pdf>
(epstopdf)                    date: 2016-09-21 09:10:43
(epstopdf)                    size: 15452 bytes
(epstopdf)             Command: <epstopdf --outfile=PLOS-submission-eps-convert
ed-to.pdf PLOS-submission.eps>
(epstopdf)             \includegraphics on input line 81.
Package epstopdf Info: Output file is already uptodate.

<PLOS-submission-eps-converted-to.pdf, id=4, 216.81pt x 35.13126pt>
File: PLOS-submission-eps-converted-to.pdf Graphic file (type pdf)

<use PLOS-submission-eps-converted-to.pdf>
Package pdftex.def Info: PLOS-submission-eps-converted-to.pdf used on input lin
e 81.
(pdftex.def)             Requested size: 144.54pt x 23.42201pt.
 [1

{/usr/local/texlive/2015/texmf-var/fonts/map/pdftex/updmap/pdftex.map} <./PLOS-
submission-eps-converted-to.pdf>]
Package epstopdf Info: Source file: <PLOS-submission.eps>
(epstopdf)                    date: 2016-09-21 09:10:43
(epstopdf)                    size: 283246 bytes
(epstopdf)             Output file: <PLOS-submission-eps-converted-to.pdf>
(epstopdf)                    date: 2016-09-21 09:10:43
(epstopdf)                    size: 15452 bytes
(epstopdf)             Command: <epstopdf --outfile=PLOS-submission-eps-convert
ed-to.pdf PLOS-submission.eps>
(epstopdf)             \includegraphics on input line 127.
Package epstopdf Info: Output file is already uptodate.
File: PLOS-submission-eps-converted-to.pdf Graphic file (type pdf)

<use PLOS-submission-eps-converted-to.pdf>
Package pdftex.def Info: PLOS-submission-eps-converted-to.pdf used on input lin
e 127.
(pdftex.def)             Requested size: 144.54pt x 23.42201pt.
 [2]

LaTeX Warning: Reference `fig:' on page 3 undefined on input line 184.

Package epstopdf Info: Source file: <PLOS-submission.eps>
(epstopdf)                    date: 2016-09-21 09:10:43
(epstopdf)                    size: 283246 bytes
(epstopdf)             Output file: <PLOS-submission-eps-converted-to.pdf>
(epstopdf)                    date: 2016-09-21 09:10:43
(epstopdf)                    size: 15452 bytes
(epstopdf)             Command: <epstopdf --outfile=PLOS-submission-eps-convert
ed-to.pdf PLOS-submission.eps>
(epstopdf)             \includegraphics on input line 185.
Package epstopdf Info: Output file is already uptodate.
File: PLOS-submission-eps-converted-to.pdf Graphic file (type pdf)
<use PLOS-submission-eps-converted-to.pdf>
Package pdftex.def Info: PLOS-submission-eps-converted-to.pdf used on input lin
e 185.
(pdftex.def)             Requested size: 144.54pt x 23.42201pt.
 [3]

LaTeX Warning: Reference `' on page 4 undefined on input line 190.


LaTeX Warning: Reference `' on page 4 undefined on input line 192.


LaTeX Warning: Reference `' on page 4 undefined on input line 192.


LaTeX Warning: Reference `' on page 4 undefined on input line 193.


LaTeX Warning: Reference `' on page 4 undefined on input line 194.


LaTeX Warning: Citation `yoav' on page 4 undefined on input line 202.

Package epstopdf Info: Source file: <PLOS-submission.eps>
(epstopdf)                    date: 2016-09-21 09:10:43
(epstopdf)                    size: 283246 bytes
(epstopdf)             Output file: <PLOS-submission-eps-converted-to.pdf>
(epstopdf)                    date: 2016-09-21 09:10:43
(epstopdf)                    size: 15452 bytes
(epstopdf)             Command: <epstopdf --outfile=PLOS-submission-eps-convert
ed-to.pdf PLOS-submission.eps>
(epstopdf)             \includegraphics on input line 211.
Package epstopdf Info: Output file is already uptodate.
File: PLOS-submission-eps-converted-to.pdf Graphic file (type pdf)
<use PLOS-submission-eps-converted-to.pdf>
Package pdftex.def Info: PLOS-submission-eps-converted-to.pdf used on input lin
e 211.
(pdftex.def)             Requested size: 144.54pt x 23.42201pt.
 [4]

LaTeX Warning: Reference `' on page 5 undefined on input line 217.

Package epstopdf Info: Source file: <PLOS-submission.eps>
(epstopdf)                    date: 2016-09-21 09:10:43
(epstopdf)                    size: 283246 bytes
(epstopdf)             Output file: <PLOS-submission-eps-converted-to.pdf>
(epstopdf)                    date: 2016-09-21 09:10:43
(epstopdf)                    size: 15452 bytes
(epstopdf)             Command: <epstopdf --outfile=PLOS-submission-eps-convert
ed-to.pdf PLOS-submission.eps>
(epstopdf)             \includegraphics on input line 274.
Package epstopdf Info: Output file is already uptodate.
File: PLOS-submission-eps-converted-to.pdf Graphic file (type pdf)
<use PLOS-submission-eps-converted-to.pdf>
Package pdftex.def Info: PLOS-submission-eps-converted-to.pdf used on input lin
e 274.
(pdftex.def)             Requested size: 144.54pt x 23.42201pt.
 [5]
Package epstopdf Info: Source file: <PLOS-submission.eps>
(epstopdf)                    date: 2016-09-21 09:10:43
(epstopdf)                    size: 283246 bytes
(epstopdf)             Output file: <PLOS-submission-eps-converted-to.pdf>
(epstopdf)                    date: 2016-09-21 09:10:43
(epstopdf)                    size: 15452 bytes
(epstopdf)             Command: <epstopdf --outfile=PLOS-submission-eps-convert
ed-to.pdf PLOS-submission.eps>
(epstopdf)             \includegraphics on input line 302.
Package epstopdf Info: Output file is already uptodate.
File: PLOS-submission-eps-converted-to.pdf Graphic file (type pdf)

<use PLOS-submission-eps-converted-to.pdf>
Package pdftex.def Info: PLOS-submission-eps-converted-to.pdf used on input lin
e 302.
(pdftex.def)             Requested size: 144.54pt x 23.42201pt.
 [6]

LaTeX Warning: Citation `rossant.tam.2009' on page 7 undefined on input line 33
0.

Package epstopdf Info: Source file: <PLOS-submission.eps>
(epstopdf)                    date: 2016-09-21 09:10:43
(epstopdf)                    size: 283246 bytes
(epstopdf)             Output file: <PLOS-submission-eps-converted-to.pdf>
(epstopdf)                    date: 2016-09-21 09:10:43
(epstopdf)                    size: 15452 bytes
(epstopdf)             Command: <epstopdf --outfile=PLOS-submission-eps-convert
ed-to.pdf PLOS-submission.eps>
(epstopdf)             \includegraphics on input line 336.
Package epstopdf Info: Output file is already uptodate.
File: PLOS-submission-eps-converted-to.pdf Graphic file (type pdf)
<use PLOS-submission-eps-converted-to.pdf>
Package pdftex.def Info: PLOS-submission-eps-converted-to.pdf used on input lin
e 336.
(pdftex.def)             Requested size: 144.54pt x 23.42201pt.
 [7]

LaTeX Warning: Citation `deng.etal' on page 8 undefined on input line 337.


LaTeX Warning: Reference `supp' on page 8 undefined on input line 339.


LaTeX Warning: Reference `fig:PCA-48genes' on page 8 undefined on input line 34
1.


LaTeX Warning: Reference `' on page 8 undefined on input line 343.


LaTeX Warning: Citation `deng.etal' on page 8 undefined on input line 344.

Package epstopdf Info: Source file: <PLOS-submission.eps>
(epstopdf)                    date: 2016-09-21 09:10:43
(epstopdf)                    size: 283246 bytes
(epstopdf)             Output file: <PLOS-submission-eps-converted-to.pdf>
(epstopdf)                    date: 2016-09-21 09:10:43
(epstopdf)                    size: 15452 bytes
(epstopdf)             Command: <epstopdf --outfile=PLOS-submission-eps-convert
ed-to.pdf PLOS-submission.eps>
(epstopdf)             \includegraphics on input line 379.
Package epstopdf Info: Output file is already uptodate.
File: PLOS-submission-eps-converted-to.pdf Graphic file (type pdf)
<use PLOS-submission-eps-converted-to.pdf>
Package pdftex.def Info: PLOS-submission-eps-converted-to.pdf used on input lin
e 379.
(pdftex.def)             Requested size: 144.54pt x 23.42201pt.
 [8]

LaTeX Warning: Reference `S8' on page 9 undefined on input line 382.

Package epstopdf Info: Source file: <PLOS-submission.eps>
(epstopdf)                    date: 2016-09-21 09:10:43
(epstopdf)                    size: 283246 bytes
(epstopdf)             Output file: <PLOS-submission-eps-converted-to.pdf>
(epstopdf)                    date: 2016-09-21 09:10:43
(epstopdf)                    size: 15452 bytes
(epstopdf)             Command: <epstopdf --outfile=PLOS-submission-eps-convert
ed-to.pdf PLOS-submission.eps>
(epstopdf)             \includegraphics on input line 423.
Package epstopdf Info: Output file is already uptodate.
File: PLOS-submission-eps-converted-to.pdf Graphic file (type pdf)
<use PLOS-submission-eps-converted-to.pdf>
Package pdftex.def Info: PLOS-submission-eps-converted-to.pdf used on input lin
e 423.
(pdftex.def)             Requested size: 144.54pt x 23.42201pt.
 [9]
Package epstopdf Info: Source file: <PLOS-submission.eps>
(epstopdf)                    date: 2016-09-21 09:10:43
(epstopdf)                    size: 283246 bytes
(epstopdf)             Output file: <PLOS-submission-eps-converted-to.pdf>
(epstopdf)                    date: 2016-09-21 09:10:43
(epstopdf)                    size: 15452 bytes
(epstopdf)             Command: <epstopdf --outfile=PLOS-submission-eps-convert
ed-to.pdf PLOS-submission.eps>
(epstopdf)             \includegraphics on input line 463.
Package epstopdf Info: Output file is already uptodate.
File: PLOS-submission-eps-converted-to.pdf Graphic file (type pdf)

<use PLOS-submission-eps-converted-to.pdf>
Package pdftex.def Info: PLOS-submission-eps-converted-to.pdf used on input lin
e 463.
(pdftex.def)             Requested size: 144.54pt x 23.42201pt.
 [10]
Package epstopdf Info: Source file: <PLOS-submission.eps>
(epstopdf)                    date: 2016-09-21 09:10:43
(epstopdf)                    size: 283246 bytes
(epstopdf)             Output file: <PLOS-submission-eps-converted-to.pdf>
(epstopdf)                    date: 2016-09-21 09:10:43
(epstopdf)                    size: 15452 bytes
(epstopdf)             Command: <epstopdf --outfile=PLOS-submission-eps-convert
ed-to.pdf PLOS-submission.eps>
(epstopdf)             \includegraphics on input line 572.
Package epstopdf Info: Output file is already uptodate.
File: PLOS-submission-eps-converted-to.pdf Graphic file (type pdf)

<use PLOS-submission-eps-converted-to.pdf>
Package pdftex.def Info: PLOS-submission-eps-converted-to.pdf used on input lin
e 572.
(pdftex.def)             Requested size: 144.54pt x 23.42201pt.
 [11]
Package epstopdf Info: Source file: <PLOS-submission.eps>
(epstopdf)                    date: 2016-09-21 09:10:43
(epstopdf)                    size: 283246 bytes
(epstopdf)             Output file: <PLOS-submission-eps-converted-to.pdf>
(epstopdf)                    date: 2016-09-21 09:10:43
(epstopdf)                    size: 15452 bytes
(epstopdf)             Command: <epstopdf --outfile=PLOS-submission-eps-convert
ed-to.pdf PLOS-submission.eps>
(epstopdf)             \includegraphics on input line 606.
Package epstopdf Info: Output file is already uptodate.
File: PLOS-submission-eps-converted-to.pdf Graphic file (type pdf)

<use PLOS-submission-eps-converted-to.pdf>
Package pdftex.def Info: PLOS-submission-eps-converted-to.pdf used on input lin
e 606.
(pdftex.def)             Requested size: 144.54pt x 23.42201pt.
 [12]
Package epstopdf Info: Source file: <PLOS-submission.eps>
(epstopdf)                    date: 2016-09-21 09:10:43
(epstopdf)                    size: 283246 bytes
(epstopdf)             Output file: <PLOS-submission-eps-converted-to.pdf>
(epstopdf)                    date: 2016-09-21 09:10:43
(epstopdf)                    size: 15452 bytes
(epstopdf)             Command: <epstopdf --outfile=PLOS-submission-eps-convert
ed-to.pdf PLOS-submission.eps>
(epstopdf)             \includegraphics on input line 642.
Package epstopdf Info: Output file is already uptodate.
File: PLOS-submission-eps-converted-to.pdf Graphic file (type pdf)

<use PLOS-submission-eps-converted-to.pdf>
Package pdftex.def Info: PLOS-submission-eps-converted-to.pdf used on input lin
e 642.
(pdftex.def)             Requested size: 144.54pt x 23.42201pt.
 [13]
Package epstopdf Info: Source file: <PLOS-submission.eps>
(epstopdf)                    date: 2016-09-21 09:10:43
(epstopdf)                    size: 283246 bytes
(epstopdf)             Output file: <PLOS-submission-eps-converted-to.pdf>
(epstopdf)                    date: 2016-09-21 09:10:43
(epstopdf)                    size: 15452 bytes
(epstopdf)             Command: <epstopdf --outfile=PLOS-submission-eps-convert
ed-to.pdf PLOS-submission.eps>
(epstopdf)             \includegraphics on input line 692.
Package epstopdf Info: Output file is already uptodate.
File: PLOS-submission-eps-converted-to.pdf Graphic file (type pdf)

<use PLOS-submission-eps-converted-to.pdf>
Package pdftex.def Info: PLOS-submission-eps-converted-to.pdf used on input lin
e 692.
(pdftex.def)             Requested size: 144.54pt x 23.42201pt.
 [14]
Package epstopdf Info: Source file: <PLOS-submission.eps>
(epstopdf)                    date: 2016-09-21 09:10:43
(epstopdf)                    size: 283246 bytes
(epstopdf)             Output file: <PLOS-submission-eps-converted-to.pdf>
(epstopdf)                    date: 2016-09-21 09:10:43
(epstopdf)                    size: 15452 bytes
(epstopdf)             Command: <epstopdf --outfile=PLOS-submission-eps-convert
ed-to.pdf PLOS-submission.eps>
(epstopdf)             \includegraphics on input line 709.
Package epstopdf Info: Output file is already uptodate.
File: PLOS-submission-eps-converted-to.pdf Graphic file (type pdf)

<use PLOS-submission-eps-converted-to.pdf>
Package pdftex.def Info: PLOS-submission-eps-converted-to.pdf used on input lin
e 709.
(pdftex.def)             Requested size: 144.54pt x 23.42201pt.
 [15]
Package epstopdf Info: Source file: <PLOS-submission.eps>
(epstopdf)                    date: 2016-09-21 09:10:43
(epstopdf)                    size: 283246 bytes
(epstopdf)             Output file: <PLOS-submission-eps-converted-to.pdf>
(epstopdf)                    date: 2016-09-21 09:10:43
(epstopdf)                    size: 15452 bytes
(epstopdf)             Command: <epstopdf --outfile=PLOS-submission-eps-convert
ed-to.pdf PLOS-submission.eps>
(epstopdf)             \includegraphics on input line 844.
Package epstopdf Info: Output file is already uptodate.
File: PLOS-submission-eps-converted-to.pdf Graphic file (type pdf)

<use PLOS-submission-eps-converted-to.pdf>
Package pdftex.def Info: PLOS-submission-eps-converted-to.pdf used on input lin
e 844.
(pdftex.def)             Requested size: 144.54pt x 23.42201pt.
 [16

]
Package epstopdf Info: Source file: <PLOS-submission.eps>
(epstopdf)                    date: 2016-09-21 09:10:43
(epstopdf)                    size: 283246 bytes
(epstopdf)             Output file: <PLOS-submission-eps-converted-to.pdf>
(epstopdf)                    date: 2016-09-21 09:10:43
(epstopdf)                    size: 15452 bytes
(epstopdf)             Command: <epstopdf --outfile=PLOS-submission-eps-convert
ed-to.pdf PLOS-submission.eps>
(epstopdf)             \includegraphics on input line 953.
Package epstopdf Info: Output file is already uptodate.
File: PLOS-submission-eps-converted-to.pdf Graphic file (type pdf)

<use PLOS-submission-eps-converted-to.pdf>
Package pdftex.def Info: PLOS-submission-eps-converted-to.pdf used on input lin
e 953.
(pdftex.def)             Requested size: 144.54pt x 23.42201pt.
 [17]
Package epstopdf Info: Source file: <PLOS-submission.eps>
(epstopdf)                    date: 2016-09-21 09:10:43
(epstopdf)                    size: 283246 bytes
(epstopdf)             Output file: <PLOS-submission-eps-converted-to.pdf>
(epstopdf)                    date: 2016-09-21 09:10:43
(epstopdf)                    size: 15452 bytes
(epstopdf)             Command: <epstopdf --outfile=PLOS-submission-eps-convert
ed-to.pdf PLOS-submission.eps>
(epstopdf)             \includegraphics on input line 1032.
Package epstopdf Info: Output file is already uptodate.
File: PLOS-submission-eps-converted-to.pdf Graphic file (type pdf)

<use PLOS-submission-eps-converted-to.pdf>
Package pdftex.def Info: PLOS-submission-eps-converted-to.pdf used on input lin
e 1032.
(pdftex.def)             Requested size: 144.54pt x 23.42201pt.
 [18]pdfTeX warning (ext4): destination with the same identifier (name{cite.Guo
2010}) has been already used, duplicate ignored
<to be read again> 
                   \relax 
l.1048  \bibitem{Guo2010}
                         
Package epstopdf Info: Source file: <PLOS-submission.eps>
(epstopdf)                    date: 2016-09-21 09:10:43
(epstopdf)                    size: 283246 bytes
(epstopdf)             Output file: <PLOS-submission-eps-converted-to.pdf>
(epstopdf)                    date: 2016-09-21 09:10:43
(epstopdf)                    size: 15452 bytes
(epstopdf)             Command: <epstopdf --outfile=PLOS-submission-eps-convert
ed-to.pdf PLOS-submission.eps>
(epstopdf)             \includegraphics on input line 1091.
Package epstopdf Info: Output file is already uptodate.
File: PLOS-submission-eps-converted-to.pdf Graphic file (type pdf)
 <use PLOS-submission-eps-converted-to.pdf>
Package pdftex.def Info: PLOS-submission-eps-converted-to.pdf used on input lin
e 1091.
(pdftex.def)             Requested size: 144.54pt x 23.42201pt.
 [19]
Underfull \hbox (badness 1454) in paragraph at lines 1102--1102
[]\OT1/cmr/m/n/8 (+20) GO:0005654 (nucleoplasm)[2e-10], GO:0044822 (poly-A RNA 
binding)[3e-09],
 []


Underfull \hbox (badness 1163) in paragraph at lines 1103--1103
[]\OT1/cmr/m/n/8 (+20) GO:0097458 (neu-ron part)[2e-25], GO:0007268 (synap-tic 
transmission)[9e-18],
 []


Underfull \hbox (badness 1259) in paragraph at lines 1103--1103
\OT1/cmr/m/n/8 (+20) GO:0030182 (neu-ron differentiation)[2e-14], GO:0022008 (n
eurogenesis)[1e-13],
 []


Underfull \hbox (badness 10000) in paragraph at lines 1104--1104
[]\OT1/cmr/m/it/8 (+20) FABP4, PLIN1, FASN,
 []


Underfull \hbox (badness 1478) in paragraph at lines 1104--1104
\OT1/cmr/m/n/8 (+20) 09], GO:0006639 (acyl-glyc-erol metabolism)[3e-08], GO:004
5765 (an-gio-gen-e-sis
 []


Underfull \hbox (badness 3148) in paragraph at lines 1105--1105
[]\OT1/cmr/m/it/8 (+20) ACTG2, MYH11, SYNM,
 []


Underfull \hbox (badness 10000) in paragraph at lines 1106--1106
[]\OT1/cmr/m/it/8 (+20) RGS5, MGP, AEBP1,
 []


Underfull \hbox (badness 10000) in paragraph at lines 1108--1108
[]\OT1/cmr/m/it/8 (+20) NEB, MYH1, MYH2,
 []


Underfull \hbox (badness 4060) in paragraph at lines 1109--1109
[]\OT1/cmr/m/it/8 (+20) FN1, COL1A1, COL1A2,
 []


Underfull \hbox (badness 2932) in paragraph at lines 1109--1109
\OT1/cmr/m/n/8 (+20) 29], GO:0032963 (col-la-gen metabolism)[3e-16], GO:0030199
 (col-la-gen fib-ril
 []


Underfull \hbox (badness 10000) in paragraph at lines 1110--1110
[]\OT1/cmr/m/it/8 (+20) MBP, GFAP, MTURN,
 []


Underfull \hbox (badness 8038) in paragraph at lines 1112--1112
\OT1/cmr/m/n/8 (+20) 07], GO:0042552 (myelination)[7e-06], GO:0048856 (anatom-i
-cal struc-ture
 []


Underfull \hbox (badness 10000) in paragraph at lines 1113--1113
[]\OT1/cmr/m/it/8 (+20) IGHM, IGHG1, IGHG2,
 []


Underfull \hbox (badness 7116) in paragraph at lines 1114--1114
[]\OT1/cmr/m/it/8 (+20) TG, PRL, GH1, PRM2,
 []


Underfull \hbox (badness 10000) in paragraph at lines 1115--1115
[]\OT1/cmr/m/it/8 (+20) NPPA, MYH6, TNNT2,
 []


Underfull \hbox (badness 5217) in paragraph at lines 1115--1115
[]\OT1/cmr/m/n/8 (+20) GO:0045333 (cel-lu-lar respiration)[2e-34], GO:0022904 (
res-pi-ra-tory elec-tron
 []


Underfull \hbox (badness 3635) in paragraph at lines 1115--1115
\OT1/cmr/m/n/8 (+20) transport)[8e-33], GO:0015980 (en-ergy deriva-tion by ox-i
-da-tion of or-ganic
 []


Underfull \hbox (badness 10000) in paragraph at lines 1116--1116
[]\OT1/cmr/m/it/8 (+20) KRT13, KRT4, MUC7,
 []


Underfull \hbox (badness 2582) in paragraph at lines 1117--1117
[]\OT1/cmr/m/n/8 (+20) GO:0001525 (angiogenesis)[5e-08], GO:0001944 (vas-cu-la-
ture development)[2e-
 []


Underfull \hbox (badness 10000) in paragraph at lines 1118--1118
[]\OT1/cmr/m/it/8 (+20) CSF3R, MMP25, IL1R2,
 []


Underfull \hbox (badness 1014) in paragraph at lines 1118--1118
[]\OT1/cmr/m/n/8 (+20) GO:0006955 (im-mune response)[8e-22], GO:0006952 (de-fen
se response)[9e-16],
 []


Underfull \hbox (badness 3058) in paragraph at lines 1118--1118
\OT1/cmr/m/n/8 (+20) GO:0071944 (cell periphery)[7e-15], GO:0005886 (plasma mem
brane)[7e-15],
 []


Underfull \hbox (badness 10000) in paragraph at lines 1119--1119
[]\OT1/cmr/m/it/8 (+20) PRSS1, CPA1, PN-LIP,
 []


Underfull \hbox (badness 1577) in paragraph at lines 1119--1119
\OT1/cmr/m/n/8 (+20) 08], GO:0006508 (proteolysis)[6e-06], GO:0016787 (hy-dro-l
ase activity)[6e-05],
 []


Underfull \hbox (badness 1062) in paragraph at lines 1120--1120
\OT1/cmr/m/n/8 (+20) GO:0020037 (heme binding)[3e-07], GO:0031720 (hap-toglobin
 binding)[3e-06],
 []


Underfull \hbox (badness 10000) in paragraph at lines 1121--1121
[]\OT1/cmr/m/it/8 (+20) ALB, HP, FGB, FGA,
 []


Overfull \hbox (3.47871pt too wide) in paragraph at lines 1098--1123
 [] 
 []


LaTeX Warning: Float too large for page by 103.08597pt on input line 1124.


Underfull \hbox (badness 1092) in paragraph at lines 1140--1140
[]\OT1/cmr/m/it/8 (+20) ENC1, NCALD, YWHAH,
 []


Underfull \hbox (badness 10000) in paragraph at lines 1142--1142
[]\OT1/cmr/m/it/8 (+20) PKD1, CBLN3, CHGB,
 []


Underfull \hbox (badness 2334) in paragraph at lines 1146--1147
\OT1/cmr/m/n/8 (+20) (en-sheath-ment of neu-rons), GO:0048471 (per-in-u-clear r
e-gion of cy-to-plasm),
 []


Overfull \hbox (3.47871pt too wide) in paragraph at lines 1134--1151
 [] 
 []


Underfull \hbox (badness 10000) in paragraph at lines 1167--1167
[]\OT1/cmr/m/it/8 (+20) Bcl2l10\OT1/cmr/m/n/8 (+20) , \OT1/cmr/m/it/8 (+20) E33
0034G19Rik\OT1/cmr/m/n/8 (+20) ,
 []


Underfull \hbox (badness 1147) in paragraph at lines 1167--1167
\OT1/cmr/m/it/8 (+20) AU022751\OT1/cmr/m/n/8 (+20) , \OT1/cmr/m/it/8 (+20) Spin
1\OT1/cmr/m/n/8 (+20) , \OT1/cmr/m/it/8 (+20) Khdc1b\OT1/cmr/m/n/8 (+20) ,
 []


Underfull \hbox (badness 10000) in paragraph at lines 1169--1170
[]\OT1/cmr/m/it/8 (+20) Obox3\OT1/cmr/m/n/8 (+20) , \OT1/cmr/m/it/8 (+20) Zfp35
2\OT1/cmr/m/n/8 (+20) , \OT1/cmr/m/it/8 (+20) Gm8300\OT1/cmr/m/n/8 (+20) ,
 []


Underfull \hbox (badness 10000) in paragraph at lines 1172--1172
[]\OT1/cmr/m/it/8 (+20) Rtn2\OT1/cmr/m/n/8 (+20) , \OT1/cmr/m/it/8 (+20) Ebna1b
p2\OT1/cmr/m/n/8 (+20) , \OT1/cmr/m/it/8 (+20) Zfp259\OT1/cmr/m/n/8 (+20) ,
 []


Underfull \hbox (badness 10000) in paragraph at lines 1175--1176
[]\OT1/cmr/m/it/8 (+20) Timd2\OT1/cmr/m/n/8 (+20) , \OT1/cmr/m/it/8 (+20) Isyna
1\OT1/cmr/m/n/8 (+20) , \OT1/cmr/m/it/8 (+20) Alppl2\OT1/cmr/m/n/8 (+20) ,
 []


Underfull \hbox (badness 5847) in paragraph at lines 1175--1176
\OT1/cmr/m/it/8 (+20) Prame15\OT1/cmr/m/n/8 (+20) , \OT1/cmr/m/it/8 (+20) Fbxo1
5\OT1/cmr/m/n/8 (+20) , \OT1/cmr/m/it/8 (+20) Tceb1\OT1/cmr/m/n/8 (+20) ,
 []


Underfull \hbox (badness 10000) in paragraph at lines 1175--1176
\OT1/cmr/m/it/8 (+20) Gpd1l\OT1/cmr/m/n/8 (+20) , \OT1/cmr/m/it/8 (+20) Pemt\OT
1/cmr/m/n/8 (+20) , \OT1/cmr/m/it/8 (+20) Hsp90aa1\OT1/cmr/m/n/8 (+20) ,
 []


Underfull \hbox (badness 4096) in paragraph at lines 1178--1179
\OT1/cmr/m/it/8 (+20) Tat\OT1/cmr/m/n/8 (+20) , \OT1/cmr/m/it/8 (+20) Pdgfra\OT
1/cmr/m/n/8 (+20) , \OT1/cmr/m/it/8 (+20) Pyy\OT1/cmr/m/n/8 (+20) , \OT1/cmr/m/
it/8 (+20) Prdx1\OT1/cmr/m/n/8 (+20) ,
 []


Underfull \hbox (badness 5105) in paragraph at lines 1179--1180
[]\OT1/cmr/m/n/8 (+20) GO:0070062 (ex-tra-cel-lu-lar ex-o-some), GO:0043230 (ex
-tra-cel-lu-lar or-ganelle),
 []


Underfull \hbox (badness 3849) in paragraph at lines 1181--1183
[]\OT1/cmr/m/it/8 (+20) Actb\OT1/cmr/m/n/8 (+20) , \OT1/cmr/m/it/8 (+20) Krt18\
OT1/cmr/m/n/8 (+20) , \OT1/cmr/m/it/8 (+20) Fabp3\OT1/cmr/m/n/8 (+20) , \OT1/cm
r/m/it/8 (+20) Id2\OT1/cmr/m/n/8 (+20) ,
 []


Overfull \hbox (3.47871pt too wide) in paragraph at lines 1163--1186
 [] 
 []

Package epstopdf Info: Source file: <PLOS-submission.eps>
(epstopdf)                    date: 2016-09-21 09:10:43
(epstopdf)                    size: 283246 bytes
(epstopdf)             Output file: <PLOS-submission-eps-converted-to.pdf>
(epstopdf)                    date: 2016-09-21 09:10:43
(epstopdf)                    size: 15452 bytes
(epstopdf)             Command: <epstopdf --outfile=PLOS-submission-eps-convert
ed-to.pdf PLOS-submission.eps>
(epstopdf)             \includegraphics on input line 1189.
Package epstopdf Info: Output file is already uptodate.
File: PLOS-submission-eps-converted-to.pdf Graphic file (type pdf)
<use PLOS-submission-eps-converted-to.pdf>
Package pdftex.def Info: PLOS-submission-eps-converted-to.pdf used on input lin
e 1189.
(pdftex.def)             Requested size: 144.54pt x 23.42201pt.
 [20]
Package epstopdf Info: Source file: <PLOS-submission.eps>
(epstopdf)                    date: 2016-09-21 09:10:43
(epstopdf)                    size: 283246 bytes
(epstopdf)             Output file: <PLOS-submission-eps-converted-to.pdf>
(epstopdf)                    date: 2016-09-21 09:10:43
(epstopdf)                    size: 15452 bytes
(epstopdf)             Command: <epstopdf --outfile=PLOS-submission-eps-convert
ed-to.pdf PLOS-submission.eps>
(epstopdf)             \includegraphics on input line 1189.
Package epstopdf Info: Output file is already uptodate.
File: PLOS-submission-eps-converted-to.pdf Graphic file (type pdf)

<use PLOS-submission-eps-converted-to.pdf>
Package pdftex.def Info: PLOS-submission-eps-converted-to.pdf used on input lin
e 1189.
(pdftex.def)             Requested size: 144.54pt x 23.42201pt.
 [21]
<../plots/gtex-figures/gtex-k20-05-01-2016.pdf, id=374, 770.88pt x 1027.84pt>
File: ../plots/gtex-figures/gtex-k20-05-01-2016.pdf Graphic file (type pdf)

<use ../plots/gtex-figures/gtex-k20-05-01-2016.pdf>
Package pdftex.def Info: ../plots/gtex-figures/gtex-k20-05-01-2016.pdf used on 
input line 1193.
(pdftex.def)             Requested size: 397.48402pt x 505.88876pt.

Overfull \hbox (18.06653pt too wide) in paragraph at lines 1193--1194
[][] 
 []

<../plots/hierarchy_F_thin_0_1.png, id=375, 481.8pt x 481.8pt>
File: ../plots/hierarchy_F_thin_0_1.png Graphic file (type png)

<use ../plots/hierarchy_F_thin_0_1.png>
Package pdftex.def Info: ../plots/hierarchy_F_thin_0_1.png used on input line 1
203.
(pdftex.def)             Requested size: 252.94142pt x 252.94499pt.

Overfull \hbox (63.23268pt too wide) in paragraph at lines 1203--1204
 [][] 
 []

<../plots/admixture_F_thin_0_1.png, id=377, 481.8pt x 481.8pt>
File: ../plots/admixture_F_thin_0_1.png Graphic file (type png)

<use ../plots/admixture_F_thin_0_1.png>
Package pdftex.def Info: ../plots/admixture_F_thin_0_1.png used on input line 1
209.
(pdftex.def)             Requested size: 252.94142pt x 252.94499pt.

Overfull \hbox (63.23268pt too wide) in paragraph at lines 1209--1210
 [][] 
 []


Overfull \hbox (4.44441pt too wide) in paragraph at lines 1201--1211
 [][]  [] 
 []


LaTeX Warning: `!h' float specifier changed to `!ht'.

<../plots/jaitin-figures/jaitin-main2.pdf, id=378, 794.97pt x 614.295pt>
File: ../plots/jaitin-figures/jaitin-main2.pdf Graphic file (type pdf)

<use ../plots/jaitin-figures/jaitin-main2.pdf>
Package pdftex.def Info: ../plots/jaitin-figures/jaitin-main2.pdf used on input
 line 1219.
(pdftex.def)             Requested size: 397.49615pt x 433.62169pt.

Overfull \hbox (18.07866pt too wide) in paragraph at lines 1219--1220
 [][] 
 []


LaTeX Warning: `!h' float specifier changed to `!ht'.

<../plots/deng-figures/deng-main-v4.pdf, id=380, 770.88pt x 1027.84pt>
File: ../plots/deng-figures/deng-main-v4.pdf Graphic file (type pdf)

<use ../plots/deng-figures/deng-main-v4.pdf>
Package pdftex.def Info: ../plots/deng-figures/deng-main-v4.pdf used on input l
ine 1227.
(pdftex.def)             Requested size: 397.48402pt x 505.88876pt.

Overfull \hbox (18.06653pt too wide) in paragraph at lines 1227--1231
 [][] 
 []


LaTeX Warning: `!h' float specifier changed to `!ht'.


AED: lastpage setting LastPage
Package epstopdf Info: Source file: <PLOS-submission.eps>
(epstopdf)                    date: 2016-09-21 09:10:43
(epstopdf)                    size: 283246 bytes
(epstopdf)             Output file: <PLOS-submission-eps-converted-to.pdf>
(epstopdf)                    date: 2016-09-21 09:10:43
(epstopdf)                    size: 15452 bytes
(epstopdf)             Command: <epstopdf --outfile=PLOS-submission-eps-convert
ed-to.pdf PLOS-submission.eps>
(epstopdf)             \includegraphics on input line 1247.
Package epstopdf Info: Output file is already uptodate.
File: PLOS-submission-eps-converted-to.pdf Graphic file (type pdf)
<use PLOS-submission-eps-converted-to.pdf>
Package pdftex.def Info: PLOS-submission-eps-converted-to.pdf used on input lin
e 1247.
(pdftex.def)             Requested size: 144.54pt x 23.42201pt.
 [22


 <../plots/gtex-figures/gtex-k20-05-01-2016.pdf>]
Package epstopdf Info: Source file: <PLOS-submission.eps>
(epstopdf)                    date: 2016-09-21 09:10:43
(epstopdf)                    size: 283246 bytes
(epstopdf)             Output file: <PLOS-submission-eps-converted-to.pdf>
(epstopdf)                    date: 2016-09-21 09:10:43
(epstopdf)                    size: 15452 bytes
(epstopdf)             Command: <epstopdf --outfile=PLOS-submission-eps-convert
ed-to.pdf PLOS-submission.eps>
(epstopdf)             \includegraphics on input line 1247.
Package epstopdf Info: Output file is already uptodate.
File: PLOS-submission-eps-converted-to.pdf Graphic file (type pdf)
 <use PLOS-submission-eps-converted-to.pdf>
Package pdftex.def Info: PLOS-submission-eps-converted-to.pdf used on input lin
e 1247.
(pdftex.def)             Requested size: 144.54pt x 23.42201pt.
 [23 <../plots/hierarchy_F_thin_0_1.png> <../plots/admixture_F_thin_0_1.png>]
Package epstopdf Info: Source file: <PLOS-submission.eps>
(epstopdf)                    date: 2016-09-21 09:10:43
(epstopdf)                    size: 283246 bytes
(epstopdf)             Output file: <PLOS-submission-eps-converted-to.pdf>
(epstopdf)                    date: 2016-09-21 09:10:43
(epstopdf)                    size: 15452 bytes
(epstopdf)             Command: <epstopdf --outfile=PLOS-submission-eps-convert
ed-to.pdf PLOS-submission.eps>
(epstopdf)             \includegraphics on input line 1247.
Package epstopdf Info: Output file is already uptodate.
File: PLOS-submission-eps-converted-to.pdf Graphic file (type pdf)

<use PLOS-submission-eps-converted-to.pdf>
Package pdftex.def Info: PLOS-submission-eps-converted-to.pdf used on input lin
e 1247.
(pdftex.def)             Requested size: 144.54pt x 23.42201pt.
 [24 <../plots/jaitin-figures/jaitin-main2.pdf>]
Package epstopdf Info: Source file: <PLOS-submission.eps>
(epstopdf)                    date: 2016-09-21 09:10:43
(epstopdf)                    size: 283246 bytes
(epstopdf)             Output file: <PLOS-submission-eps-converted-to.pdf>
(epstopdf)                    date: 2016-09-21 09:10:43
(epstopdf)                    size: 15452 bytes
(epstopdf)             Command: <epstopdf --outfile=PLOS-submission-eps-convert
ed-to.pdf PLOS-submission.eps>
(epstopdf)             \includegraphics on input line 1247.
Package epstopdf Info: Output file is already uptodate.
File: PLOS-submission-eps-converted-to.pdf Graphic file (type pdf)
 <use PLOS-submission-eps-converted-to.pdf>
Package pdftex.def Info: PLOS-submission-eps-converted-to.pdf used on input lin
e 1247.
(pdftex.def)             Requested size: 144.54pt x 23.42201pt.
 [25 <../plots/deng-figures/deng-main-v4.pdf>]
Package atveryend Info: Empty hook `BeforeClearDocument' on input line 1247.
Package atveryend Info: Empty hook `AfterLastShipout' on input line 1247.
 (./manuscript-plos-gen-rev-1round.aux)
Package atveryend Info: Executing hook `AtVeryEndDocument' on input line 1247.
Package atveryend Info: Executing hook `AtEndAfterFileList' on input line 1247.

Package rerunfilecheck Info: File `manuscript-plos-gen-rev-1round.out' has not 
changed.
(rerunfilecheck)             Checksum: D41D8CD98F00B204E9800998ECF8427E;0.


LaTeX Warning: There were undefined references.


LaTeX Warning: There were multiply-defined labels.

Package atveryend Info: Empty hook `AtVeryVeryEnd' on input line 1247.
 ) 
Here is how much of TeX's memory you used:
 11109 strings out of 493089
 169084 string characters out of 6134842
 318724 words of memory out of 5000000
 14119 multiletter control sequences out of 15000+600000
 16988 words of font info for 120 fonts, out of 8000000 for 9000
 1141 hyphenation exceptions out of 8191
 38i,16n,43p,1606b,503s stack positions out of 5000i,500n,10000p,200000b,80000s
</usr/local/texlive/2015/texmf-dist/fonts/type1/public/amsfonts/cm/cmbx10.pfb
></usr/local/texlive/2015/texmf-dist/fonts/type1/public/amsfonts/cm/cmbx12.pfb>
</usr/local/texlive/2015/texmf-dist/fonts/type1/public/amsfonts/cm/cmbx9.pfb></
usr/local/texlive/2015/texmf-dist/fonts/type1/public/amsfonts/cm/cmex10.pfb></u
sr/local/texlive/2015/texmf-dist/fonts/type1/public/amsfonts/cm/cmmi10.pfb></us
r/local/texlive/2015/texmf-dist/fonts/type1/public/amsfonts/cm/cmmi7.pfb></usr/
local/texlive/2015/texmf-dist/fonts/type1/public/amsfonts/cm/cmmi8.pfb></usr/lo
cal/texlive/2015/texmf-dist/fonts/type1/public/amsfonts/cm/cmr10.pfb></usr/loca
l/texlive/2015/texmf-dist/fonts/type1/public/amsfonts/cm/cmr12.pfb></usr/local/
texlive/2015/texmf-dist/fonts/type1/public/amsfonts/cm/cmr7.pfb></usr/local/tex
live/2015/texmf-dist/fonts/type1/public/amsfonts/cm/cmr8.pfb></usr/local/texliv
e/2015/texmf-dist/fonts/type1/public/amsfonts/cm/cmr9.pfb></usr/local/texlive/2
015/texmf-dist/fonts/type1/public/amsfonts/cm/cmss10.pfb></usr/local/texlive/20
15/texmf-dist/fonts/type1/public/amsfonts/cm/cmss8.pfb></usr/local/texlive/2015
/texmf-dist/fonts/type1/public/amsfonts/cm/cmsy10.pfb></usr/local/texlive/2015/
texmf-dist/fonts/type1/public/amsfonts/cm/cmsy7.pfb></usr/local/texlive/2015/te
xmf-dist/fonts/type1/public/amsfonts/cm/cmti10.pfb></usr/local/texlive/2015/tex
mf-dist/fonts/type1/public/amsfonts/cm/cmti8.pfb></usr/local/texlive/2015/texmf
-dist/fonts/type1/public/amsfonts/cm/cmtt10.pfb>
Output written on manuscript-plos-gen-rev-1round.pdf (25 pages, 1128818 bytes).

PDF statistics:
 644 PDF objects out of 1000 (max. 8388607)
 539 compressed objects within 6 object streams
 139 named destinations out of 1000 (max. 500000)
 19487 words of extra memory for PDF output out of 20736 (max. 10000000)

