This is pdfTeX, Version 3.14159265-2.6-1.40.15 (TeX Live 2014) (preloaded format=pdflatex 2014.5.25)  6 OCT 2015 14:04
entering extended mode
 restricted \write18 enabled.
 file:line:error style messages enabled.
 %&-line parsing enabled.
**figures.tex
(./figures.tex
LaTeX2e <2014/05/01>
Babel <3.9k> and hyphenation patterns for 78 languages loaded.

./figures.tex:2: LaTeX Error: Environment figure* undefined.

See the LaTeX manual or LaTeX Companion for explanation.
Type  H <return>  for immediate help.
 ...                                              
                                                  
l.2 \begin{figure*}
                   [ht]
? 
./figures.tex:2: Emergency stop.
 ...                                              
                                                  
l.2 \begin{figure*}
                   [ht]
Your command was ignored.
Type  I <command> <return>  to replace it with another command,
or  <return>  to continue without it.

 
Here is how much of TeX's memory you used:
 7 strings out of 493117
 272 string characters out of 6135433
 52909 words of memory out of 5000000
 3569 multiletter control sequences out of 15000+600000
 3640 words of font info for 14 fonts, out of 8000000 for 9000
 1141 hyphenation exceptions out of 8191
 5i,0n,4p,41b,16s stack positions out of 5000i,500n,10000p,200000b,80000s
./figures.tex:2:  ==> Fatal error occurred, no output PDF file produced!
