This is pdfTeX, Version 3.14159265-2.6-1.40.15 (TeX Live 2014) (preloaded format=pdflatex 2014.5.25)  15 JAN 2016 15:45
entering extended mode
 restricted \write18 enabled.
 file:line:error style messages enabled.
 %&-line parsing enabled.
**main.tex
(./main.tex
LaTeX2e <2014/05/01>
Babel <3.9k> and hyphenation patterns for 78 languages loaded.
(/usr/local/texlive/2014/texmf-dist/tex/latex/base/article.cls
Document Class: article 2007/10/19 v1.4h Standard LaTeX document class
(/usr/local/texlive/2014/texmf-dist/tex/latex/base/size11.clo
File: size11.clo 2007/10/19 v1.4h Standard LaTeX file (size option)
)
\c@part=\count79
\c@section=\count80
\c@subsection=\count81
\c@subsubsection=\count82
\c@paragraph=\count83
\c@subparagraph=\count84
\c@figure=\count85
\c@table=\count86
\abovecaptionskip=\skip41
\belowcaptionskip=\skip42
\bibindent=\dimen102
) (./header.tex
(/usr/local/texlive/2014/texmf-dist/tex/latex/amsmath/amsmath.sty
Package: amsmath 2013/01/14 v2.14 AMS math features
\@mathmargin=\skip43

For additional information on amsmath, use the `?' option.
(/usr/local/texlive/2014/texmf-dist/tex/latex/amsmath/amstext.sty
Package: amstext 2000/06/29 v2.01

(/usr/local/texlive/2014/texmf-dist/tex/latex/amsmath/amsgen.sty
File: amsgen.sty 1999/11/30 v2.0
\@emptytoks=\toks14
\ex@=\dimen103
))
(/usr/local/texlive/2014/texmf-dist/tex/latex/amsmath/amsbsy.sty
Package: amsbsy 1999/11/29 v1.2d
\pmbraise@=\dimen104
)
(/usr/local/texlive/2014/texmf-dist/tex/latex/amsmath/amsopn.sty
Package: amsopn 1999/12/14 v2.01 operator names
)
\inf@bad=\count87
LaTeX Info: Redefining \frac on input line 210.
\uproot@=\count88
\leftroot@=\count89
LaTeX Info: Redefining \overline on input line 306.
\classnum@=\count90
\DOTSCASE@=\count91
LaTeX Info: Redefining \ldots on input line 378.
LaTeX Info: Redefining \dots on input line 381.
LaTeX Info: Redefining \cdots on input line 466.
\Mathstrutbox@=\box26
\strutbox@=\box27
\big@size=\dimen105
LaTeX Font Info:    Redeclaring font encoding OML on input line 566.
LaTeX Font Info:    Redeclaring font encoding OMS on input line 567.
\macc@depth=\count92
\c@MaxMatrixCols=\count93
\dotsspace@=\muskip10
\c@parentequation=\count94
\dspbrk@lvl=\count95
\tag@help=\toks15
\row@=\count96
\column@=\count97
\maxfields@=\count98
\andhelp@=\toks16
\eqnshift@=\dimen106
\alignsep@=\dimen107
\tagshift@=\dimen108
\tagwidth@=\dimen109
\totwidth@=\dimen110
\lineht@=\dimen111
\@envbody=\toks17
\multlinegap=\skip44
\multlinetaggap=\skip45
\mathdisplay@stack=\toks18
LaTeX Info: Redefining \[ on input line 2665.
LaTeX Info: Redefining \] on input line 2666.
)
(/usr/local/texlive/2014/texmf-dist/tex/latex/amsfonts/amssymb.sty
Package: amssymb 2013/01/14 v3.01 AMS font symbols

(/usr/local/texlive/2014/texmf-dist/tex/latex/amsfonts/amsfonts.sty
Package: amsfonts 2013/01/14 v3.01 Basic AMSFonts support
\symAMSa=\mathgroup4
\symAMSb=\mathgroup5
LaTeX Font Info:    Overwriting math alphabet `\mathfrak' in version `bold'
(Font)                  U/euf/m/n --> U/euf/b/n on input line 106.
))
(/usr/local/texlive/2014/texmf-dist/tex/latex/booktabs/booktabs.sty
Package: booktabs 2005/04/14 v1.61803 publication quality tables
\heavyrulewidth=\dimen112
\lightrulewidth=\dimen113
\cmidrulewidth=\dimen114
\belowrulesep=\dimen115
\belowbottomsep=\dimen116
\aboverulesep=\dimen117
\abovetopsep=\dimen118
\cmidrulesep=\dimen119
\cmidrulekern=\dimen120
\defaultaddspace=\dimen121
\@cmidla=\count99
\@cmidlb=\count100
\@aboverulesep=\dimen122
\@belowrulesep=\dimen123
\@thisruleclass=\count101
\@lastruleclass=\count102
\@thisrulewidth=\dimen124
)
(/usr/local/texlive/2014/texmf-dist/tex/latex/tools/xspace.sty
Package: xspace 2009/10/20 v1.13 Space after command names (DPC,MH)
)
(/usr/local/texlive/2014/texmf-dist/tex/latex/hyperref/hyperref.sty
Package: hyperref 2012/11/06 v6.83m Hypertext links for LaTeX

(/usr/local/texlive/2014/texmf-dist/tex/generic/oberdiek/hobsub-hyperref.sty
Package: hobsub-hyperref 2012/05/28 v1.13 Bundle oberdiek, subset hyperref (HO)


(/usr/local/texlive/2014/texmf-dist/tex/generic/oberdiek/hobsub-generic.sty
Package: hobsub-generic 2012/05/28 v1.13 Bundle oberdiek, subset generic (HO)
Package: hobsub 2012/05/28 v1.13 Construct package bundles (HO)
Package: infwarerr 2010/04/08 v1.3 Providing info/warning/error messages (HO)
Package: ltxcmds 2011/11/09 v1.22 LaTeX kernel commands for general use (HO)
Package: ifluatex 2010/03/01 v1.3 Provides the ifluatex switch (HO)
Package ifluatex Info: LuaTeX not detected.
Package: ifvtex 2010/03/01 v1.5 Detect VTeX and its facilities (HO)
Package ifvtex Info: VTeX not detected.
Package: intcalc 2007/09/27 v1.1 Expandable calculations with integers (HO)
Package: ifpdf 2011/01/30 v2.3 Provides the ifpdf switch (HO)
Package ifpdf Info: pdfTeX in PDF mode is detected.
Package: etexcmds 2011/02/16 v1.5 Avoid name clashes with e-TeX commands (HO)
Package etexcmds Info: Could not find \expanded.
(etexcmds)             That can mean that you are not using pdfTeX 1.50 or
(etexcmds)             that some package has redefined \expanded.
(etexcmds)             In the latter case, load this package earlier.
Package: kvsetkeys 2012/04/25 v1.16 Key value parser (HO)
Package: kvdefinekeys 2011/04/07 v1.3 Define keys (HO)
Package: pdftexcmds 2011/11/29 v0.20 Utility functions of pdfTeX for LuaTeX (HO
)
Package pdftexcmds Info: LuaTeX not detected.
Package pdftexcmds Info: \pdf@primitive is available.
Package pdftexcmds Info: \pdf@ifprimitive is available.
Package pdftexcmds Info: \pdfdraftmode found.
Package: pdfescape 2011/11/25 v1.13 Implements pdfTeX's escape features (HO)
Package: bigintcalc 2012/04/08 v1.3 Expandable calculations on big integers (HO
)
Package: bitset 2011/01/30 v1.1 Handle bit-vector datatype (HO)
Package: uniquecounter 2011/01/30 v1.2 Provide unlimited unique counter (HO)
)
Package hobsub Info: Skipping package `hobsub' (already loaded).
Package: letltxmacro 2010/09/02 v1.4 Let assignment for LaTeX macros (HO)
Package: hopatch 2012/05/28 v1.2 Wrapper for package hooks (HO)
Package: xcolor-patch 2011/01/30 xcolor patch
Package: atveryend 2011/06/30 v1.8 Hooks at the very end of document (HO)
Package atveryend Info: \enddocument detected (standard20110627).
Package: atbegshi 2011/10/05 v1.16 At begin shipout hook (HO)
Package: refcount 2011/10/16 v3.4 Data extraction from label references (HO)
Package: hycolor 2011/01/30 v1.7 Color options for hyperref/bookmark (HO)
)
(/usr/local/texlive/2014/texmf-dist/tex/latex/graphics/keyval.sty
Package: keyval 2014/05/08 v1.15 key=value parser (DPC)
\KV@toks@=\toks19
)
(/usr/local/texlive/2014/texmf-dist/tex/generic/ifxetex/ifxetex.sty
Package: ifxetex 2010/09/12 v0.6 Provides ifxetex conditional
)
(/usr/local/texlive/2014/texmf-dist/tex/latex/oberdiek/auxhook.sty
Package: auxhook 2011/03/04 v1.3 Hooks for auxiliary files (HO)
)
(/usr/local/texlive/2014/texmf-dist/tex/latex/oberdiek/kvoptions.sty
Package: kvoptions 2011/06/30 v3.11 Key value format for package options (HO)
)
\@linkdim=\dimen125
\Hy@linkcounter=\count103
\Hy@pagecounter=\count104

(/usr/local/texlive/2014/texmf-dist/tex/latex/hyperref/pd1enc.def
File: pd1enc.def 2012/11/06 v6.83m Hyperref: PDFDocEncoding definition (HO)
)
\Hy@SavedSpaceFactor=\count105

(/usr/local/texlive/2014/texmf-dist/tex/latex/latexconfig/hyperref.cfg
File: hyperref.cfg 2002/06/06 v1.2 hyperref configuration of TeXLive
)
Package hyperref Info: Hyper figures OFF on input line 4443.
Package hyperref Info: Link nesting OFF on input line 4448.
Package hyperref Info: Hyper index ON on input line 4451.
Package hyperref Info: Plain pages OFF on input line 4458.
Package hyperref Info: Backreferencing OFF on input line 4463.
Package hyperref Info: Implicit mode ON; LaTeX internals redefined.
Package hyperref Info: Bookmarks ON on input line 4688.
\c@Hy@tempcnt=\count106

(/usr/local/texlive/2014/texmf-dist/tex/latex/url/url.sty
\Urlmuskip=\muskip11
Package: url 2013/09/16  ver 3.4  Verb mode for urls, etc.
)
LaTeX Info: Redefining \url on input line 5041.
\XeTeXLinkMargin=\dimen126
\Fld@menulength=\count107
\Field@Width=\dimen127
\Fld@charsize=\dimen128
Package hyperref Info: Hyper figures OFF on input line 6295.
Package hyperref Info: Link nesting OFF on input line 6300.
Package hyperref Info: Hyper index ON on input line 6303.
Package hyperref Info: backreferencing OFF on input line 6310.
Package hyperref Info: Link coloring OFF on input line 6315.
Package hyperref Info: Link coloring with OCG OFF on input line 6320.
Package hyperref Info: PDF/A mode OFF on input line 6325.
LaTeX Info: Redefining \ref on input line 6365.
LaTeX Info: Redefining \pageref on input line 6369.
\Hy@abspage=\count108
\c@Item=\count109
\c@Hfootnote=\count110
)

Package hyperref Message: Driver (autodetected): hpdftex.

(/usr/local/texlive/2014/texmf-dist/tex/latex/hyperref/hpdftex.def
File: hpdftex.def 2012/11/06 v6.83m Hyperref driver for pdfTeX
\Fld@listcount=\count111
\c@bookmark@seq@number=\count112

(/usr/local/texlive/2014/texmf-dist/tex/latex/oberdiek/rerunfilecheck.sty
Package: rerunfilecheck 2011/04/15 v1.7 Rerun checks for auxiliary files (HO)
Package uniquecounter Info: New unique counter `rerunfilecheck' on input line 2
82.
)
\Hy@SectionHShift=\skip46
)
(/usr/local/texlive/2014/texmf-dist/tex/latex/graphics/graphicx.sty
Package: graphicx 2014/04/25 v1.0g Enhanced LaTeX Graphics (DPC,SPQR)

(/usr/local/texlive/2014/texmf-dist/tex/latex/graphics/graphics.sty
Package: graphics 2009/02/05 v1.0o Standard LaTeX Graphics (DPC,SPQR)

(/usr/local/texlive/2014/texmf-dist/tex/latex/graphics/trig.sty
Package: trig 1999/03/16 v1.09 sin cos tan (DPC)
)
(/usr/local/texlive/2014/texmf-dist/tex/latex/latexconfig/graphics.cfg
File: graphics.cfg 2010/04/23 v1.9 graphics configuration of TeX Live
)
Package graphics Info: Driver file: pdftex.def on input line 91.

(/usr/local/texlive/2014/texmf-dist/tex/latex/pdftex-def/pdftex.def
File: pdftex.def 2011/05/27 v0.06d Graphics/color for pdfTeX
\Gread@gobject=\count113
))
\Gin@req@height=\dimen129
\Gin@req@width=\dimen130
)
(/usr/local/texlive/2014/texmf-dist/tex/latex/cite/cite.sty
LaTeX Info: Redefining \cite on input line 302.
LaTeX Info: Redefining \nocite on input line 373.
Package: cite 2010/09/10  v 5.3
)
(/usr/local/texlive/2014/texmf-dist/tex/latex/caption/caption.sty
Package: caption 2013/05/02 v3.3-89 Customizing captions (AR)

(/usr/local/texlive/2014/texmf-dist/tex/latex/caption/caption3.sty
Package: caption3 2013/05/02 v1.6-88 caption3 kernel (AR)
Package caption3 Info: TeX engine: e-TeX on input line 57.
\captionmargin=\dimen131
\captionmargin@=\dimen132
\captionwidth=\dimen133
\caption@tempdima=\dimen134
\caption@indent=\dimen135
\caption@parindent=\dimen136
\caption@hangindent=\dimen137
)
\c@ContinuedFloat=\count114
Package caption Info: hyperref package is loaded.
)
(/usr/local/texlive/2014/texmf-dist/tex/latex/caption/subcaption.sty
Package: subcaption 2013/02/03 v1.1-62 Sub-captions (AR)
\c@subfigure=\count115
\c@subtable=\count116
)
(/usr/local/texlive/2014/texmf-dist/tex/latex/graphics/color.sty
Package: color 2014/04/23 v1.1a Standard LaTeX Color (DPC)

(/usr/local/texlive/2014/texmf-dist/tex/latex/latexconfig/color.cfg
File: color.cfg 2007/01/18 v1.5 color configuration of teTeX/TeXLive
)
Package color Info: Driver file: pdftex.def on input line 137.
)
(/usr/local/texlive/2014/texmf-dist/tex/latex/tools/enumerate.sty
Package: enumerate 1999/03/05 v3.00 enumerate extensions (DPC)
\@enLab=\toks20
)
(/usr/local/texlive/2014/texmf-dist/tex/latex/multirow/multirow.sty
\bigstrutjot=\dimen138
)
(/usr/local/texlive/2014/texmf-dist/tex/latex/tools/xr.sty
Package: xr 1994/05/28 v5.02 eXternal References (DPC)
)
\c@algorithm=\count117
\c@proposition=\count118
\c@restateproposition=\count119
\c@lemma=\count120
\c@corollary=\count121
\c@result=\count122
\c@note=\count123
)
\c@definition=\count124
 (./main.aux

LaTeX Warning: Label `Thompson2014' multiply defined.

)
\openout1 = `main.aux'.

LaTeX Font Info:    Checking defaults for OML/cmm/m/it on input line 3.
LaTeX Font Info:    ... okay on input line 3.
LaTeX Font Info:    Checking defaults for T1/cmr/m/n on input line 3.
LaTeX Font Info:    ... okay on input line 3.
LaTeX Font Info:    Checking defaults for OT1/cmr/m/n on input line 3.
LaTeX Font Info:    ... okay on input line 3.
LaTeX Font Info:    Checking defaults for OMS/cmsy/m/n on input line 3.
LaTeX Font Info:    ... okay on input line 3.
LaTeX Font Info:    Checking defaults for OMX/cmex/m/n on input line 3.
LaTeX Font Info:    ... okay on input line 3.
LaTeX Font Info:    Checking defaults for U/cmr/m/n on input line 3.
LaTeX Font Info:    ... okay on input line 3.
LaTeX Font Info:    Checking defaults for PD1/pdf/m/n on input line 3.
LaTeX Font Info:    ... okay on input line 3.
\AtBeginShipoutBox=\box28
Package hyperref Info: Link coloring OFF on input line 3.
 (/usr/local/texlive/2014/texmf-dist/tex/latex/hyperref/nameref.sty
Package: nameref 2012/10/27 v2.43 Cross-referencing by name of section

(/usr/local/texlive/2014/texmf-dist/tex/generic/oberdiek/gettitlestring.sty
Package: gettitlestring 2010/12/03 v1.4 Cleanup title references (HO)
)
\c@section@level=\count125
)
LaTeX Info: Redefining \ref on input line 3.
LaTeX Info: Redefining \pageref on input line 3.
LaTeX Info: Redefining \nameref on input line 3.

(./main.out) (./main.out)
\@outlinefile=\write3
\openout3 = `main.out'.


(/usr/local/texlive/2014/texmf-dist/tex/context/base/supp-pdf.mkii
[Loading MPS to PDF converter (version 2006.09.02).]
\scratchcounter=\count126
\scratchdimen=\dimen139
\scratchbox=\box29
\nofMPsegments=\count127
\nofMParguments=\count128
\everyMPshowfont=\toks21
\MPscratchCnt=\count129
\MPscratchDim=\dimen140
\MPnumerator=\count130
\makeMPintoPDFobject=\count131
\everyMPtoPDFconversion=\toks22
) (/usr/local/texlive/2014/texmf-dist/tex/latex/oberdiek/epstopdf-base.sty
Package: epstopdf-base 2010/02/09 v2.5 Base part for package epstopdf

(/usr/local/texlive/2014/texmf-dist/tex/latex/oberdiek/grfext.sty
Package: grfext 2010/08/19 v1.1 Manage graphics extensions (HO)
)
Package grfext Info: Graphics extension search list:
(grfext)             [.png,.pdf,.jpg,.mps,.jpeg,.jbig2,.jb2,.PNG,.PDF,.JPG,.JPE
G,.JBIG2,.JB2,.eps]
(grfext)             \AppendGraphicsExtensions on input line 452.

(/usr/local/texlive/2014/texmf-dist/tex/latex/latexconfig/epstopdf-sys.cfg
File: epstopdf-sys.cfg 2010/07/13 v1.3 Configuration of (r)epstopdf for TeX Liv
e
))
Package caption Info: Begin \AtBeginDocument code.
Package caption Info: End \AtBeginDocument code.

(./outline.tex
LaTeX Font Info:    Try loading font information for U+msa on input line 5.
 (/usr/local/texlive/2014/texmf-dist/tex/latex/amsfonts/umsa.fd
File: umsa.fd 2013/01/14 v3.01 AMS symbols A
)
LaTeX Font Info:    Try loading font information for U+msb on input line 5.

(/usr/local/texlive/2014/texmf-dist/tex/latex/amsfonts/umsb.fd
File: umsb.fd 2013/01/14 v3.01 AMS symbols B
)
Underfull \hbox (badness 10000) in paragraph at lines 12--13

 []


Underfull \hbox (badness 10000) in paragraph at lines 14--15

 []


Underfull \hbox (badness 10000) in paragraph at lines 16--17

 []

[1

{/usr/local/texlive/2014/texmf-var/fonts/map/pdftex/updmap/pdftex.map}])
(./methods.tex
Underfull \hbox (badness 10000) in paragraph at lines 21--22

 []

[2]
Underfull \hbox (badness 10000) in paragraph at lines 31--32

 []


Underfull \hbox (badness 10000) in paragraph at lines 44--46

 []

[3]
Underfull \hbox (badness 10000) in paragraph at lines 59--60

 []

) (./results.tex
Underfull \hbox (badness 10000) in paragraph at lines 27--28

 []


Underfull \hbox (badness 10000) in paragraph at lines 29--30

 []


Underfull \hbox (badness 10000) in paragraph at lines 31--32

 []

[4]

Package caption Warning: \label without proper \caption on input line 39.
See the caption package documentation for explanation.


LaTeX Warning: Reference `tab:tab1' on page 5 undefined on input line 33.


Package caption Warning: \label without proper \caption on input line 39.
See the caption package documentation for explanation.


LaTeX Warning: Reference `tab:tab1' on page 5 undefined on input line 33.


Underfull \hbox (badness 10000) in paragraph at lines 33--34

 []


Underfull \hbox (badness 10000) in paragraph at lines 37--38

 []


Underfull \hbox (badness 10000) in paragraph at lines 43--44

 []

[5]
Underfull \hbox (badness 10000) in paragraph at lines 45--46

 []


Underfull \hbox (badness 10000) in paragraph at lines 49--50

 []

Missing character: There is no × in font cmr10!

Underfull \hbox (badness 10000) in paragraph at lines 57--58

 []

) (./discussion.tex
Underfull \hbox (badness 10000) in paragraph at lines 3--4

 []

[6]
Underfull \hbox (badness 10000) in paragraph at lines 9--10

 []


Underfull \hbox (badness 10000) in paragraph at lines 11--12

 []

) (./references.tex
Missing character: There is no ñ in font cmr10!
Missing character: There is no ö in font cmr10!
Missing character: There is no é in font cmr10!
Missing character: There is no ç in font cmr10!
 [7]
Missing character: There is no é in font cmr10!
Missing character: There is no ü in font cmr10!
 [8]
Underfull \hbox (badness 2359) in paragraph at lines 147--150
[]\OT1/cmr/m/n/10.95 Flutre T, Wen X, Pritchard J and Stephens M. \OT1/cmr/m/it
/10.95 A Sta-tis-ti-cal Frame-work for
 []


Underfull \hbox (badness 3612) in paragraph at lines 147--150
\OT1/cmr/m/it/10.95 Joint eQTL Anal-y-sis in Mul-ti-ple Tis-sues \OT1/cmr/m/n/1
0.95 PLoS Genet 2013, 9(5): e1003486.
 []

) (./figures.tex <../plots/fig1_paper/fig1.pdf, id=174, 1027.84pt x 770.88pt>
File: ../plots/fig1_paper/fig1.pdf Graphic file (type pdf)

<use ../plots/fig1_paper/fig1.pdf>
Package pdftex.def Info: ../plots/fig1_paper/fig1.pdf used on input line 10.
(pdftex.def)             Requested size: 469.75385pt x 361.34912pt.

Overfull \hbox (14.50977pt too wide) in paragraph at lines 10--11
 [][]
 []

<../plots/hierarchy_F_thin_0_1.png, id=175, 481.8pt x 481.8pt>
File: ../plots/hierarchy_F_thin_0_1.png Graphic file (type png)

<use ../plots/hierarchy_F_thin_0_1.png>
Package pdftex.def Info: ../plots/hierarchy_F_thin_0_1.png used on input line 3
4.
(pdftex.def)             Requested size: 180.67455pt x 180.67499pt.

<../plots/admixture_F_thin_0_1.png, id=177, 481.8pt x 481.8pt>
File: ../plots/admixture_F_thin_0_1.png Graphic file (type png)

<use ../plots/admixture_F_thin_0_1.png>
Package pdftex.def Info: ../plots/admixture_F_thin_0_1.png used on input line 4
0.
(pdftex.def)             Requested size: 180.67455pt x 180.67499pt.

Overfull \hbox (4.86667pt too wide) in paragraph at lines 32--42
 [][]  [] 
 []

<../plots/Jaitin_struct_clus_7_amp_batch.png, id=178, 602.25pt x 401.5pt>
File: ../plots/Jaitin_struct_clus_7_amp_batch.png Graphic file (type png)

<use ../plots/Jaitin_struct_clus_7_amp_batch.png>
Package pdftex.def Info: ../plots/Jaitin_struct_clus_7_amp_batch.png used on in
put line 302.
(pdftex.def)             Requested size: 325.22853pt x 180.67944pt.

<../plots/deng_structure_6.png, id=179, 602.25pt x 401.5pt>
File: ../plots/deng_structure_6.png Graphic file (type png)

<use ../plots/deng_structure_6.png>
Package pdftex.def Info: ../plots/deng_structure_6.png used on input line 307.
(pdftex.def)             Requested size: 325.22853pt x 180.67944pt.
 [9pdfTeX warning (ext4): destination with the same identifier (name{cite.Thomp
son2014}) has been already used, duplicate ignored

\AtBegShi@Output ...ipout \box \AtBeginShipoutBox 
                                                  \fi \fi 
l.315  \clearpage
                 ] [10 <../plots/fig1_paper/fig1.pdf>] [11 <../plots/hierarchy_
F_thin_0_1.png> <../plots/admixture_F_thin_0_1.png>] [12 <../plots/Jaitin_struc
t_clus_7_amp_batch.png> <../plots/deng_structure_6.png>]
<../plots/hierarchy_F_thin_0_01.png, id=232, 481.8pt x 481.8pt>
File: ../plots/hierarchy_F_thin_0_01.png Graphic file (type png)

<use ../plots/hierarchy_F_thin_0_01.png>
Package pdftex.def Info: ../plots/hierarchy_F_thin_0_01.png used on input line 
323.
(pdftex.def)             Requested size: 180.67455pt x 180.67499pt.

<../plots/admixture_F_thin_0_01.png, id=233, 481.8pt x 481.8pt>
File: ../plots/admixture_F_thin_0_01.png Graphic file (type png)

<use ../plots/admixture_F_thin_0_01.png>
Package pdftex.def Info: ../plots/admixture_F_thin_0_01.png used on input line 
329.
(pdftex.def)             Requested size: 180.67455pt x 180.67499pt.

Overfull \hbox (4.86667pt too wide) in paragraph at lines 321--331
 [][]  [] 
 []

<../plots/hierarchy_F_thin_0_001.png, id=234, 481.8pt x 481.8pt>
File: ../plots/hierarchy_F_thin_0_001.png Graphic file (type png)

<use ../plots/hierarchy_F_thin_0_001.png>
Package pdftex.def Info: ../plots/hierarchy_F_thin_0_001.png used on input line
 335.
(pdftex.def)             Requested size: 180.67455pt x 180.67499pt.

<../plots/admixture_F_thin_0_001.png, id=235, 481.8pt x 481.8pt>
File: ../plots/admixture_F_thin_0_001.png Graphic file (type png)

<use ../plots/admixture_F_thin_0_001.png>
Package pdftex.def Info: ../plots/admixture_F_thin_0_001.png used on input line
 341.
(pdftex.def)             Requested size: 180.67455pt x 180.67499pt.

Overfull \hbox (4.86667pt too wide) in paragraph at lines 333--343
 [][]  [] 
 []

) (./tables.tex [13

] [14 <../plots/hierarchy_F_thin_0_01.png> <../plots/admixture_F_thin_0_01.png>
 <../plots/hierarchy_F_thin_0_001.png> <../plots/admixture_F_thin_0_001.png>]
Underfull \hbox (badness 10000) in paragraph at lines 6--6
[]\OT1/cmr/m/n/10.95 Gene
 []


Overfull \vbox (8.32002pt too high) detected at line 9
 []


Overfull \vbox (32.32002pt too high) detected at line 13
 []


Overfull \vbox (8.32002pt too high) detected at line 17
 []


Overfull \hbox (1.22621pt too wide) in paragraph at lines 19--19
[]\OT1/cmr/m/n/10 SNAP25| 
 []


Underfull \hbox (badness 10000) in paragraph at lines 19--19
[]\OT1/cmr/m/n/9 synaptosomal-associated
 []


Overfull \vbox (8.32002pt too high) detected at line 25
 []


Underfull \hbox (badness 10000) in paragraph at lines 27--27
[]\OT1/cmr/m/n/9 progastricsin (pepsino-
 []


Overfull \hbox (5.22778pt too wide) in paragraph at lines 33--33
\OT1/cmr/m/n/10 fibroblasts)|  
 []


Overfull \vbox (20.32002pt too high) detected at line 33
 []


Overfull \hbox (2.6151pt too wide) in paragraph at lines 34--34
[]\OT1/cmr/m/n/10 COL1A1| 
 []


Overfull \hbox (2.6151pt too wide) in paragraph at lines 35--35
[]\OT1/cmr/m/n/10 COL1A2| 
 []


Overfull \hbox (34.04102pt too wide) in paragraph at lines 4--38
 [] 
 []


LaTeX Warning: Float too large for page by 32.39188pt on input line 40.


Underfull \hbox (badness 10000) in paragraph at lines 82--82
[]\OT1/cmr/m/n/10.95 Gene
 []


Overfull \vbox (8.32002pt too high) detected at line 84
 []


Overfull \hbox (1.64287pt too wide) in paragraph at lines 85--85
[]\OT1/cmr/m/n/10 SFTPA2| 
 []


Overfull \hbox (1.64287pt too wide) in paragraph at lines 86--86
[]\OT1/cmr/m/n/10 SFTPA1| 
 []


Overfull \vbox (8.32002pt too high) detected at line 88
 []


Overfull \vbox (8.32002pt too high) detected at line 92
 []


Underfull \hbox (badness 10000) in paragraph at lines 99--99
[]\OT1/cmr/m/n/9 actin, al-pha, car-diac
 []


Overfull \vbox (32.32002pt too high) detected at line 101
 []


Overfull \hbox (2.81108pt too wide) in paragraph at lines 105--105
\OT1/cmr/m/n/10 (Pancreas)|  
 []


Overfull \vbox (8.32002pt too high) detected at line 105
 []


Overfull \hbox (3.8667pt too wide) in paragraph at lines 113--113
\OT1/cmr/m/n/10 (Pituitary)|  
 []


Overfull \hbox (34.04102pt too wide) in paragraph at lines 80--118
 [] 
 []


LaTeX Warning: Float too large for page by 89.59184pt on input line 119.

[15] [16]
Underfull \hbox (badness 10000) in paragraph at lines 129--129
[]\OT1/cmr/m/n/10.95 Gene
 []


Overfull \hbox (2.05952pt too wide) in paragraph at lines 131--131
[]\OT1/cmr/m/n/10 ATP1A2| 
 []


Overfull \hbox (3.72621pt too wide) in paragraph at lines 133--133
[]\OT1/cmr/m/n/10 DNAJB1| 
 []


Overfull \hbox (1.22621pt too wide) in paragraph at lines 135--135
[]\OT1/cmr/m/n/10 SNAP25| 
 []


Underfull \hbox (badness 10000) in paragraph at lines 135--135
[]\OT1/cmr/m/n/9 synaptosomal-associated
 []


Overfull \hbox (1.22623pt too wide) in paragraph at lines 141--141
[]\OT1/cmr/m/n/10 FBXL16| 
 []


Underfull \hbox (badness 3746) in paragraph at lines 141--141
[]\OT1/cmr/m/n/9 F-box and leucine-rich
 []


Underfull \hbox (badness 10000) in paragraph at lines 142--142
[]\OT1/cmr/m/n/9 ubiquitin carboxyl-
 []


Underfull \hbox (badness 10000) in paragraph at lines 146--146
[]\OT1/cmr/m/n/9 secreted pro-tein,
 []


Underfull \hbox (badness 10000) in paragraph at lines 146--146
\OT1/cmr/m/n/9 acidic, cysteine-rich
 []


Overfull \hbox (34.04102pt too wide) in paragraph at lines 127--149
 [] 
 []

)
Package atveryend Info: Empty hook `BeforeClearDocument' on input line 12.
 [17


]
Package atveryend Info: Empty hook `AfterLastShipout' on input line 12.
 (./main.aux)
Package atveryend Info: Executing hook `AtVeryEndDocument' on input line 12.
Package atveryend Info: Executing hook `AtEndAfterFileList' on input line 12.
Package rerunfilecheck Info: File `main.out' has not changed.
(rerunfilecheck)             Checksum: 31B1B7789AE51A93EF1FDD6F637B0606;590.


LaTeX Warning: There were undefined references.


LaTeX Warning: There were multiply-defined labels.

Package atveryend Info: Empty hook `AtVeryVeryEnd' on input line 12.
 ) 
Here is how much of TeX's memory you used:
 7499 strings out of 493117
 112540 string characters out of 6135433
 228298 words of memory out of 5000000
 10781 multiletter control sequences out of 15000+600000
 14693 words of font info for 57 fonts, out of 8000000 for 9000
 1141 hyphenation exceptions out of 8191
 38i,13n,38p,2361b,476s stack positions out of 5000i,500n,10000p,200000b,80000s
</usr/local/texlive/2014/texmf-dist/fonts/type1/public/amsfonts/cm/cmbx10.pfb
></usr/local/texlive/2014/texmf-dist/fonts/type1/public/amsfonts/cm/cmbx12.pfb>
</usr/local/texlive/2014/texmf-dist/fonts/type1/public/amsfonts/cm/cmex10.pfb><
/usr/local/texlive/2014/texmf-dist/fonts/type1/public/amsfonts/cm/cmmi10.pfb></
usr/local/texlive/2014/texmf-dist/fonts/type1/public/amsfonts/cm/cmmi8.pfb></us
r/local/texlive/2014/texmf-dist/fonts/type1/public/amsfonts/cm/cmr10.pfb></usr/
local/texlive/2014/texmf-dist/fonts/type1/public/amsfonts/cm/cmr12.pfb></usr/lo
cal/texlive/2014/texmf-dist/fonts/type1/public/amsfonts/cm/cmr8.pfb></usr/local
/texlive/2014/texmf-dist/fonts/type1/public/amsfonts/cm/cmr9.pfb></usr/local/te
xlive/2014/texmf-dist/fonts/type1/public/amsfonts/cm/cmsy10.pfb></usr/local/tex
live/2014/texmf-dist/fonts/type1/public/amsfonts/cm/cmsy8.pfb></usr/local/texli
ve/2014/texmf-dist/fonts/type1/public/amsfonts/cm/cmti10.pfb></usr/local/texliv
e/2014/texmf-dist/fonts/type1/public/amsfonts/cm/cmtt10.pfb>
Output written on main.pdf (17 pages, 724318 bytes).
PDF statistics:
 327 PDF objects out of 1000 (max. 8388607)
 263 compressed objects within 3 object streams
 65 named destinations out of 1000 (max. 500000)
 126 words of extra memory for PDF output out of 10000 (max. 10000000)

